[2024-03-09T00:13:12.731+0000] {processor.py:161} INFO - Started process (PID=25125) to work on /opt/airflow/dags/dag_py_op.py
[2024-03-09T00:13:12.733+0000] {processor.py:830} INFO - Processing file /opt/airflow/dags/dag_py_op.py for tasks to queue
[2024-03-09T00:13:12.735+0000] {logging_mixin.py:188} INFO - [2024-03-09T00:13:12.734+0000] {dagbag.py:540} INFO - Filling up the DagBag from /opt/airflow/dags/dag_py_op.py
[2024-03-09T00:13:12.754+0000] {processor.py:840} INFO - DAG(s) 'dag_py_op_v7' retrieved from /opt/airflow/dags/dag_py_op.py
[2024-03-09T00:13:12.789+0000] {logging_mixin.py:188} INFO - [2024-03-09T00:13:12.789+0000] {dag.py:3047} INFO - Sync 1 DAGs
[2024-03-09T00:13:12.829+0000] {logging_mixin.py:188} INFO - [2024-03-09T00:13:12.829+0000] {dag.py:3834} INFO - Setting next_dagrun for dag_py_op_v7 to 2024-03-06 00:00:00+00:00, run_after=2024-03-07 00:00:00+00:00
[2024-03-09T00:13:12.858+0000] {processor.py:183} INFO - Processing /opt/airflow/dags/dag_py_op.py took 0.130 seconds
[2024-03-09T00:13:43.325+0000] {processor.py:161} INFO - Started process (PID=25141) to work on /opt/airflow/dags/dag_py_op.py
[2024-03-09T00:13:43.327+0000] {processor.py:830} INFO - Processing file /opt/airflow/dags/dag_py_op.py for tasks to queue
[2024-03-09T00:13:43.328+0000] {logging_mixin.py:188} INFO - [2024-03-09T00:13:43.328+0000] {dagbag.py:540} INFO - Filling up the DagBag from /opt/airflow/dags/dag_py_op.py
[2024-03-09T00:13:43.348+0000] {processor.py:840} INFO - DAG(s) 'dag_py_op_v7' retrieved from /opt/airflow/dags/dag_py_op.py
[2024-03-09T00:13:43.382+0000] {logging_mixin.py:188} INFO - [2024-03-09T00:13:43.382+0000] {dag.py:3047} INFO - Sync 1 DAGs
[2024-03-09T00:13:43.403+0000] {logging_mixin.py:188} INFO - [2024-03-09T00:13:43.403+0000] {dag.py:3834} INFO - Setting next_dagrun for dag_py_op_v7 to 2024-03-06 00:00:00+00:00, run_after=2024-03-07 00:00:00+00:00
[2024-03-09T00:13:43.415+0000] {processor.py:183} INFO - Processing /opt/airflow/dags/dag_py_op.py took 0.096 seconds
[2024-03-09T00:14:19.249+0000] {processor.py:161} INFO - Started process (PID=25157) to work on /opt/airflow/dags/dag_py_op.py
[2024-03-09T00:14:19.250+0000] {processor.py:830} INFO - Processing file /opt/airflow/dags/dag_py_op.py for tasks to queue
[2024-03-09T00:14:19.251+0000] {logging_mixin.py:188} INFO - [2024-03-09T00:14:19.251+0000] {dagbag.py:540} INFO - Filling up the DagBag from /opt/airflow/dags/dag_py_op.py
[2024-03-09T00:14:19.266+0000] {processor.py:840} INFO - DAG(s) 'dag_py_op_v7' retrieved from /opt/airflow/dags/dag_py_op.py
[2024-03-09T00:14:19.287+0000] {logging_mixin.py:188} INFO - [2024-03-09T00:14:19.287+0000] {dag.py:3047} INFO - Sync 1 DAGs
[2024-03-09T00:14:19.303+0000] {logging_mixin.py:188} INFO - [2024-03-09T00:14:19.303+0000] {dag.py:3834} INFO - Setting next_dagrun for dag_py_op_v7 to 2024-03-06 00:00:00+00:00, run_after=2024-03-07 00:00:00+00:00
[2024-03-09T00:14:19.314+0000] {processor.py:183} INFO - Processing /opt/airflow/dags/dag_py_op.py took 0.071 seconds
[2024-03-09T00:14:49.670+0000] {processor.py:161} INFO - Started process (PID=25173) to work on /opt/airflow/dags/dag_py_op.py
[2024-03-09T00:14:49.672+0000] {processor.py:830} INFO - Processing file /opt/airflow/dags/dag_py_op.py for tasks to queue
[2024-03-09T00:14:49.673+0000] {logging_mixin.py:188} INFO - [2024-03-09T00:14:49.673+0000] {dagbag.py:540} INFO - Filling up the DagBag from /opt/airflow/dags/dag_py_op.py
[2024-03-09T00:14:49.688+0000] {processor.py:840} INFO - DAG(s) 'dag_py_op_v7' retrieved from /opt/airflow/dags/dag_py_op.py
[2024-03-09T00:14:49.710+0000] {logging_mixin.py:188} INFO - [2024-03-09T00:14:49.710+0000] {dag.py:3047} INFO - Sync 1 DAGs
[2024-03-09T00:14:49.725+0000] {logging_mixin.py:188} INFO - [2024-03-09T00:14:49.724+0000] {dag.py:3834} INFO - Setting next_dagrun for dag_py_op_v7 to 2024-03-06 00:00:00+00:00, run_after=2024-03-07 00:00:00+00:00
[2024-03-09T00:14:49.737+0000] {processor.py:183} INFO - Processing /opt/airflow/dags/dag_py_op.py took 0.073 seconds
[2024-03-09T00:24:54.246+0000] {processor.py:161} INFO - Started process (PID=25189) to work on /opt/airflow/dags/dag_py_op.py
[2024-03-09T00:24:54.247+0000] {processor.py:830} INFO - Processing file /opt/airflow/dags/dag_py_op.py for tasks to queue
[2024-03-09T00:24:54.248+0000] {logging_mixin.py:188} INFO - [2024-03-09T00:24:54.248+0000] {dagbag.py:540} INFO - Filling up the DagBag from /opt/airflow/dags/dag_py_op.py
[2024-03-09T00:24:54.259+0000] {processor.py:840} INFO - DAG(s) 'dag_py_op_v7' retrieved from /opt/airflow/dags/dag_py_op.py
[2024-03-09T00:24:54.284+0000] {logging_mixin.py:188} INFO - [2024-03-09T00:24:54.283+0000] {dag.py:3047} INFO - Sync 1 DAGs
[2024-03-09T00:24:54.300+0000] {logging_mixin.py:188} INFO - [2024-03-09T00:24:54.300+0000] {dag.py:3834} INFO - Setting next_dagrun for dag_py_op_v7 to 2024-03-06 00:00:00+00:00, run_after=2024-03-07 00:00:00+00:00
[2024-03-09T00:24:54.313+0000] {processor.py:183} INFO - Processing /opt/airflow/dags/dag_py_op.py took 0.071 seconds
[2024-03-09T00:26:56.173+0000] {processor.py:161} INFO - Started process (PID=25206) to work on /opt/airflow/dags/dag_py_op.py
[2024-03-09T00:26:56.174+0000] {processor.py:830} INFO - Processing file /opt/airflow/dags/dag_py_op.py for tasks to queue
[2024-03-09T00:26:56.176+0000] {logging_mixin.py:188} INFO - [2024-03-09T00:26:56.175+0000] {dagbag.py:540} INFO - Filling up the DagBag from /opt/airflow/dags/dag_py_op.py
[2024-03-09T00:26:56.193+0000] {processor.py:840} INFO - DAG(s) 'dag_py_op_v7' retrieved from /opt/airflow/dags/dag_py_op.py
[2024-03-09T00:26:56.216+0000] {logging_mixin.py:188} INFO - [2024-03-09T00:26:56.216+0000] {dag.py:3047} INFO - Sync 1 DAGs
[2024-03-09T00:26:56.235+0000] {logging_mixin.py:188} INFO - [2024-03-09T00:26:56.234+0000] {dag.py:3834} INFO - Setting next_dagrun for dag_py_op_v7 to 2024-03-06 00:00:00+00:00, run_after=2024-03-07 00:00:00+00:00
[2024-03-09T00:26:56.248+0000] {processor.py:183} INFO - Processing /opt/airflow/dags/dag_py_op.py took 0.080 seconds
[2024-03-09T00:27:26.599+0000] {processor.py:161} INFO - Started process (PID=25222) to work on /opt/airflow/dags/dag_py_op.py
[2024-03-09T00:27:26.600+0000] {processor.py:830} INFO - Processing file /opt/airflow/dags/dag_py_op.py for tasks to queue
[2024-03-09T00:27:26.602+0000] {logging_mixin.py:188} INFO - [2024-03-09T00:27:26.601+0000] {dagbag.py:540} INFO - Filling up the DagBag from /opt/airflow/dags/dag_py_op.py
[2024-03-09T00:27:26.616+0000] {processor.py:840} INFO - DAG(s) 'dag_py_op_v7' retrieved from /opt/airflow/dags/dag_py_op.py
[2024-03-09T00:27:26.639+0000] {logging_mixin.py:188} INFO - [2024-03-09T00:27:26.639+0000] {dag.py:3047} INFO - Sync 1 DAGs
[2024-03-09T00:27:26.654+0000] {logging_mixin.py:188} INFO - [2024-03-09T00:27:26.654+0000] {dag.py:3834} INFO - Setting next_dagrun for dag_py_op_v7 to 2024-03-06 00:00:00+00:00, run_after=2024-03-07 00:00:00+00:00
[2024-03-09T00:27:26.666+0000] {processor.py:183} INFO - Processing /opt/airflow/dags/dag_py_op.py took 0.073 seconds
[2024-03-09T00:28:20.764+0000] {processor.py:161} INFO - Started process (PID=25238) to work on /opt/airflow/dags/dag_py_op.py
[2024-03-09T00:28:20.766+0000] {processor.py:830} INFO - Processing file /opt/airflow/dags/dag_py_op.py for tasks to queue
[2024-03-09T00:28:20.767+0000] {logging_mixin.py:188} INFO - [2024-03-09T00:28:20.767+0000] {dagbag.py:540} INFO - Filling up the DagBag from /opt/airflow/dags/dag_py_op.py
[2024-03-09T00:28:20.782+0000] {processor.py:840} INFO - DAG(s) 'dag_py_op_v7' retrieved from /opt/airflow/dags/dag_py_op.py
[2024-03-09T00:28:20.802+0000] {logging_mixin.py:188} INFO - [2024-03-09T00:28:20.802+0000] {dag.py:3047} INFO - Sync 1 DAGs
[2024-03-09T00:28:20.816+0000] {logging_mixin.py:188} INFO - [2024-03-09T00:28:20.816+0000] {dag.py:3834} INFO - Setting next_dagrun for dag_py_op_v7 to 2024-03-06 00:00:00+00:00, run_after=2024-03-07 00:00:00+00:00
[2024-03-09T00:28:20.827+0000] {processor.py:183} INFO - Processing /opt/airflow/dags/dag_py_op.py took 0.068 seconds
[2024-03-09T00:28:59.355+0000] {processor.py:161} INFO - Started process (PID=25254) to work on /opt/airflow/dags/dag_py_op.py
[2024-03-09T00:28:59.356+0000] {processor.py:830} INFO - Processing file /opt/airflow/dags/dag_py_op.py for tasks to queue
[2024-03-09T00:28:59.357+0000] {logging_mixin.py:188} INFO - [2024-03-09T00:28:59.356+0000] {dagbag.py:540} INFO - Filling up the DagBag from /opt/airflow/dags/dag_py_op.py
[2024-03-09T00:28:59.368+0000] {processor.py:840} INFO - DAG(s) 'dag_py_op_v7' retrieved from /opt/airflow/dags/dag_py_op.py
[2024-03-09T00:28:59.388+0000] {logging_mixin.py:188} INFO - [2024-03-09T00:28:59.388+0000] {dag.py:3047} INFO - Sync 1 DAGs
[2024-03-09T00:28:59.404+0000] {logging_mixin.py:188} INFO - [2024-03-09T00:28:59.403+0000] {dag.py:3834} INFO - Setting next_dagrun for dag_py_op_v7 to 2024-03-06 00:00:00+00:00, run_after=2024-03-07 00:00:00+00:00
[2024-03-09T00:28:59.415+0000] {processor.py:183} INFO - Processing /opt/airflow/dags/dag_py_op.py took 0.063 seconds
[2024-03-09T00:29:29.772+0000] {processor.py:161} INFO - Started process (PID=25270) to work on /opt/airflow/dags/dag_py_op.py
[2024-03-09T00:29:29.774+0000] {processor.py:830} INFO - Processing file /opt/airflow/dags/dag_py_op.py for tasks to queue
[2024-03-09T00:29:29.775+0000] {logging_mixin.py:188} INFO - [2024-03-09T00:29:29.774+0000] {dagbag.py:540} INFO - Filling up the DagBag from /opt/airflow/dags/dag_py_op.py
[2024-03-09T00:29:29.788+0000] {processor.py:840} INFO - DAG(s) 'dag_py_op_v7' retrieved from /opt/airflow/dags/dag_py_op.py
[2024-03-09T00:29:29.814+0000] {logging_mixin.py:188} INFO - [2024-03-09T00:29:29.814+0000] {dag.py:3047} INFO - Sync 1 DAGs
[2024-03-09T00:29:29.833+0000] {logging_mixin.py:188} INFO - [2024-03-09T00:29:29.833+0000] {dag.py:3834} INFO - Setting next_dagrun for dag_py_op_v7 to 2024-03-06 00:00:00+00:00, run_after=2024-03-07 00:00:00+00:00
[2024-03-09T00:29:29.850+0000] {processor.py:183} INFO - Processing /opt/airflow/dags/dag_py_op.py took 0.084 seconds
[2024-03-09T00:32:01.100+0000] {processor.py:161} INFO - Started process (PID=25286) to work on /opt/airflow/dags/dag_py_op.py
[2024-03-09T00:32:01.102+0000] {processor.py:830} INFO - Processing file /opt/airflow/dags/dag_py_op.py for tasks to queue
[2024-03-09T00:32:01.104+0000] {logging_mixin.py:188} INFO - [2024-03-09T00:32:01.103+0000] {dagbag.py:540} INFO - Filling up the DagBag from /opt/airflow/dags/dag_py_op.py
[2024-03-09T00:32:01.134+0000] {processor.py:840} INFO - DAG(s) 'dag_py_op_v7' retrieved from /opt/airflow/dags/dag_py_op.py
[2024-03-09T00:32:01.185+0000] {logging_mixin.py:188} INFO - [2024-03-09T00:32:01.184+0000] {dag.py:3047} INFO - Sync 1 DAGs
[2024-03-09T00:32:01.229+0000] {logging_mixin.py:188} INFO - [2024-03-09T00:32:01.229+0000] {dag.py:3834} INFO - Setting next_dagrun for dag_py_op_v7 to 2024-03-06 00:00:00+00:00, run_after=2024-03-07 00:00:00+00:00
[2024-03-09T00:32:01.264+0000] {processor.py:183} INFO - Processing /opt/airflow/dags/dag_py_op.py took 0.171 seconds
[2024-03-09T01:00:11.479+0000] {processor.py:161} INFO - Started process (PID=25301) to work on /opt/airflow/dags/dag_py_op.py
[2024-03-09T01:00:11.482+0000] {processor.py:830} INFO - Processing file /opt/airflow/dags/dag_py_op.py for tasks to queue
[2024-03-09T01:00:11.485+0000] {logging_mixin.py:188} INFO - [2024-03-09T01:00:11.484+0000] {dagbag.py:540} INFO - Filling up the DagBag from /opt/airflow/dags/dag_py_op.py
[2024-03-09T01:00:11.509+0000] {processor.py:840} INFO - DAG(s) 'dag_py_op_v7' retrieved from /opt/airflow/dags/dag_py_op.py
[2024-03-09T01:00:11.534+0000] {logging_mixin.py:188} INFO - [2024-03-09T01:00:11.534+0000] {dag.py:3047} INFO - Sync 1 DAGs
[2024-03-09T01:00:11.554+0000] {logging_mixin.py:188} INFO - [2024-03-09T01:00:11.554+0000] {dag.py:3834} INFO - Setting next_dagrun for dag_py_op_v7 to 2024-03-06 00:00:00+00:00, run_after=2024-03-07 00:00:00+00:00
[2024-03-09T01:00:11.567+0000] {processor.py:183} INFO - Processing /opt/airflow/dags/dag_py_op.py took 0.095 seconds
[2024-03-09T01:00:41.885+0000] {processor.py:161} INFO - Started process (PID=25317) to work on /opt/airflow/dags/dag_py_op.py
[2024-03-09T01:00:41.886+0000] {processor.py:830} INFO - Processing file /opt/airflow/dags/dag_py_op.py for tasks to queue
[2024-03-09T01:00:41.888+0000] {logging_mixin.py:188} INFO - [2024-03-09T01:00:41.887+0000] {dagbag.py:540} INFO - Filling up the DagBag from /opt/airflow/dags/dag_py_op.py
[2024-03-09T01:00:41.898+0000] {processor.py:840} INFO - DAG(s) 'dag_py_op_v7' retrieved from /opt/airflow/dags/dag_py_op.py
[2024-03-09T01:00:41.918+0000] {logging_mixin.py:188} INFO - [2024-03-09T01:00:41.918+0000] {dag.py:3047} INFO - Sync 1 DAGs
[2024-03-09T01:00:41.933+0000] {logging_mixin.py:188} INFO - [2024-03-09T01:00:41.933+0000] {dag.py:3834} INFO - Setting next_dagrun for dag_py_op_v7 to 2024-03-06 00:00:00+00:00, run_after=2024-03-07 00:00:00+00:00
[2024-03-09T01:00:41.944+0000] {processor.py:183} INFO - Processing /opt/airflow/dags/dag_py_op.py took 0.063 seconds
[2024-03-09T01:06:16.847+0000] {processor.py:161} INFO - Started process (PID=25335) to work on /opt/airflow/dags/dag_py_op.py
[2024-03-09T01:06:16.849+0000] {processor.py:830} INFO - Processing file /opt/airflow/dags/dag_py_op.py for tasks to queue
[2024-03-09T01:06:16.850+0000] {logging_mixin.py:188} INFO - [2024-03-09T01:06:16.849+0000] {dagbag.py:540} INFO - Filling up the DagBag from /opt/airflow/dags/dag_py_op.py
[2024-03-09T01:06:16.880+0000] {processor.py:840} INFO - DAG(s) 'dag_py_op_v7' retrieved from /opt/airflow/dags/dag_py_op.py
[2024-03-09T01:06:16.926+0000] {logging_mixin.py:188} INFO - [2024-03-09T01:06:16.925+0000] {dag.py:3047} INFO - Sync 1 DAGs
[2024-03-09T01:06:16.969+0000] {logging_mixin.py:188} INFO - [2024-03-09T01:06:16.969+0000] {dag.py:3834} INFO - Setting next_dagrun for dag_py_op_v7 to 2024-03-06 00:00:00+00:00, run_after=2024-03-07 00:00:00+00:00
[2024-03-09T01:06:17.007+0000] {processor.py:183} INFO - Processing /opt/airflow/dags/dag_py_op.py took 0.167 seconds
[2024-03-09T01:06:47.447+0000] {processor.py:161} INFO - Started process (PID=25351) to work on /opt/airflow/dags/dag_py_op.py
[2024-03-09T01:06:47.449+0000] {processor.py:830} INFO - Processing file /opt/airflow/dags/dag_py_op.py for tasks to queue
[2024-03-09T01:06:47.451+0000] {logging_mixin.py:188} INFO - [2024-03-09T01:06:47.450+0000] {dagbag.py:540} INFO - Filling up the DagBag from /opt/airflow/dags/dag_py_op.py
[2024-03-09T01:06:47.472+0000] {processor.py:840} INFO - DAG(s) 'dag_py_op_v7' retrieved from /opt/airflow/dags/dag_py_op.py
[2024-03-09T01:06:47.496+0000] {logging_mixin.py:188} INFO - [2024-03-09T01:06:47.496+0000] {dag.py:3047} INFO - Sync 1 DAGs
[2024-03-09T01:06:47.514+0000] {logging_mixin.py:188} INFO - [2024-03-09T01:06:47.514+0000] {dag.py:3834} INFO - Setting next_dagrun for dag_py_op_v7 to 2024-03-06 00:00:00+00:00, run_after=2024-03-07 00:00:00+00:00
[2024-03-09T01:06:47.527+0000] {processor.py:183} INFO - Processing /opt/airflow/dags/dag_py_op.py took 0.087 seconds
[2024-03-09T02:01:37.786+0000] {processor.py:161} INFO - Started process (PID=25366) to work on /opt/airflow/dags/dag_py_op.py
[2024-03-09T02:01:37.788+0000] {processor.py:830} INFO - Processing file /opt/airflow/dags/dag_py_op.py for tasks to queue
[2024-03-09T02:01:37.789+0000] {logging_mixin.py:188} INFO - [2024-03-09T02:01:37.788+0000] {dagbag.py:540} INFO - Filling up the DagBag from /opt/airflow/dags/dag_py_op.py
[2024-03-09T02:01:37.802+0000] {processor.py:840} INFO - DAG(s) 'dag_py_op_v7' retrieved from /opt/airflow/dags/dag_py_op.py
[2024-03-09T02:01:37.823+0000] {logging_mixin.py:188} INFO - [2024-03-09T02:01:37.823+0000] {dag.py:3047} INFO - Sync 1 DAGs
[2024-03-09T02:01:37.839+0000] {logging_mixin.py:188} INFO - [2024-03-09T02:01:37.839+0000] {dag.py:3834} INFO - Setting next_dagrun for dag_py_op_v7 to 2024-03-06 00:00:00+00:00, run_after=2024-03-07 00:00:00+00:00
[2024-03-09T02:01:37.851+0000] {processor.py:183} INFO - Processing /opt/airflow/dags/dag_py_op.py took 0.069 seconds
[2024-03-09T03:02:22.158+0000] {processor.py:161} INFO - Started process (PID=25381) to work on /opt/airflow/dags/dag_py_op.py
[2024-03-09T03:02:22.160+0000] {processor.py:830} INFO - Processing file /opt/airflow/dags/dag_py_op.py for tasks to queue
[2024-03-09T03:02:22.163+0000] {logging_mixin.py:188} INFO - [2024-03-09T03:02:22.162+0000] {dagbag.py:540} INFO - Filling up the DagBag from /opt/airflow/dags/dag_py_op.py
[2024-03-09T03:02:22.194+0000] {processor.py:840} INFO - DAG(s) 'dag_py_op_v7' retrieved from /opt/airflow/dags/dag_py_op.py
[2024-03-09T03:02:22.238+0000] {logging_mixin.py:188} INFO - [2024-03-09T03:02:22.238+0000] {dag.py:3047} INFO - Sync 1 DAGs
[2024-03-09T03:02:22.272+0000] {logging_mixin.py:188} INFO - [2024-03-09T03:02:22.272+0000] {dag.py:3834} INFO - Setting next_dagrun for dag_py_op_v7 to 2024-03-06 00:00:00+00:00, run_after=2024-03-07 00:00:00+00:00
[2024-03-09T03:02:22.300+0000] {processor.py:183} INFO - Processing /opt/airflow/dags/dag_py_op.py took 0.146 seconds
[2024-03-09T03:02:52.519+0000] {processor.py:161} INFO - Started process (PID=25397) to work on /opt/airflow/dags/dag_py_op.py
[2024-03-09T03:02:52.520+0000] {processor.py:830} INFO - Processing file /opt/airflow/dags/dag_py_op.py for tasks to queue
[2024-03-09T03:02:52.522+0000] {logging_mixin.py:188} INFO - [2024-03-09T03:02:52.521+0000] {dagbag.py:540} INFO - Filling up the DagBag from /opt/airflow/dags/dag_py_op.py
[2024-03-09T03:02:52.534+0000] {processor.py:840} INFO - DAG(s) 'dag_py_op_v7' retrieved from /opt/airflow/dags/dag_py_op.py
[2024-03-09T03:02:52.553+0000] {logging_mixin.py:188} INFO - [2024-03-09T03:02:52.553+0000] {dag.py:3047} INFO - Sync 1 DAGs
[2024-03-09T03:02:52.567+0000] {logging_mixin.py:188} INFO - [2024-03-09T03:02:52.567+0000] {dag.py:3834} INFO - Setting next_dagrun for dag_py_op_v7 to 2024-03-06 00:00:00+00:00, run_after=2024-03-07 00:00:00+00:00
[2024-03-09T03:02:52.578+0000] {processor.py:183} INFO - Processing /opt/airflow/dags/dag_py_op.py took 0.063 seconds
[2024-03-09T03:59:31.700+0000] {processor.py:161} INFO - Started process (PID=25413) to work on /opt/airflow/dags/dag_py_op.py
[2024-03-09T03:59:31.703+0000] {processor.py:830} INFO - Processing file /opt/airflow/dags/dag_py_op.py for tasks to queue
[2024-03-09T03:59:31.704+0000] {logging_mixin.py:188} INFO - [2024-03-09T03:59:31.704+0000] {dagbag.py:540} INFO - Filling up the DagBag from /opt/airflow/dags/dag_py_op.py
[2024-03-09T03:59:31.725+0000] {processor.py:840} INFO - DAG(s) 'dag_py_op_v7' retrieved from /opt/airflow/dags/dag_py_op.py
[2024-03-09T03:59:31.768+0000] {logging_mixin.py:188} INFO - [2024-03-09T03:59:31.767+0000] {dag.py:3047} INFO - Sync 1 DAGs
[2024-03-09T03:59:31.796+0000] {logging_mixin.py:188} INFO - [2024-03-09T03:59:31.795+0000] {dag.py:3834} INFO - Setting next_dagrun for dag_py_op_v7 to 2024-03-06 00:00:00+00:00, run_after=2024-03-07 00:00:00+00:00
[2024-03-09T03:59:31.822+0000] {processor.py:183} INFO - Processing /opt/airflow/dags/dag_py_op.py took 0.131 seconds
[2024-03-09T04:03:18.092+0000] {processor.py:161} INFO - Started process (PID=25429) to work on /opt/airflow/dags/dag_py_op.py
[2024-03-09T04:03:18.095+0000] {processor.py:830} INFO - Processing file /opt/airflow/dags/dag_py_op.py for tasks to queue
[2024-03-09T04:03:18.097+0000] {logging_mixin.py:188} INFO - [2024-03-09T04:03:18.096+0000] {dagbag.py:540} INFO - Filling up the DagBag from /opt/airflow/dags/dag_py_op.py
[2024-03-09T04:03:18.122+0000] {processor.py:840} INFO - DAG(s) 'dag_py_op_v7' retrieved from /opt/airflow/dags/dag_py_op.py
[2024-03-09T04:03:18.151+0000] {logging_mixin.py:188} INFO - [2024-03-09T04:03:18.151+0000] {dag.py:3047} INFO - Sync 1 DAGs
[2024-03-09T04:03:18.170+0000] {logging_mixin.py:188} INFO - [2024-03-09T04:03:18.170+0000] {dag.py:3834} INFO - Setting next_dagrun for dag_py_op_v7 to 2024-03-06 00:00:00+00:00, run_after=2024-03-07 00:00:00+00:00
[2024-03-09T04:03:18.183+0000] {processor.py:183} INFO - Processing /opt/airflow/dags/dag_py_op.py took 0.100 seconds
[2024-03-09T05:04:19.871+0000] {processor.py:161} INFO - Started process (PID=25445) to work on /opt/airflow/dags/dag_py_op.py
[2024-03-09T05:04:19.874+0000] {processor.py:830} INFO - Processing file /opt/airflow/dags/dag_py_op.py for tasks to queue
[2024-03-09T05:04:19.876+0000] {logging_mixin.py:188} INFO - [2024-03-09T05:04:19.875+0000] {dagbag.py:540} INFO - Filling up the DagBag from /opt/airflow/dags/dag_py_op.py
[2024-03-09T05:04:19.896+0000] {processor.py:840} INFO - DAG(s) 'dag_py_op_v7' retrieved from /opt/airflow/dags/dag_py_op.py
[2024-03-09T05:04:19.934+0000] {logging_mixin.py:188} INFO - [2024-03-09T05:04:19.934+0000] {dag.py:3047} INFO - Sync 1 DAGs
[2024-03-09T05:04:19.966+0000] {logging_mixin.py:188} INFO - [2024-03-09T05:04:19.966+0000] {dag.py:3834} INFO - Setting next_dagrun for dag_py_op_v7 to 2024-03-06 00:00:00+00:00, run_after=2024-03-07 00:00:00+00:00
[2024-03-09T05:04:19.994+0000] {processor.py:183} INFO - Processing /opt/airflow/dags/dag_py_op.py took 0.129 seconds
[2024-03-09T05:04:50.327+0000] {processor.py:161} INFO - Started process (PID=25461) to work on /opt/airflow/dags/dag_py_op.py
[2024-03-09T05:04:50.328+0000] {processor.py:830} INFO - Processing file /opt/airflow/dags/dag_py_op.py for tasks to queue
[2024-03-09T05:04:50.329+0000] {logging_mixin.py:188} INFO - [2024-03-09T05:04:50.328+0000] {dagbag.py:540} INFO - Filling up the DagBag from /opt/airflow/dags/dag_py_op.py
[2024-03-09T05:04:50.339+0000] {processor.py:840} INFO - DAG(s) 'dag_py_op_v7' retrieved from /opt/airflow/dags/dag_py_op.py
[2024-03-09T05:04:50.358+0000] {logging_mixin.py:188} INFO - [2024-03-09T05:04:50.358+0000] {dag.py:3047} INFO - Sync 1 DAGs
[2024-03-09T05:04:50.373+0000] {logging_mixin.py:188} INFO - [2024-03-09T05:04:50.373+0000] {dag.py:3834} INFO - Setting next_dagrun for dag_py_op_v7 to 2024-03-06 00:00:00+00:00, run_after=2024-03-07 00:00:00+00:00
[2024-03-09T05:04:50.385+0000] {processor.py:183} INFO - Processing /opt/airflow/dags/dag_py_op.py took 0.061 seconds
[2024-03-09T06:05:32.836+0000] {processor.py:161} INFO - Started process (PID=25479) to work on /opt/airflow/dags/dag_py_op.py
[2024-03-09T06:05:32.837+0000] {processor.py:830} INFO - Processing file /opt/airflow/dags/dag_py_op.py for tasks to queue
[2024-03-09T06:05:32.838+0000] {logging_mixin.py:188} INFO - [2024-03-09T06:05:32.838+0000] {dagbag.py:540} INFO - Filling up the DagBag from /opt/airflow/dags/dag_py_op.py
[2024-03-09T06:05:32.847+0000] {processor.py:840} INFO - DAG(s) 'dag_py_op_v7' retrieved from /opt/airflow/dags/dag_py_op.py
[2024-03-09T06:05:32.868+0000] {logging_mixin.py:188} INFO - [2024-03-09T06:05:32.868+0000] {dag.py:3047} INFO - Sync 1 DAGs
[2024-03-09T06:05:32.883+0000] {logging_mixin.py:188} INFO - [2024-03-09T06:05:32.883+0000] {dag.py:3834} INFO - Setting next_dagrun for dag_py_op_v7 to 2024-03-06 00:00:00+00:00, run_after=2024-03-07 00:00:00+00:00
[2024-03-09T06:05:32.901+0000] {processor.py:183} INFO - Processing /opt/airflow/dags/dag_py_op.py took 0.068 seconds
[2024-03-09T06:35:52.103+0000] {processor.py:161} INFO - Started process (PID=25495) to work on /opt/airflow/dags/dag_py_op.py
[2024-03-09T06:35:52.105+0000] {processor.py:830} INFO - Processing file /opt/airflow/dags/dag_py_op.py for tasks to queue
[2024-03-09T06:35:52.106+0000] {logging_mixin.py:188} INFO - [2024-03-09T06:35:52.106+0000] {dagbag.py:540} INFO - Filling up the DagBag from /opt/airflow/dags/dag_py_op.py
[2024-03-09T06:35:52.123+0000] {processor.py:840} INFO - DAG(s) 'dag_py_op_v7' retrieved from /opt/airflow/dags/dag_py_op.py
[2024-03-09T06:35:52.150+0000] {logging_mixin.py:188} INFO - [2024-03-09T06:35:52.150+0000] {dag.py:3047} INFO - Sync 1 DAGs
[2024-03-09T06:35:52.168+0000] {logging_mixin.py:188} INFO - [2024-03-09T06:35:52.168+0000] {dag.py:3834} INFO - Setting next_dagrun for dag_py_op_v7 to 2024-03-06 00:00:00+00:00, run_after=2024-03-07 00:00:00+00:00
[2024-03-09T06:35:52.181+0000] {processor.py:183} INFO - Processing /opt/airflow/dags/dag_py_op.py took 0.083 seconds
[2024-03-09T06:36:22.539+0000] {processor.py:161} INFO - Started process (PID=25511) to work on /opt/airflow/dags/dag_py_op.py
[2024-03-09T06:36:22.541+0000] {processor.py:830} INFO - Processing file /opt/airflow/dags/dag_py_op.py for tasks to queue
[2024-03-09T06:36:22.543+0000] {logging_mixin.py:188} INFO - [2024-03-09T06:36:22.542+0000] {dagbag.py:540} INFO - Filling up the DagBag from /opt/airflow/dags/dag_py_op.py
[2024-03-09T06:36:22.560+0000] {processor.py:840} INFO - DAG(s) 'dag_py_op_v7' retrieved from /opt/airflow/dags/dag_py_op.py
[2024-03-09T06:36:22.582+0000] {logging_mixin.py:188} INFO - [2024-03-09T06:36:22.582+0000] {dag.py:3047} INFO - Sync 1 DAGs
[2024-03-09T06:36:22.597+0000] {logging_mixin.py:188} INFO - [2024-03-09T06:36:22.597+0000] {dag.py:3834} INFO - Setting next_dagrun for dag_py_op_v7 to 2024-03-06 00:00:00+00:00, run_after=2024-03-07 00:00:00+00:00
[2024-03-09T06:36:22.608+0000] {processor.py:183} INFO - Processing /opt/airflow/dags/dag_py_op.py took 0.076 seconds
[2024-03-09T07:06:28.286+0000] {processor.py:161} INFO - Started process (PID=25527) to work on /opt/airflow/dags/dag_py_op.py
[2024-03-09T07:06:28.287+0000] {processor.py:830} INFO - Processing file /opt/airflow/dags/dag_py_op.py for tasks to queue
[2024-03-09T07:06:28.290+0000] {logging_mixin.py:188} INFO - [2024-03-09T07:06:28.289+0000] {dagbag.py:540} INFO - Filling up the DagBag from /opt/airflow/dags/dag_py_op.py
[2024-03-09T07:06:28.316+0000] {processor.py:840} INFO - DAG(s) 'dag_py_op_v7' retrieved from /opt/airflow/dags/dag_py_op.py
[2024-03-09T07:06:28.367+0000] {logging_mixin.py:188} INFO - [2024-03-09T07:06:28.367+0000] {dag.py:3047} INFO - Sync 1 DAGs
[2024-03-09T07:06:28.409+0000] {logging_mixin.py:188} INFO - [2024-03-09T07:06:28.409+0000] {dag.py:3834} INFO - Setting next_dagrun for dag_py_op_v7 to 2024-03-06 00:00:00+00:00, run_after=2024-03-07 00:00:00+00:00
[2024-03-09T07:06:28.437+0000] {processor.py:183} INFO - Processing /opt/airflow/dags/dag_py_op.py took 0.156 seconds
[2024-03-09T07:06:58.815+0000] {processor.py:161} INFO - Started process (PID=25543) to work on /opt/airflow/dags/dag_py_op.py
[2024-03-09T07:06:58.818+0000] {processor.py:830} INFO - Processing file /opt/airflow/dags/dag_py_op.py for tasks to queue
[2024-03-09T07:06:58.822+0000] {logging_mixin.py:188} INFO - [2024-03-09T07:06:58.820+0000] {dagbag.py:540} INFO - Filling up the DagBag from /opt/airflow/dags/dag_py_op.py
[2024-03-09T07:06:58.865+0000] {processor.py:840} INFO - DAG(s) 'dag_py_op_v7' retrieved from /opt/airflow/dags/dag_py_op.py
[2024-03-09T07:06:58.940+0000] {logging_mixin.py:188} INFO - [2024-03-09T07:06:58.939+0000] {dag.py:3047} INFO - Sync 1 DAGs
[2024-03-09T07:06:58.997+0000] {logging_mixin.py:188} INFO - [2024-03-09T07:06:58.996+0000] {dag.py:3834} INFO - Setting next_dagrun for dag_py_op_v7 to 2024-03-06 00:00:00+00:00, run_after=2024-03-07 00:00:00+00:00
[2024-03-09T07:06:59.040+0000] {processor.py:183} INFO - Processing /opt/airflow/dags/dag_py_op.py took 0.235 seconds
[2024-03-09T08:07:40.970+0000] {processor.py:161} INFO - Started process (PID=25561) to work on /opt/airflow/dags/dag_py_op.py
[2024-03-09T08:07:40.971+0000] {processor.py:830} INFO - Processing file /opt/airflow/dags/dag_py_op.py for tasks to queue
[2024-03-09T08:07:40.972+0000] {logging_mixin.py:188} INFO - [2024-03-09T08:07:40.972+0000] {dagbag.py:540} INFO - Filling up the DagBag from /opt/airflow/dags/dag_py_op.py
[2024-03-09T08:07:40.982+0000] {processor.py:840} INFO - DAG(s) 'dag_py_op_v7' retrieved from /opt/airflow/dags/dag_py_op.py
[2024-03-09T08:07:41.002+0000] {logging_mixin.py:188} INFO - [2024-03-09T08:07:41.001+0000] {dag.py:3047} INFO - Sync 1 DAGs
[2024-03-09T08:07:41.017+0000] {logging_mixin.py:188} INFO - [2024-03-09T08:07:41.016+0000] {dag.py:3834} INFO - Setting next_dagrun for dag_py_op_v7 to 2024-03-06 00:00:00+00:00, run_after=2024-03-07 00:00:00+00:00
[2024-03-09T08:07:41.028+0000] {processor.py:183} INFO - Processing /opt/airflow/dags/dag_py_op.py took 0.061 seconds
[2024-03-09T09:08:24.368+0000] {processor.py:161} INFO - Started process (PID=25576) to work on /opt/airflow/dags/dag_py_op.py
[2024-03-09T09:08:24.371+0000] {processor.py:830} INFO - Processing file /opt/airflow/dags/dag_py_op.py for tasks to queue
[2024-03-09T09:08:24.373+0000] {logging_mixin.py:188} INFO - [2024-03-09T09:08:24.373+0000] {dagbag.py:540} INFO - Filling up the DagBag from /opt/airflow/dags/dag_py_op.py
[2024-03-09T09:08:24.415+0000] {processor.py:840} INFO - DAG(s) 'dag_py_op_v7' retrieved from /opt/airflow/dags/dag_py_op.py
[2024-03-09T09:08:24.472+0000] {logging_mixin.py:188} INFO - [2024-03-09T09:08:24.471+0000] {dag.py:3047} INFO - Sync 1 DAGs
[2024-03-09T09:08:24.513+0000] {logging_mixin.py:188} INFO - [2024-03-09T09:08:24.512+0000] {dag.py:3834} INFO - Setting next_dagrun for dag_py_op_v7 to 2024-03-06 00:00:00+00:00, run_after=2024-03-07 00:00:00+00:00
[2024-03-09T09:08:24.547+0000] {processor.py:183} INFO - Processing /opt/airflow/dags/dag_py_op.py took 0.190 seconds
[2024-03-09T09:08:54.747+0000] {processor.py:161} INFO - Started process (PID=25592) to work on /opt/airflow/dags/dag_py_op.py
[2024-03-09T09:08:54.748+0000] {processor.py:830} INFO - Processing file /opt/airflow/dags/dag_py_op.py for tasks to queue
[2024-03-09T09:08:54.750+0000] {logging_mixin.py:188} INFO - [2024-03-09T09:08:54.749+0000] {dagbag.py:540} INFO - Filling up the DagBag from /opt/airflow/dags/dag_py_op.py
[2024-03-09T09:08:54.765+0000] {processor.py:840} INFO - DAG(s) 'dag_py_op_v7' retrieved from /opt/airflow/dags/dag_py_op.py
[2024-03-09T09:08:54.786+0000] {logging_mixin.py:188} INFO - [2024-03-09T09:08:54.785+0000] {dag.py:3047} INFO - Sync 1 DAGs
[2024-03-09T09:08:54.800+0000] {logging_mixin.py:188} INFO - [2024-03-09T09:08:54.800+0000] {dag.py:3834} INFO - Setting next_dagrun for dag_py_op_v7 to 2024-03-06 00:00:00+00:00, run_after=2024-03-07 00:00:00+00:00
[2024-03-09T09:08:54.811+0000] {processor.py:183} INFO - Processing /opt/airflow/dags/dag_py_op.py took 0.069 seconds
[2024-03-09T10:09:37.040+0000] {processor.py:161} INFO - Started process (PID=25608) to work on /opt/airflow/dags/dag_py_op.py
[2024-03-09T10:09:37.042+0000] {processor.py:830} INFO - Processing file /opt/airflow/dags/dag_py_op.py for tasks to queue
[2024-03-09T10:09:37.042+0000] {logging_mixin.py:188} INFO - [2024-03-09T10:09:37.042+0000] {dagbag.py:540} INFO - Filling up the DagBag from /opt/airflow/dags/dag_py_op.py
[2024-03-09T10:09:37.054+0000] {processor.py:840} INFO - DAG(s) 'dag_py_op_v7' retrieved from /opt/airflow/dags/dag_py_op.py
[2024-03-09T10:09:37.075+0000] {logging_mixin.py:188} INFO - [2024-03-09T10:09:37.075+0000] {dag.py:3047} INFO - Sync 1 DAGs
[2024-03-09T10:09:37.090+0000] {logging_mixin.py:188} INFO - [2024-03-09T10:09:37.090+0000] {dag.py:3834} INFO - Setting next_dagrun for dag_py_op_v7 to 2024-03-06 00:00:00+00:00, run_after=2024-03-07 00:00:00+00:00
[2024-03-09T10:09:37.101+0000] {processor.py:183} INFO - Processing /opt/airflow/dags/dag_py_op.py took 0.065 seconds
[2024-03-09T11:10:21.234+0000] {processor.py:161} INFO - Started process (PID=25624) to work on /opt/airflow/dags/dag_py_op.py
[2024-03-09T11:10:21.235+0000] {processor.py:830} INFO - Processing file /opt/airflow/dags/dag_py_op.py for tasks to queue
[2024-03-09T11:10:21.237+0000] {logging_mixin.py:188} INFO - [2024-03-09T11:10:21.236+0000] {dagbag.py:540} INFO - Filling up the DagBag from /opt/airflow/dags/dag_py_op.py
[2024-03-09T11:10:21.260+0000] {processor.py:840} INFO - DAG(s) 'dag_py_op_v7' retrieved from /opt/airflow/dags/dag_py_op.py
[2024-03-09T11:10:21.304+0000] {logging_mixin.py:188} INFO - [2024-03-09T11:10:21.304+0000] {dag.py:3047} INFO - Sync 1 DAGs
[2024-03-09T11:10:21.333+0000] {logging_mixin.py:188} INFO - [2024-03-09T11:10:21.333+0000] {dag.py:3834} INFO - Setting next_dagrun for dag_py_op_v7 to 2024-03-06 00:00:00+00:00, run_after=2024-03-07 00:00:00+00:00
[2024-03-09T11:10:21.364+0000] {processor.py:183} INFO - Processing /opt/airflow/dags/dag_py_op.py took 0.136 seconds
[2024-03-09T11:10:51.793+0000] {processor.py:161} INFO - Started process (PID=25640) to work on /opt/airflow/dags/dag_py_op.py
[2024-03-09T11:10:51.794+0000] {processor.py:830} INFO - Processing file /opt/airflow/dags/dag_py_op.py for tasks to queue
[2024-03-09T11:10:51.795+0000] {logging_mixin.py:188} INFO - [2024-03-09T11:10:51.795+0000] {dagbag.py:540} INFO - Filling up the DagBag from /opt/airflow/dags/dag_py_op.py
[2024-03-09T11:10:51.809+0000] {processor.py:840} INFO - DAG(s) 'dag_py_op_v7' retrieved from /opt/airflow/dags/dag_py_op.py
[2024-03-09T11:10:51.832+0000] {logging_mixin.py:188} INFO - [2024-03-09T11:10:51.831+0000] {dag.py:3047} INFO - Sync 1 DAGs
[2024-03-09T11:10:51.850+0000] {logging_mixin.py:188} INFO - [2024-03-09T11:10:51.850+0000] {dag.py:3834} INFO - Setting next_dagrun for dag_py_op_v7 to 2024-03-06 00:00:00+00:00, run_after=2024-03-07 00:00:00+00:00
[2024-03-09T11:10:51.862+0000] {processor.py:183} INFO - Processing /opt/airflow/dags/dag_py_op.py took 0.075 seconds
[2024-03-09T12:11:35.175+0000] {processor.py:161} INFO - Started process (PID=25656) to work on /opt/airflow/dags/dag_py_op.py
[2024-03-09T12:11:35.177+0000] {processor.py:830} INFO - Processing file /opt/airflow/dags/dag_py_op.py for tasks to queue
[2024-03-09T12:11:35.179+0000] {logging_mixin.py:188} INFO - [2024-03-09T12:11:35.178+0000] {dagbag.py:540} INFO - Filling up the DagBag from /opt/airflow/dags/dag_py_op.py
[2024-03-09T12:11:35.200+0000] {processor.py:840} INFO - DAG(s) 'dag_py_op_v7' retrieved from /opt/airflow/dags/dag_py_op.py
[2024-03-09T12:11:35.249+0000] {logging_mixin.py:188} INFO - [2024-03-09T12:11:35.249+0000] {dag.py:3047} INFO - Sync 1 DAGs
[2024-03-09T12:11:35.289+0000] {logging_mixin.py:188} INFO - [2024-03-09T12:11:35.289+0000] {dag.py:3834} INFO - Setting next_dagrun for dag_py_op_v7 to 2024-03-06 00:00:00+00:00, run_after=2024-03-07 00:00:00+00:00
[2024-03-09T12:11:35.329+0000] {processor.py:183} INFO - Processing /opt/airflow/dags/dag_py_op.py took 0.159 seconds
[2024-03-09T12:12:12.430+0000] {processor.py:161} INFO - Started process (PID=25672) to work on /opt/airflow/dags/dag_py_op.py
[2024-03-09T12:12:12.431+0000] {processor.py:830} INFO - Processing file /opt/airflow/dags/dag_py_op.py for tasks to queue
[2024-03-09T12:12:12.433+0000] {logging_mixin.py:188} INFO - [2024-03-09T12:12:12.432+0000] {dagbag.py:540} INFO - Filling up the DagBag from /opt/airflow/dags/dag_py_op.py
[2024-03-09T12:12:12.446+0000] {processor.py:840} INFO - DAG(s) 'dag_py_op_v7' retrieved from /opt/airflow/dags/dag_py_op.py
[2024-03-09T12:12:12.467+0000] {logging_mixin.py:188} INFO - [2024-03-09T12:12:12.467+0000] {dag.py:3047} INFO - Sync 1 DAGs
[2024-03-09T12:12:12.482+0000] {logging_mixin.py:188} INFO - [2024-03-09T12:12:12.481+0000] {dag.py:3834} INFO - Setting next_dagrun for dag_py_op_v7 to 2024-03-06 00:00:00+00:00, run_after=2024-03-07 00:00:00+00:00
[2024-03-09T12:12:12.493+0000] {processor.py:183} INFO - Processing /opt/airflow/dags/dag_py_op.py took 0.067 seconds
[2024-03-09T13:12:26.048+0000] {processor.py:161} INFO - Started process (PID=25688) to work on /opt/airflow/dags/dag_py_op.py
[2024-03-09T13:12:26.049+0000] {processor.py:830} INFO - Processing file /opt/airflow/dags/dag_py_op.py for tasks to queue
[2024-03-09T13:12:26.051+0000] {logging_mixin.py:188} INFO - [2024-03-09T13:12:26.050+0000] {dagbag.py:540} INFO - Filling up the DagBag from /opt/airflow/dags/dag_py_op.py
[2024-03-09T13:12:26.065+0000] {processor.py:840} INFO - DAG(s) 'dag_py_op_v7' retrieved from /opt/airflow/dags/dag_py_op.py
[2024-03-09T13:12:26.088+0000] {logging_mixin.py:188} INFO - [2024-03-09T13:12:26.088+0000] {dag.py:3047} INFO - Sync 1 DAGs
[2024-03-09T13:12:26.112+0000] {logging_mixin.py:188} INFO - [2024-03-09T13:12:26.112+0000] {dag.py:3834} INFO - Setting next_dagrun for dag_py_op_v7 to 2024-03-06 00:00:00+00:00, run_after=2024-03-07 00:00:00+00:00
[2024-03-09T13:12:26.143+0000] {processor.py:183} INFO - Processing /opt/airflow/dags/dag_py_op.py took 0.099 seconds
[2024-03-09T13:12:56.484+0000] {processor.py:161} INFO - Started process (PID=25704) to work on /opt/airflow/dags/dag_py_op.py
[2024-03-09T13:12:56.486+0000] {processor.py:830} INFO - Processing file /opt/airflow/dags/dag_py_op.py for tasks to queue
[2024-03-09T13:12:56.487+0000] {logging_mixin.py:188} INFO - [2024-03-09T13:12:56.487+0000] {dagbag.py:540} INFO - Filling up the DagBag from /opt/airflow/dags/dag_py_op.py
[2024-03-09T13:12:56.508+0000] {processor.py:840} INFO - DAG(s) 'dag_py_op_v7' retrieved from /opt/airflow/dags/dag_py_op.py
[2024-03-09T13:12:56.531+0000] {logging_mixin.py:188} INFO - [2024-03-09T13:12:56.531+0000] {dag.py:3047} INFO - Sync 1 DAGs
[2024-03-09T13:12:56.547+0000] {logging_mixin.py:188} INFO - [2024-03-09T13:12:56.546+0000] {dag.py:3834} INFO - Setting next_dagrun for dag_py_op_v7 to 2024-03-06 00:00:00+00:00, run_after=2024-03-07 00:00:00+00:00
[2024-03-09T13:12:56.558+0000] {processor.py:183} INFO - Processing /opt/airflow/dags/dag_py_op.py took 0.081 seconds
[2024-03-09T14:13:38.883+0000] {processor.py:161} INFO - Started process (PID=25721) to work on /opt/airflow/dags/dag_py_op.py
[2024-03-09T14:13:38.886+0000] {processor.py:830} INFO - Processing file /opt/airflow/dags/dag_py_op.py for tasks to queue
[2024-03-09T14:13:38.888+0000] {logging_mixin.py:188} INFO - [2024-03-09T14:13:38.887+0000] {dagbag.py:540} INFO - Filling up the DagBag from /opt/airflow/dags/dag_py_op.py
[2024-03-09T14:13:38.924+0000] {processor.py:840} INFO - DAG(s) 'dag_py_op_v7' retrieved from /opt/airflow/dags/dag_py_op.py
[2024-03-09T14:13:38.977+0000] {logging_mixin.py:188} INFO - [2024-03-09T14:13:38.976+0000] {dag.py:3047} INFO - Sync 1 DAGs
[2024-03-09T14:13:39.016+0000] {logging_mixin.py:188} INFO - [2024-03-09T14:13:39.016+0000] {dag.py:3834} INFO - Setting next_dagrun for dag_py_op_v7 to 2024-03-06 00:00:00+00:00, run_after=2024-03-07 00:00:00+00:00
[2024-03-09T14:13:39.050+0000] {processor.py:183} INFO - Processing /opt/airflow/dags/dag_py_op.py took 0.175 seconds
[2024-03-09T15:14:21.072+0000] {processor.py:161} INFO - Started process (PID=25737) to work on /opt/airflow/dags/dag_py_op.py
[2024-03-09T15:14:21.074+0000] {processor.py:830} INFO - Processing file /opt/airflow/dags/dag_py_op.py for tasks to queue
[2024-03-09T15:14:21.075+0000] {logging_mixin.py:188} INFO - [2024-03-09T15:14:21.075+0000] {dagbag.py:540} INFO - Filling up the DagBag from /opt/airflow/dags/dag_py_op.py
[2024-03-09T15:14:21.093+0000] {processor.py:840} INFO - DAG(s) 'dag_py_op_v7' retrieved from /opt/airflow/dags/dag_py_op.py
[2024-03-09T15:14:21.130+0000] {logging_mixin.py:188} INFO - [2024-03-09T15:14:21.130+0000] {dag.py:3047} INFO - Sync 1 DAGs
[2024-03-09T15:14:21.162+0000] {logging_mixin.py:188} INFO - [2024-03-09T15:14:21.162+0000] {dag.py:3834} INFO - Setting next_dagrun for dag_py_op_v7 to 2024-03-06 00:00:00+00:00, run_after=2024-03-07 00:00:00+00:00
[2024-03-09T15:14:21.188+0000] {processor.py:183} INFO - Processing /opt/airflow/dags/dag_py_op.py took 0.121 seconds
[2024-03-09T15:14:51.673+0000] {processor.py:161} INFO - Started process (PID=25753) to work on /opt/airflow/dags/dag_py_op.py
[2024-03-09T15:14:51.675+0000] {processor.py:830} INFO - Processing file /opt/airflow/dags/dag_py_op.py for tasks to queue
[2024-03-09T15:14:51.677+0000] {logging_mixin.py:188} INFO - [2024-03-09T15:14:51.676+0000] {dagbag.py:540} INFO - Filling up the DagBag from /opt/airflow/dags/dag_py_op.py
[2024-03-09T15:14:51.700+0000] {processor.py:840} INFO - DAG(s) 'dag_py_op_v7' retrieved from /opt/airflow/dags/dag_py_op.py
[2024-03-09T15:14:51.726+0000] {logging_mixin.py:188} INFO - [2024-03-09T15:14:51.726+0000] {dag.py:3047} INFO - Sync 1 DAGs
[2024-03-09T15:14:51.744+0000] {logging_mixin.py:188} INFO - [2024-03-09T15:14:51.743+0000] {dag.py:3834} INFO - Setting next_dagrun for dag_py_op_v7 to 2024-03-06 00:00:00+00:00, run_after=2024-03-07 00:00:00+00:00
[2024-03-09T15:14:51.756+0000] {processor.py:183} INFO - Processing /opt/airflow/dags/dag_py_op.py took 0.091 seconds
[2024-03-09T15:40:44.870+0000] {processor.py:161} INFO - Started process (PID=25769) to work on /opt/airflow/dags/dag_py_op.py
[2024-03-09T15:40:44.871+0000] {processor.py:830} INFO - Processing file /opt/airflow/dags/dag_py_op.py for tasks to queue
[2024-03-09T15:40:44.872+0000] {logging_mixin.py:188} INFO - [2024-03-09T15:40:44.872+0000] {dagbag.py:540} INFO - Filling up the DagBag from /opt/airflow/dags/dag_py_op.py
[2024-03-09T15:40:44.883+0000] {processor.py:840} INFO - DAG(s) 'dag_py_op_v7' retrieved from /opt/airflow/dags/dag_py_op.py
[2024-03-09T15:40:44.902+0000] {logging_mixin.py:188} INFO - [2024-03-09T15:40:44.902+0000] {dag.py:3047} INFO - Sync 1 DAGs
[2024-03-09T15:40:44.916+0000] {logging_mixin.py:188} INFO - [2024-03-09T15:40:44.916+0000] {dag.py:3834} INFO - Setting next_dagrun for dag_py_op_v7 to 2024-03-06 00:00:00+00:00, run_after=2024-03-07 00:00:00+00:00
[2024-03-09T15:40:44.927+0000] {processor.py:183} INFO - Processing /opt/airflow/dags/dag_py_op.py took 0.061 seconds
[2024-03-09T16:08:21.853+0000] {processor.py:161} INFO - Started process (PID=25787) to work on /opt/airflow/dags/dag_py_op.py
[2024-03-09T16:08:21.855+0000] {processor.py:830} INFO - Processing file /opt/airflow/dags/dag_py_op.py for tasks to queue
[2024-03-09T16:08:21.857+0000] {logging_mixin.py:188} INFO - [2024-03-09T16:08:21.856+0000] {dagbag.py:540} INFO - Filling up the DagBag from /opt/airflow/dags/dag_py_op.py
[2024-03-09T16:08:21.884+0000] {processor.py:840} INFO - DAG(s) 'dag_py_op_v7' retrieved from /opt/airflow/dags/dag_py_op.py
[2024-03-09T16:08:21.925+0000] {logging_mixin.py:188} INFO - [2024-03-09T16:08:21.925+0000] {dag.py:3047} INFO - Sync 1 DAGs
[2024-03-09T16:08:21.958+0000] {logging_mixin.py:188} INFO - [2024-03-09T16:08:21.958+0000] {dag.py:3834} INFO - Setting next_dagrun for dag_py_op_v7 to 2024-03-06 00:00:00+00:00, run_after=2024-03-07 00:00:00+00:00
[2024-03-09T16:08:21.989+0000] {processor.py:183} INFO - Processing /opt/airflow/dags/dag_py_op.py took 0.152 seconds
[2024-03-09T16:08:52.474+0000] {processor.py:161} INFO - Started process (PID=25803) to work on /opt/airflow/dags/dag_py_op.py
[2024-03-09T16:08:52.476+0000] {processor.py:830} INFO - Processing file /opt/airflow/dags/dag_py_op.py for tasks to queue
[2024-03-09T16:08:52.477+0000] {logging_mixin.py:188} INFO - [2024-03-09T16:08:52.477+0000] {dagbag.py:540} INFO - Filling up the DagBag from /opt/airflow/dags/dag_py_op.py
[2024-03-09T16:08:52.494+0000] {processor.py:840} INFO - DAG(s) 'dag_py_op_v7' retrieved from /opt/airflow/dags/dag_py_op.py
[2024-03-09T16:08:52.519+0000] {logging_mixin.py:188} INFO - [2024-03-09T16:08:52.518+0000] {dag.py:3047} INFO - Sync 1 DAGs
[2024-03-09T16:08:52.536+0000] {logging_mixin.py:188} INFO - [2024-03-09T16:08:52.536+0000] {dag.py:3834} INFO - Setting next_dagrun for dag_py_op_v7 to 2024-03-06 00:00:00+00:00, run_after=2024-03-07 00:00:00+00:00
[2024-03-09T16:08:52.548+0000] {processor.py:183} INFO - Processing /opt/airflow/dags/dag_py_op.py took 0.080 seconds
[2024-03-09T16:15:29.535+0000] {processor.py:161} INFO - Started process (PID=25819) to work on /opt/airflow/dags/dag_py_op.py
[2024-03-09T16:15:29.536+0000] {processor.py:830} INFO - Processing file /opt/airflow/dags/dag_py_op.py for tasks to queue
[2024-03-09T16:15:29.537+0000] {logging_mixin.py:188} INFO - [2024-03-09T16:15:29.536+0000] {dagbag.py:540} INFO - Filling up the DagBag from /opt/airflow/dags/dag_py_op.py
[2024-03-09T16:15:29.552+0000] {processor.py:840} INFO - DAG(s) 'dag_py_op_v7' retrieved from /opt/airflow/dags/dag_py_op.py
[2024-03-09T16:15:29.573+0000] {logging_mixin.py:188} INFO - [2024-03-09T16:15:29.573+0000] {dag.py:3047} INFO - Sync 1 DAGs
[2024-03-09T16:15:29.587+0000] {logging_mixin.py:188} INFO - [2024-03-09T16:15:29.587+0000] {dag.py:3834} INFO - Setting next_dagrun for dag_py_op_v7 to 2024-03-06 00:00:00+00:00, run_after=2024-03-07 00:00:00+00:00
[2024-03-09T16:15:29.599+0000] {processor.py:183} INFO - Processing /opt/airflow/dags/dag_py_op.py took 0.069 seconds
[2024-03-09T16:38:03.704+0000] {processor.py:161} INFO - Started process (PID=25837) to work on /opt/airflow/dags/dag_py_op.py
[2024-03-09T16:38:03.713+0000] {processor.py:830} INFO - Processing file /opt/airflow/dags/dag_py_op.py for tasks to queue
[2024-03-09T16:38:03.736+0000] {logging_mixin.py:188} INFO - [2024-03-09T16:38:03.720+0000] {dagbag.py:540} INFO - Filling up the DagBag from /opt/airflow/dags/dag_py_op.py
[2024-03-09T16:38:03.816+0000] {processor.py:840} INFO - DAG(s) 'dag_py_op_v7' retrieved from /opt/airflow/dags/dag_py_op.py
[2024-03-09T16:38:03.915+0000] {logging_mixin.py:188} INFO - [2024-03-09T16:38:03.915+0000] {dag.py:3047} INFO - Sync 1 DAGs
[2024-03-09T16:38:04.012+0000] {logging_mixin.py:188} INFO - [2024-03-09T16:38:04.011+0000] {dag.py:3834} INFO - Setting next_dagrun for dag_py_op_v7 to 2024-03-06 00:00:00+00:00, run_after=2024-03-07 00:00:00+00:00
[2024-03-09T16:38:04.098+0000] {processor.py:183} INFO - Processing /opt/airflow/dags/dag_py_op.py took 0.403 seconds
[2024-03-09T16:38:34.650+0000] {processor.py:161} INFO - Started process (PID=25852) to work on /opt/airflow/dags/dag_py_op.py
[2024-03-09T16:38:34.654+0000] {processor.py:830} INFO - Processing file /opt/airflow/dags/dag_py_op.py for tasks to queue
[2024-03-09T16:38:34.656+0000] {logging_mixin.py:188} INFO - [2024-03-09T16:38:34.655+0000] {dagbag.py:540} INFO - Filling up the DagBag from /opt/airflow/dags/dag_py_op.py
[2024-03-09T16:38:34.672+0000] {processor.py:840} INFO - DAG(s) 'dag_py_op_v7' retrieved from /opt/airflow/dags/dag_py_op.py
[2024-03-09T16:38:34.700+0000] {logging_mixin.py:188} INFO - [2024-03-09T16:38:34.700+0000] {dag.py:3047} INFO - Sync 1 DAGs
[2024-03-09T16:38:34.720+0000] {logging_mixin.py:188} INFO - [2024-03-09T16:38:34.720+0000] {dag.py:3834} INFO - Setting next_dagrun for dag_py_op_v7 to 2024-03-06 00:00:00+00:00, run_after=2024-03-07 00:00:00+00:00
[2024-03-09T16:38:34.732+0000] {processor.py:183} INFO - Processing /opt/airflow/dags/dag_py_op.py took 0.092 seconds
[2024-03-09T17:11:47.551+0000] {processor.py:161} INFO - Started process (PID=25868) to work on /opt/airflow/dags/dag_py_op.py
[2024-03-09T17:11:47.556+0000] {processor.py:830} INFO - Processing file /opt/airflow/dags/dag_py_op.py for tasks to queue
[2024-03-09T17:11:47.559+0000] {logging_mixin.py:188} INFO - [2024-03-09T17:11:47.558+0000] {dagbag.py:540} INFO - Filling up the DagBag from /opt/airflow/dags/dag_py_op.py
[2024-03-09T17:11:47.591+0000] {processor.py:840} INFO - DAG(s) 'dag_py_op_v7' retrieved from /opt/airflow/dags/dag_py_op.py
[2024-03-09T17:11:47.681+0000] {logging_mixin.py:188} INFO - [2024-03-09T17:11:47.680+0000] {dag.py:3047} INFO - Sync 1 DAGs
[2024-03-09T17:11:47.716+0000] {logging_mixin.py:188} INFO - [2024-03-09T17:11:47.716+0000] {dag.py:3834} INFO - Setting next_dagrun for dag_py_op_v7 to 2024-03-06 00:00:00+00:00, run_after=2024-03-07 00:00:00+00:00
[2024-03-09T17:11:47.752+0000] {processor.py:183} INFO - Processing /opt/airflow/dags/dag_py_op.py took 0.209 seconds
[2024-03-09T17:12:18.192+0000] {processor.py:161} INFO - Started process (PID=25884) to work on /opt/airflow/dags/dag_py_op.py
[2024-03-09T17:12:18.193+0000] {processor.py:830} INFO - Processing file /opt/airflow/dags/dag_py_op.py for tasks to queue
[2024-03-09T17:12:18.194+0000] {logging_mixin.py:188} INFO - [2024-03-09T17:12:18.194+0000] {dagbag.py:540} INFO - Filling up the DagBag from /opt/airflow/dags/dag_py_op.py
[2024-03-09T17:12:18.207+0000] {processor.py:840} INFO - DAG(s) 'dag_py_op_v7' retrieved from /opt/airflow/dags/dag_py_op.py
[2024-03-09T17:12:18.228+0000] {logging_mixin.py:188} INFO - [2024-03-09T17:12:18.227+0000] {dag.py:3047} INFO - Sync 1 DAGs
[2024-03-09T17:12:18.242+0000] {logging_mixin.py:188} INFO - [2024-03-09T17:12:18.242+0000] {dag.py:3834} INFO - Setting next_dagrun for dag_py_op_v7 to 2024-03-06 00:00:00+00:00, run_after=2024-03-07 00:00:00+00:00
[2024-03-09T17:12:18.254+0000] {processor.py:183} INFO - Processing /opt/airflow/dags/dag_py_op.py took 0.067 seconds
[2024-03-09T18:06:10.109+0000] {processor.py:161} INFO - Started process (PID=25900) to work on /opt/airflow/dags/dag_py_op.py
[2024-03-09T18:06:10.111+0000] {processor.py:830} INFO - Processing file /opt/airflow/dags/dag_py_op.py for tasks to queue
[2024-03-09T18:06:10.116+0000] {logging_mixin.py:188} INFO - [2024-03-09T18:06:10.115+0000] {dagbag.py:540} INFO - Filling up the DagBag from /opt/airflow/dags/dag_py_op.py
[2024-03-09T18:06:10.141+0000] {processor.py:840} INFO - DAG(s) 'dag_py_op_v7' retrieved from /opt/airflow/dags/dag_py_op.py
[2024-03-09T18:06:10.178+0000] {logging_mixin.py:188} INFO - [2024-03-09T18:06:10.178+0000] {dag.py:3047} INFO - Sync 1 DAGs
[2024-03-09T18:06:10.212+0000] {logging_mixin.py:188} INFO - [2024-03-09T18:06:10.212+0000] {dag.py:3834} INFO - Setting next_dagrun for dag_py_op_v7 to 2024-03-06 00:00:00+00:00, run_after=2024-03-07 00:00:00+00:00
[2024-03-09T18:06:10.245+0000] {processor.py:183} INFO - Processing /opt/airflow/dags/dag_py_op.py took 0.144 seconds
[2024-03-09T18:06:40.666+0000] {processor.py:161} INFO - Started process (PID=25916) to work on /opt/airflow/dags/dag_py_op.py
[2024-03-09T18:06:40.667+0000] {processor.py:830} INFO - Processing file /opt/airflow/dags/dag_py_op.py for tasks to queue
[2024-03-09T18:06:40.668+0000] {logging_mixin.py:188} INFO - [2024-03-09T18:06:40.668+0000] {dagbag.py:540} INFO - Filling up the DagBag from /opt/airflow/dags/dag_py_op.py
[2024-03-09T18:06:40.678+0000] {processor.py:840} INFO - DAG(s) 'dag_py_op_v7' retrieved from /opt/airflow/dags/dag_py_op.py
[2024-03-09T18:06:40.697+0000] {logging_mixin.py:188} INFO - [2024-03-09T18:06:40.697+0000] {dag.py:3047} INFO - Sync 1 DAGs
[2024-03-09T18:06:40.713+0000] {logging_mixin.py:188} INFO - [2024-03-09T18:06:40.713+0000] {dag.py:3834} INFO - Setting next_dagrun for dag_py_op_v7 to 2024-03-06 00:00:00+00:00, run_after=2024-03-07 00:00:00+00:00
[2024-03-09T18:06:40.724+0000] {processor.py:183} INFO - Processing /opt/airflow/dags/dag_py_op.py took 0.062 seconds
[2024-03-09T19:00:28.972+0000] {processor.py:161} INFO - Started process (PID=25932) to work on /opt/airflow/dags/dag_py_op.py
[2024-03-09T19:00:28.975+0000] {processor.py:830} INFO - Processing file /opt/airflow/dags/dag_py_op.py for tasks to queue
[2024-03-09T19:00:28.976+0000] {logging_mixin.py:188} INFO - [2024-03-09T19:00:28.976+0000] {dagbag.py:540} INFO - Filling up the DagBag from /opt/airflow/dags/dag_py_op.py
[2024-03-09T19:00:28.999+0000] {processor.py:840} INFO - DAG(s) 'dag_py_op_v7' retrieved from /opt/airflow/dags/dag_py_op.py
[2024-03-09T19:00:29.042+0000] {logging_mixin.py:188} INFO - [2024-03-09T19:00:29.042+0000] {dag.py:3047} INFO - Sync 1 DAGs
[2024-03-09T19:00:29.075+0000] {logging_mixin.py:188} INFO - [2024-03-09T19:00:29.075+0000] {dag.py:3834} INFO - Setting next_dagrun for dag_py_op_v7 to 2024-03-06 00:00:00+00:00, run_after=2024-03-07 00:00:00+00:00
[2024-03-09T19:00:29.100+0000] {processor.py:183} INFO - Processing /opt/airflow/dags/dag_py_op.py took 0.135 seconds
[2024-03-09T19:54:17.577+0000] {processor.py:161} INFO - Started process (PID=25948) to work on /opt/airflow/dags/dag_py_op.py
[2024-03-09T19:54:17.579+0000] {processor.py:830} INFO - Processing file /opt/airflow/dags/dag_py_op.py for tasks to queue
[2024-03-09T19:54:17.580+0000] {logging_mixin.py:188} INFO - [2024-03-09T19:54:17.579+0000] {dagbag.py:540} INFO - Filling up the DagBag from /opt/airflow/dags/dag_py_op.py
[2024-03-09T19:54:17.602+0000] {processor.py:840} INFO - DAG(s) 'dag_py_op_v7' retrieved from /opt/airflow/dags/dag_py_op.py
[2024-03-09T19:54:17.628+0000] {logging_mixin.py:188} INFO - [2024-03-09T19:54:17.628+0000] {dag.py:3047} INFO - Sync 1 DAGs
[2024-03-09T19:54:17.649+0000] {logging_mixin.py:188} INFO - [2024-03-09T19:54:17.649+0000] {dag.py:3834} INFO - Setting next_dagrun for dag_py_op_v7 to 2024-03-06 00:00:00+00:00, run_after=2024-03-07 00:00:00+00:00
[2024-03-09T19:54:17.665+0000] {processor.py:183} INFO - Processing /opt/airflow/dags/dag_py_op.py took 0.093 seconds
[2024-03-09T19:54:47.989+0000] {processor.py:161} INFO - Started process (PID=25964) to work on /opt/airflow/dags/dag_py_op.py
[2024-03-09T19:54:47.990+0000] {processor.py:830} INFO - Processing file /opt/airflow/dags/dag_py_op.py for tasks to queue
[2024-03-09T19:54:47.991+0000] {logging_mixin.py:188} INFO - [2024-03-09T19:54:47.991+0000] {dagbag.py:540} INFO - Filling up the DagBag from /opt/airflow/dags/dag_py_op.py
[2024-03-09T19:54:48.007+0000] {processor.py:840} INFO - DAG(s) 'dag_py_op_v7' retrieved from /opt/airflow/dags/dag_py_op.py
[2024-03-09T19:54:48.026+0000] {logging_mixin.py:188} INFO - [2024-03-09T19:54:48.026+0000] {dag.py:3047} INFO - Sync 1 DAGs
[2024-03-09T19:54:48.041+0000] {logging_mixin.py:188} INFO - [2024-03-09T19:54:48.041+0000] {dag.py:3834} INFO - Setting next_dagrun for dag_py_op_v7 to 2024-03-06 00:00:00+00:00, run_after=2024-03-07 00:00:00+00:00
[2024-03-09T19:54:48.054+0000] {processor.py:183} INFO - Processing /opt/airflow/dags/dag_py_op.py took 0.070 seconds
[2024-03-09T20:25:23.272+0000] {processor.py:161} INFO - Started process (PID=25980) to work on /opt/airflow/dags/dag_py_op.py
[2024-03-09T20:25:23.275+0000] {processor.py:830} INFO - Processing file /opt/airflow/dags/dag_py_op.py for tasks to queue
[2024-03-09T20:25:23.277+0000] {logging_mixin.py:188} INFO - [2024-03-09T20:25:23.276+0000] {dagbag.py:540} INFO - Filling up the DagBag from /opt/airflow/dags/dag_py_op.py
[2024-03-09T20:25:23.301+0000] {processor.py:840} INFO - DAG(s) 'dag_py_op_v7' retrieved from /opt/airflow/dags/dag_py_op.py
[2024-03-09T20:25:23.349+0000] {logging_mixin.py:188} INFO - [2024-03-09T20:25:23.349+0000] {dag.py:3047} INFO - Sync 1 DAGs
[2024-03-09T20:25:23.389+0000] {logging_mixin.py:188} INFO - [2024-03-09T20:25:23.389+0000] {dag.py:3834} INFO - Setting next_dagrun for dag_py_op_v7 to 2024-03-06 00:00:00+00:00, run_after=2024-03-07 00:00:00+00:00
[2024-03-09T20:25:23.417+0000] {processor.py:183} INFO - Processing /opt/airflow/dags/dag_py_op.py took 0.154 seconds
[2024-03-09T20:25:53.883+0000] {processor.py:161} INFO - Started process (PID=25996) to work on /opt/airflow/dags/dag_py_op.py
[2024-03-09T20:25:53.885+0000] {processor.py:830} INFO - Processing file /opt/airflow/dags/dag_py_op.py for tasks to queue
[2024-03-09T20:25:53.887+0000] {logging_mixin.py:188} INFO - [2024-03-09T20:25:53.886+0000] {dagbag.py:540} INFO - Filling up the DagBag from /opt/airflow/dags/dag_py_op.py
[2024-03-09T20:25:53.907+0000] {processor.py:840} INFO - DAG(s) 'dag_py_op_v7' retrieved from /opt/airflow/dags/dag_py_op.py
[2024-03-09T20:25:53.931+0000] {logging_mixin.py:188} INFO - [2024-03-09T20:25:53.931+0000] {dag.py:3047} INFO - Sync 1 DAGs
[2024-03-09T20:25:53.947+0000] {logging_mixin.py:188} INFO - [2024-03-09T20:25:53.947+0000] {dag.py:3834} INFO - Setting next_dagrun for dag_py_op_v7 to 2024-03-06 00:00:00+00:00, run_after=2024-03-07 00:00:00+00:00
[2024-03-09T20:25:53.960+0000] {processor.py:183} INFO - Processing /opt/airflow/dags/dag_py_op.py took 0.085 seconds
[2024-03-09T21:11:57.142+0000] {processor.py:161} INFO - Started process (PID=26014) to work on /opt/airflow/dags/dag_py_op.py
[2024-03-09T21:11:57.144+0000] {processor.py:830} INFO - Processing file /opt/airflow/dags/dag_py_op.py for tasks to queue
[2024-03-09T21:11:57.146+0000] {logging_mixin.py:188} INFO - [2024-03-09T21:11:57.145+0000] {dagbag.py:540} INFO - Filling up the DagBag from /opt/airflow/dags/dag_py_op.py
[2024-03-09T21:11:57.193+0000] {processor.py:840} INFO - DAG(s) 'dag_py_op_v7' retrieved from /opt/airflow/dags/dag_py_op.py
[2024-03-09T21:11:57.249+0000] {logging_mixin.py:188} INFO - [2024-03-09T21:11:57.249+0000] {dag.py:3047} INFO - Sync 1 DAGs
[2024-03-09T21:11:57.288+0000] {logging_mixin.py:188} INFO - [2024-03-09T21:11:57.287+0000] {dag.py:3834} INFO - Setting next_dagrun for dag_py_op_v7 to 2024-03-06 00:00:00+00:00, run_after=2024-03-07 00:00:00+00:00
[2024-03-09T21:11:57.317+0000] {processor.py:183} INFO - Processing /opt/airflow/dags/dag_py_op.py took 0.183 seconds
[2024-03-09T22:05:45.858+0000] {processor.py:161} INFO - Started process (PID=26030) to work on /opt/airflow/dags/dag_py_op.py
[2024-03-09T22:05:45.861+0000] {processor.py:830} INFO - Processing file /opt/airflow/dags/dag_py_op.py for tasks to queue
[2024-03-09T22:05:45.863+0000] {logging_mixin.py:188} INFO - [2024-03-09T22:05:45.862+0000] {dagbag.py:540} INFO - Filling up the DagBag from /opt/airflow/dags/dag_py_op.py
[2024-03-09T22:05:45.889+0000] {processor.py:840} INFO - DAG(s) 'dag_py_op_v7' retrieved from /opt/airflow/dags/dag_py_op.py
[2024-03-09T22:05:45.950+0000] {logging_mixin.py:188} INFO - [2024-03-09T22:05:45.950+0000] {dag.py:3047} INFO - Sync 1 DAGs
[2024-03-09T22:05:45.993+0000] {logging_mixin.py:188} INFO - [2024-03-09T22:05:45.993+0000] {dag.py:3834} INFO - Setting next_dagrun for dag_py_op_v7 to 2024-03-06 00:00:00+00:00, run_after=2024-03-07 00:00:00+00:00
[2024-03-09T22:05:46.032+0000] {processor.py:183} INFO - Processing /opt/airflow/dags/dag_py_op.py took 0.183 seconds
[2024-03-09T22:06:16.498+0000] {processor.py:161} INFO - Started process (PID=26046) to work on /opt/airflow/dags/dag_py_op.py
[2024-03-09T22:06:16.500+0000] {processor.py:830} INFO - Processing file /opt/airflow/dags/dag_py_op.py for tasks to queue
[2024-03-09T22:06:16.502+0000] {logging_mixin.py:188} INFO - [2024-03-09T22:06:16.501+0000] {dagbag.py:540} INFO - Filling up the DagBag from /opt/airflow/dags/dag_py_op.py
[2024-03-09T22:06:16.521+0000] {processor.py:840} INFO - DAG(s) 'dag_py_op_v7' retrieved from /opt/airflow/dags/dag_py_op.py
[2024-03-09T22:06:16.545+0000] {logging_mixin.py:188} INFO - [2024-03-09T22:06:16.545+0000] {dag.py:3047} INFO - Sync 1 DAGs
[2024-03-09T22:06:16.561+0000] {logging_mixin.py:188} INFO - [2024-03-09T22:06:16.561+0000] {dag.py:3834} INFO - Setting next_dagrun for dag_py_op_v7 to 2024-03-06 00:00:00+00:00, run_after=2024-03-07 00:00:00+00:00
[2024-03-09T22:06:16.573+0000] {processor.py:183} INFO - Processing /opt/airflow/dags/dag_py_op.py took 0.079 seconds
[2024-03-09T23:00:04.739+0000] {processor.py:161} INFO - Started process (PID=26062) to work on /opt/airflow/dags/dag_py_op.py
[2024-03-09T23:00:04.740+0000] {processor.py:830} INFO - Processing file /opt/airflow/dags/dag_py_op.py for tasks to queue
[2024-03-09T23:00:04.741+0000] {logging_mixin.py:188} INFO - [2024-03-09T23:00:04.740+0000] {dagbag.py:540} INFO - Filling up the DagBag from /opt/airflow/dags/dag_py_op.py
[2024-03-09T23:00:04.756+0000] {processor.py:840} INFO - DAG(s) 'dag_py_op_v7' retrieved from /opt/airflow/dags/dag_py_op.py
[2024-03-09T23:00:04.779+0000] {logging_mixin.py:188} INFO - [2024-03-09T23:00:04.778+0000] {dag.py:3047} INFO - Sync 1 DAGs
[2024-03-09T23:00:04.796+0000] {logging_mixin.py:188} INFO - [2024-03-09T23:00:04.796+0000] {dag.py:3834} INFO - Setting next_dagrun for dag_py_op_v7 to 2024-03-06 00:00:00+00:00, run_after=2024-03-07 00:00:00+00:00
[2024-03-09T23:00:04.809+0000] {processor.py:183} INFO - Processing /opt/airflow/dags/dag_py_op.py took 0.074 seconds
[2024-03-09T23:12:34.981+0000] {processor.py:161} INFO - Started process (PID=26079) to work on /opt/airflow/dags/dag_py_op.py
[2024-03-09T23:12:34.982+0000] {processor.py:830} INFO - Processing file /opt/airflow/dags/dag_py_op.py for tasks to queue
[2024-03-09T23:12:34.983+0000] {logging_mixin.py:188} INFO - [2024-03-09T23:12:34.982+0000] {dagbag.py:540} INFO - Filling up the DagBag from /opt/airflow/dags/dag_py_op.py
[2024-03-09T23:12:34.997+0000] {processor.py:840} INFO - DAG(s) 'dag_py_op_v7' retrieved from /opt/airflow/dags/dag_py_op.py
[2024-03-09T23:12:35.023+0000] {logging_mixin.py:188} INFO - [2024-03-09T23:12:35.023+0000] {dag.py:3047} INFO - Sync 1 DAGs
[2024-03-09T23:12:35.039+0000] {logging_mixin.py:188} INFO - [2024-03-09T23:12:35.039+0000] {dag.py:3834} INFO - Setting next_dagrun for dag_py_op_v7 to 2024-03-06 00:00:00+00:00, run_after=2024-03-07 00:00:00+00:00
[2024-03-09T23:12:35.051+0000] {processor.py:183} INFO - Processing /opt/airflow/dags/dag_py_op.py took 0.075 seconds
[2024-03-09T23:55:05.349+0000] {processor.py:161} INFO - Started process (PID=26096) to work on /opt/airflow/dags/dag_py_op.py
[2024-03-09T23:55:05.350+0000] {processor.py:830} INFO - Processing file /opt/airflow/dags/dag_py_op.py for tasks to queue
[2024-03-09T23:55:05.352+0000] {logging_mixin.py:188} INFO - [2024-03-09T23:55:05.351+0000] {dagbag.py:540} INFO - Filling up the DagBag from /opt/airflow/dags/dag_py_op.py
[2024-03-09T23:55:05.365+0000] {processor.py:840} INFO - DAG(s) 'dag_py_op_v7' retrieved from /opt/airflow/dags/dag_py_op.py
[2024-03-09T23:55:05.390+0000] {logging_mixin.py:188} INFO - [2024-03-09T23:55:05.390+0000] {dag.py:3047} INFO - Sync 1 DAGs
[2024-03-09T23:55:05.410+0000] {logging_mixin.py:188} INFO - [2024-03-09T23:55:05.410+0000] {dag.py:3834} INFO - Setting next_dagrun for dag_py_op_v7 to 2024-03-06 00:00:00+00:00, run_after=2024-03-07 00:00:00+00:00
[2024-03-09T23:55:05.425+0000] {processor.py:183} INFO - Processing /opt/airflow/dags/dag_py_op.py took 0.081 seconds
