[2024-03-05T11:06:12.272+0000] {processor.py:161} INFO - Started process (PID=2432) to work on /opt/airflow/dags/dag_py_op.py
[2024-03-05T11:06:12.273+0000] {processor.py:830} INFO - Processing file /opt/airflow/dags/dag_py_op.py for tasks to queue
[2024-03-05T11:06:12.273+0000] {logging_mixin.py:188} INFO - [2024-03-05T11:06:12.273+0000] {dagbag.py:540} INFO - Filling up the DagBag from /opt/airflow/dags/dag_py_op.py
[2024-03-05T11:06:12.284+0000] {processor.py:840} INFO - DAG(s) 'dag_py_op_v1' retrieved from /opt/airflow/dags/dag_py_op.py
[2024-03-05T11:06:12.351+0000] {logging_mixin.py:188} INFO - [2024-03-05T11:06:12.350+0000] {override.py:1769} INFO - Created Permission View: can delete on DAG:dag_py_op_v1
[2024-03-05T11:06:12.356+0000] {logging_mixin.py:188} INFO - [2024-03-05T11:06:12.356+0000] {override.py:1769} INFO - Created Permission View: can read on DAG:dag_py_op_v1
[2024-03-05T11:06:12.360+0000] {logging_mixin.py:188} INFO - [2024-03-05T11:06:12.359+0000] {override.py:1769} INFO - Created Permission View: can edit on DAG:dag_py_op_v1
[2024-03-05T11:06:12.360+0000] {logging_mixin.py:188} INFO - [2024-03-05T11:06:12.360+0000] {dag.py:3047} INFO - Sync 1 DAGs
[2024-03-05T11:06:12.366+0000] {logging_mixin.py:188} INFO - [2024-03-05T11:06:12.366+0000] {dag.py:3069} INFO - Creating ORM DAG for dag_py_op_v1
[2024-03-05T11:06:12.372+0000] {logging_mixin.py:188} INFO - [2024-03-05T11:06:12.372+0000] {dag.py:3834} INFO - Setting next_dagrun for dag_py_op_v1 to 2024-03-04 00:00:00+00:00, run_after=2024-03-05 00:00:00+00:00
[2024-03-05T11:06:12.382+0000] {processor.py:183} INFO - Processing /opt/airflow/dags/dag_py_op.py took 0.113 seconds
[2024-03-05T11:06:42.685+0000] {processor.py:161} INFO - Started process (PID=2450) to work on /opt/airflow/dags/dag_py_op.py
[2024-03-05T11:06:42.687+0000] {processor.py:830} INFO - Processing file /opt/airflow/dags/dag_py_op.py for tasks to queue
[2024-03-05T11:06:42.689+0000] {logging_mixin.py:188} INFO - [2024-03-05T11:06:42.688+0000] {dagbag.py:540} INFO - Filling up the DagBag from /opt/airflow/dags/dag_py_op.py
[2024-03-05T11:06:42.705+0000] {processor.py:840} INFO - DAG(s) 'dag_py_op_v1' retrieved from /opt/airflow/dags/dag_py_op.py
[2024-03-05T11:06:42.730+0000] {logging_mixin.py:188} INFO - [2024-03-05T11:06:42.730+0000] {dag.py:3047} INFO - Sync 1 DAGs
[2024-03-05T11:06:42.747+0000] {logging_mixin.py:188} INFO - [2024-03-05T11:06:42.747+0000] {dag.py:3834} INFO - Setting next_dagrun for dag_py_op_v1 to 2024-03-05 00:00:00+00:00, run_after=2024-03-06 00:00:00+00:00
[2024-03-05T11:06:42.760+0000] {processor.py:183} INFO - Processing /opt/airflow/dags/dag_py_op.py took 0.081 seconds
[2024-03-05T11:07:13.063+0000] {processor.py:161} INFO - Started process (PID=2466) to work on /opt/airflow/dags/dag_py_op.py
[2024-03-05T11:07:13.064+0000] {processor.py:830} INFO - Processing file /opt/airflow/dags/dag_py_op.py for tasks to queue
[2024-03-05T11:07:13.065+0000] {logging_mixin.py:188} INFO - [2024-03-05T11:07:13.065+0000] {dagbag.py:540} INFO - Filling up the DagBag from /opt/airflow/dags/dag_py_op.py
[2024-03-05T11:07:13.079+0000] {processor.py:840} INFO - DAG(s) 'dag_py_op_v1' retrieved from /opt/airflow/dags/dag_py_op.py
[2024-03-05T11:07:13.100+0000] {logging_mixin.py:188} INFO - [2024-03-05T11:07:13.100+0000] {dag.py:3047} INFO - Sync 1 DAGs
[2024-03-05T11:07:13.116+0000] {logging_mixin.py:188} INFO - [2024-03-05T11:07:13.115+0000] {dag.py:3834} INFO - Setting next_dagrun for dag_py_op_v1 to 2024-03-05 00:00:00+00:00, run_after=2024-03-06 00:00:00+00:00
[2024-03-05T11:07:13.128+0000] {processor.py:183} INFO - Processing /opt/airflow/dags/dag_py_op.py took 0.070 seconds
[2024-03-05T11:07:43.379+0000] {processor.py:161} INFO - Started process (PID=2481) to work on /opt/airflow/dags/dag_py_op.py
[2024-03-05T11:07:43.381+0000] {processor.py:830} INFO - Processing file /opt/airflow/dags/dag_py_op.py for tasks to queue
[2024-03-05T11:07:43.382+0000] {logging_mixin.py:188} INFO - [2024-03-05T11:07:43.382+0000] {dagbag.py:540} INFO - Filling up the DagBag from /opt/airflow/dags/dag_py_op.py
[2024-03-05T11:07:43.398+0000] {processor.py:840} INFO - DAG(s) 'dag_py_op_v1' retrieved from /opt/airflow/dags/dag_py_op.py
[2024-03-05T11:07:43.422+0000] {logging_mixin.py:188} INFO - [2024-03-05T11:07:43.422+0000] {dag.py:3047} INFO - Sync 1 DAGs
[2024-03-05T11:07:43.437+0000] {logging_mixin.py:188} INFO - [2024-03-05T11:07:43.437+0000] {dag.py:3834} INFO - Setting next_dagrun for dag_py_op_v1 to 2024-03-05 00:00:00+00:00, run_after=2024-03-06 00:00:00+00:00
[2024-03-05T11:07:43.448+0000] {processor.py:183} INFO - Processing /opt/airflow/dags/dag_py_op.py took 0.074 seconds
[2024-03-05T11:08:13.730+0000] {processor.py:161} INFO - Started process (PID=2497) to work on /opt/airflow/dags/dag_py_op.py
[2024-03-05T11:08:13.731+0000] {processor.py:830} INFO - Processing file /opt/airflow/dags/dag_py_op.py for tasks to queue
[2024-03-05T11:08:13.732+0000] {logging_mixin.py:188} INFO - [2024-03-05T11:08:13.732+0000] {dagbag.py:540} INFO - Filling up the DagBag from /opt/airflow/dags/dag_py_op.py
[2024-03-05T11:08:13.740+0000] {processor.py:840} INFO - DAG(s) 'dag_py_op_v1' retrieved from /opt/airflow/dags/dag_py_op.py
[2024-03-05T11:08:13.764+0000] {logging_mixin.py:188} INFO - [2024-03-05T11:08:13.764+0000] {dag.py:3047} INFO - Sync 1 DAGs
[2024-03-05T11:08:13.780+0000] {logging_mixin.py:188} INFO - [2024-03-05T11:08:13.780+0000] {dag.py:3834} INFO - Setting next_dagrun for dag_py_op_v1 to 2024-03-05 00:00:00+00:00, run_after=2024-03-06 00:00:00+00:00
[2024-03-05T11:08:13.793+0000] {processor.py:183} INFO - Processing /opt/airflow/dags/dag_py_op.py took 0.065 seconds
[2024-03-05T11:08:44.088+0000] {processor.py:161} INFO - Started process (PID=2513) to work on /opt/airflow/dags/dag_py_op.py
[2024-03-05T11:08:44.090+0000] {processor.py:830} INFO - Processing file /opt/airflow/dags/dag_py_op.py for tasks to queue
[2024-03-05T11:08:44.091+0000] {logging_mixin.py:188} INFO - [2024-03-05T11:08:44.091+0000] {dagbag.py:540} INFO - Filling up the DagBag from /opt/airflow/dags/dag_py_op.py
[2024-03-05T11:08:44.104+0000] {processor.py:840} INFO - DAG(s) 'dag_py_op_v1' retrieved from /opt/airflow/dags/dag_py_op.py
[2024-03-05T11:08:44.129+0000] {logging_mixin.py:188} INFO - [2024-03-05T11:08:44.129+0000] {dag.py:3047} INFO - Sync 1 DAGs
[2024-03-05T11:08:44.145+0000] {logging_mixin.py:188} INFO - [2024-03-05T11:08:44.145+0000] {dag.py:3834} INFO - Setting next_dagrun for dag_py_op_v1 to 2024-03-05 00:00:00+00:00, run_after=2024-03-06 00:00:00+00:00
[2024-03-05T11:08:44.158+0000] {processor.py:183} INFO - Processing /opt/airflow/dags/dag_py_op.py took 0.074 seconds
[2024-03-05T11:09:14.469+0000] {processor.py:161} INFO - Started process (PID=2529) to work on /opt/airflow/dags/dag_py_op.py
[2024-03-05T11:09:14.472+0000] {processor.py:830} INFO - Processing file /opt/airflow/dags/dag_py_op.py for tasks to queue
[2024-03-05T11:09:14.474+0000] {logging_mixin.py:188} INFO - [2024-03-05T11:09:14.473+0000] {dagbag.py:540} INFO - Filling up the DagBag from /opt/airflow/dags/dag_py_op.py
[2024-03-05T11:09:14.490+0000] {processor.py:840} INFO - DAG(s) 'dag_py_op_v1' retrieved from /opt/airflow/dags/dag_py_op.py
[2024-03-05T11:09:14.513+0000] {logging_mixin.py:188} INFO - [2024-03-05T11:09:14.513+0000] {dag.py:3047} INFO - Sync 1 DAGs
[2024-03-05T11:09:14.528+0000] {logging_mixin.py:188} INFO - [2024-03-05T11:09:14.528+0000] {dag.py:3834} INFO - Setting next_dagrun for dag_py_op_v1 to 2024-03-05 00:00:00+00:00, run_after=2024-03-06 00:00:00+00:00
[2024-03-05T11:09:14.540+0000] {processor.py:183} INFO - Processing /opt/airflow/dags/dag_py_op.py took 0.076 seconds
[2024-03-05T11:09:44.849+0000] {processor.py:161} INFO - Started process (PID=2545) to work on /opt/airflow/dags/dag_py_op.py
[2024-03-05T11:09:44.851+0000] {processor.py:830} INFO - Processing file /opt/airflow/dags/dag_py_op.py for tasks to queue
[2024-03-05T11:09:44.852+0000] {logging_mixin.py:188} INFO - [2024-03-05T11:09:44.851+0000] {dagbag.py:540} INFO - Filling up the DagBag from /opt/airflow/dags/dag_py_op.py
[2024-03-05T11:09:44.864+0000] {processor.py:840} INFO - DAG(s) 'dag_py_op_v1' retrieved from /opt/airflow/dags/dag_py_op.py
[2024-03-05T11:09:44.887+0000] {logging_mixin.py:188} INFO - [2024-03-05T11:09:44.887+0000] {dag.py:3047} INFO - Sync 1 DAGs
[2024-03-05T11:09:44.903+0000] {logging_mixin.py:188} INFO - [2024-03-05T11:09:44.903+0000] {dag.py:3834} INFO - Setting next_dagrun for dag_py_op_v1 to 2024-03-05 00:00:00+00:00, run_after=2024-03-06 00:00:00+00:00
[2024-03-05T11:09:44.915+0000] {processor.py:183} INFO - Processing /opt/airflow/dags/dag_py_op.py took 0.069 seconds
[2024-03-05T11:09:47.876+0000] {processor.py:161} INFO - Started process (PID=2550) to work on /opt/airflow/dags/dag_py_op.py
[2024-03-05T11:09:47.877+0000] {processor.py:830} INFO - Processing file /opt/airflow/dags/dag_py_op.py for tasks to queue
[2024-03-05T11:09:47.878+0000] {logging_mixin.py:188} INFO - [2024-03-05T11:09:47.878+0000] {dagbag.py:540} INFO - Filling up the DagBag from /opt/airflow/dags/dag_py_op.py
[2024-03-05T11:09:47.883+0000] {logging_mixin.py:188} INFO - [2024-03-05T11:09:47.882+0000] {dagbag.py:350} ERROR - Failed to import: /opt/airflow/dags/dag_py_op.py
Traceback (most recent call last):
  File "/home/airflow/.local/lib/python3.11/site-packages/airflow/models/dagbag.py", line 346, in parse
    loader.exec_module(new_module)
  File "<frozen importlib._bootstrap_external>", line 936, in exec_module
  File "<frozen importlib._bootstrap_external>", line 1074, in get_code
  File "<frozen importlib._bootstrap_external>", line 1004, in source_to_code
  File "<frozen importlib._bootstrap>", line 241, in _call_with_frames_removed
  File "/opt/airflow/dags/dag_py_op.py", line 24
    python_callable=greet
                    
SyntaxError: invalid syntax. Perhaps you forgot a comma?
[2024-03-05T11:09:47.883+0000] {processor.py:842} WARNING - No viable dags retrieved from /opt/airflow/dags/dag_py_op.py
[2024-03-05T11:09:47.898+0000] {processor.py:183} INFO - Processing /opt/airflow/dags/dag_py_op.py took 0.023 seconds
[2024-03-05T11:10:18.240+0000] {processor.py:161} INFO - Started process (PID=2566) to work on /opt/airflow/dags/dag_py_op.py
[2024-03-05T11:10:18.241+0000] {processor.py:830} INFO - Processing file /opt/airflow/dags/dag_py_op.py for tasks to queue
[2024-03-05T11:10:18.243+0000] {logging_mixin.py:188} INFO - [2024-03-05T11:10:18.242+0000] {dagbag.py:540} INFO - Filling up the DagBag from /opt/airflow/dags/dag_py_op.py
[2024-03-05T11:10:18.250+0000] {logging_mixin.py:188} INFO - [2024-03-05T11:10:18.248+0000] {dagbag.py:350} ERROR - Failed to import: /opt/airflow/dags/dag_py_op.py
Traceback (most recent call last):
  File "/home/airflow/.local/lib/python3.11/site-packages/airflow/models/dagbag.py", line 346, in parse
    loader.exec_module(new_module)
  File "<frozen importlib._bootstrap_external>", line 936, in exec_module
  File "<frozen importlib._bootstrap_external>", line 1074, in get_code
  File "<frozen importlib._bootstrap_external>", line 1004, in source_to_code
  File "<frozen importlib._bootstrap>", line 241, in _call_with_frames_removed
  File "/opt/airflow/dags/dag_py_op.py", line 24
    python_callable=greet
                    
SyntaxError: invalid syntax. Perhaps you forgot a comma?
[2024-03-05T11:10:18.251+0000] {processor.py:842} WARNING - No viable dags retrieved from /opt/airflow/dags/dag_py_op.py
[2024-03-05T11:10:18.268+0000] {processor.py:183} INFO - Processing /opt/airflow/dags/dag_py_op.py took 0.032 seconds
[2024-03-05T11:10:23.296+0000] {processor.py:161} INFO - Started process (PID=2571) to work on /opt/airflow/dags/dag_py_op.py
[2024-03-05T11:10:23.298+0000] {processor.py:830} INFO - Processing file /opt/airflow/dags/dag_py_op.py for tasks to queue
[2024-03-05T11:10:23.299+0000] {logging_mixin.py:188} INFO - [2024-03-05T11:10:23.299+0000] {dagbag.py:540} INFO - Filling up the DagBag from /opt/airflow/dags/dag_py_op.py
[2024-03-05T11:10:23.317+0000] {processor.py:840} INFO - DAG(s) 'dag_py_op_v2' retrieved from /opt/airflow/dags/dag_py_op.py
[2024-03-05T11:10:23.389+0000] {logging_mixin.py:188} INFO - [2024-03-05T11:10:23.389+0000] {override.py:1769} INFO - Created Permission View: can delete on DAG:dag_py_op_v2
[2024-03-05T11:10:23.395+0000] {logging_mixin.py:188} INFO - [2024-03-05T11:10:23.394+0000] {override.py:1769} INFO - Created Permission View: can read on DAG:dag_py_op_v2
[2024-03-05T11:10:23.398+0000] {logging_mixin.py:188} INFO - [2024-03-05T11:10:23.397+0000] {override.py:1769} INFO - Created Permission View: can edit on DAG:dag_py_op_v2
[2024-03-05T11:10:23.398+0000] {logging_mixin.py:188} INFO - [2024-03-05T11:10:23.398+0000] {dag.py:3047} INFO - Sync 1 DAGs
[2024-03-05T11:10:23.404+0000] {logging_mixin.py:188} INFO - [2024-03-05T11:10:23.404+0000] {dag.py:3069} INFO - Creating ORM DAG for dag_py_op_v2
[2024-03-05T11:10:23.410+0000] {logging_mixin.py:188} INFO - [2024-03-05T11:10:23.410+0000] {dag.py:3834} INFO - Setting next_dagrun for dag_py_op_v2 to 2024-03-04 00:00:00+00:00, run_after=2024-03-05 00:00:00+00:00
[2024-03-05T11:10:23.420+0000] {processor.py:183} INFO - Processing /opt/airflow/dags/dag_py_op.py took 0.129 seconds
[2024-03-05T11:10:53.652+0000] {processor.py:161} INFO - Started process (PID=2589) to work on /opt/airflow/dags/dag_py_op.py
[2024-03-05T11:10:53.654+0000] {processor.py:830} INFO - Processing file /opt/airflow/dags/dag_py_op.py for tasks to queue
[2024-03-05T11:10:53.655+0000] {logging_mixin.py:188} INFO - [2024-03-05T11:10:53.655+0000] {dagbag.py:540} INFO - Filling up the DagBag from /opt/airflow/dags/dag_py_op.py
[2024-03-05T11:10:53.670+0000] {processor.py:840} INFO - DAG(s) 'dag_py_op_v2' retrieved from /opt/airflow/dags/dag_py_op.py
[2024-03-05T11:10:53.691+0000] {logging_mixin.py:188} INFO - [2024-03-05T11:10:53.691+0000] {dag.py:3047} INFO - Sync 1 DAGs
[2024-03-05T11:10:53.706+0000] {logging_mixin.py:188} INFO - [2024-03-05T11:10:53.706+0000] {dag.py:3834} INFO - Setting next_dagrun for dag_py_op_v2 to 2024-03-05 00:00:00+00:00, run_after=2024-03-06 00:00:00+00:00
[2024-03-05T11:10:53.718+0000] {processor.py:183} INFO - Processing /opt/airflow/dags/dag_py_op.py took 0.071 seconds
[2024-03-05T11:11:17.009+0000] {processor.py:161} INFO - Started process (PID=2605) to work on /opt/airflow/dags/dag_py_op.py
[2024-03-05T11:11:17.010+0000] {processor.py:830} INFO - Processing file /opt/airflow/dags/dag_py_op.py for tasks to queue
[2024-03-05T11:11:17.012+0000] {logging_mixin.py:188} INFO - [2024-03-05T11:11:17.011+0000] {dagbag.py:540} INFO - Filling up the DagBag from /opt/airflow/dags/dag_py_op.py
[2024-03-05T11:11:17.027+0000] {processor.py:840} INFO - DAG(s) 'dag_py_op_v2' retrieved from /opt/airflow/dags/dag_py_op.py
[2024-03-05T11:11:17.047+0000] {logging_mixin.py:188} INFO - [2024-03-05T11:11:17.047+0000] {dag.py:3047} INFO - Sync 1 DAGs
[2024-03-05T11:11:17.062+0000] {logging_mixin.py:188} INFO - [2024-03-05T11:11:17.061+0000] {dag.py:3834} INFO - Setting next_dagrun for dag_py_op_v2 to 2024-03-05 00:00:00+00:00, run_after=2024-03-06 00:00:00+00:00
[2024-03-05T11:11:17.074+0000] {processor.py:183} INFO - Processing /opt/airflow/dags/dag_py_op.py took 0.070 seconds
[2024-03-05T11:11:47.412+0000] {processor.py:161} INFO - Started process (PID=2620) to work on /opt/airflow/dags/dag_py_op.py
[2024-03-05T11:11:47.414+0000] {processor.py:830} INFO - Processing file /opt/airflow/dags/dag_py_op.py for tasks to queue
[2024-03-05T11:11:47.415+0000] {logging_mixin.py:188} INFO - [2024-03-05T11:11:47.415+0000] {dagbag.py:540} INFO - Filling up the DagBag from /opt/airflow/dags/dag_py_op.py
[2024-03-05T11:11:47.430+0000] {processor.py:840} INFO - DAG(s) 'dag_py_op_v2' retrieved from /opt/airflow/dags/dag_py_op.py
[2024-03-05T11:11:47.452+0000] {logging_mixin.py:188} INFO - [2024-03-05T11:11:47.452+0000] {dag.py:3047} INFO - Sync 1 DAGs
[2024-03-05T11:11:47.467+0000] {logging_mixin.py:188} INFO - [2024-03-05T11:11:47.467+0000] {dag.py:3834} INFO - Setting next_dagrun for dag_py_op_v2 to 2024-03-05 00:00:00+00:00, run_after=2024-03-06 00:00:00+00:00
[2024-03-05T11:11:47.477+0000] {processor.py:183} INFO - Processing /opt/airflow/dags/dag_py_op.py took 0.069 seconds
[2024-03-05T11:12:17.780+0000] {processor.py:161} INFO - Started process (PID=2636) to work on /opt/airflow/dags/dag_py_op.py
[2024-03-05T11:12:17.781+0000] {processor.py:830} INFO - Processing file /opt/airflow/dags/dag_py_op.py for tasks to queue
[2024-03-05T11:12:17.782+0000] {logging_mixin.py:188} INFO - [2024-03-05T11:12:17.782+0000] {dagbag.py:540} INFO - Filling up the DagBag from /opt/airflow/dags/dag_py_op.py
[2024-03-05T11:12:17.793+0000] {processor.py:840} INFO - DAG(s) 'dag_py_op_v2' retrieved from /opt/airflow/dags/dag_py_op.py
[2024-03-05T11:12:17.812+0000] {logging_mixin.py:188} INFO - [2024-03-05T11:12:17.811+0000] {dag.py:3047} INFO - Sync 1 DAGs
[2024-03-05T11:12:17.828+0000] {logging_mixin.py:188} INFO - [2024-03-05T11:12:17.828+0000] {dag.py:3834} INFO - Setting next_dagrun for dag_py_op_v2 to 2024-03-05 00:00:00+00:00, run_after=2024-03-06 00:00:00+00:00
[2024-03-05T11:12:17.839+0000] {processor.py:183} INFO - Processing /opt/airflow/dags/dag_py_op.py took 0.062 seconds
[2024-03-05T11:12:48.116+0000] {processor.py:161} INFO - Started process (PID=2651) to work on /opt/airflow/dags/dag_py_op.py
[2024-03-05T11:12:48.117+0000] {processor.py:830} INFO - Processing file /opt/airflow/dags/dag_py_op.py for tasks to queue
[2024-03-05T11:12:48.117+0000] {logging_mixin.py:188} INFO - [2024-03-05T11:12:48.117+0000] {dagbag.py:540} INFO - Filling up the DagBag from /opt/airflow/dags/dag_py_op.py
[2024-03-05T11:12:48.127+0000] {processor.py:840} INFO - DAG(s) 'dag_py_op_v2' retrieved from /opt/airflow/dags/dag_py_op.py
[2024-03-05T11:12:48.145+0000] {logging_mixin.py:188} INFO - [2024-03-05T11:12:48.145+0000] {dag.py:3047} INFO - Sync 1 DAGs
[2024-03-05T11:12:48.160+0000] {logging_mixin.py:188} INFO - [2024-03-05T11:12:48.160+0000] {dag.py:3834} INFO - Setting next_dagrun for dag_py_op_v2 to 2024-03-05 00:00:00+00:00, run_after=2024-03-06 00:00:00+00:00
[2024-03-05T11:12:48.171+0000] {processor.py:183} INFO - Processing /opt/airflow/dags/dag_py_op.py took 0.057 seconds
[2024-03-05T11:13:18.437+0000] {processor.py:161} INFO - Started process (PID=2667) to work on /opt/airflow/dags/dag_py_op.py
[2024-03-05T11:13:18.438+0000] {processor.py:830} INFO - Processing file /opt/airflow/dags/dag_py_op.py for tasks to queue
[2024-03-05T11:13:18.439+0000] {logging_mixin.py:188} INFO - [2024-03-05T11:13:18.439+0000] {dagbag.py:540} INFO - Filling up the DagBag from /opt/airflow/dags/dag_py_op.py
[2024-03-05T11:13:18.449+0000] {processor.py:840} INFO - DAG(s) 'dag_py_op_v2' retrieved from /opt/airflow/dags/dag_py_op.py
[2024-03-05T11:13:18.468+0000] {logging_mixin.py:188} INFO - [2024-03-05T11:13:18.467+0000] {dag.py:3047} INFO - Sync 1 DAGs
[2024-03-05T11:13:18.482+0000] {logging_mixin.py:188} INFO - [2024-03-05T11:13:18.481+0000] {dag.py:3834} INFO - Setting next_dagrun for dag_py_op_v2 to 2024-03-05 00:00:00+00:00, run_after=2024-03-06 00:00:00+00:00
[2024-03-05T11:13:18.492+0000] {processor.py:183} INFO - Processing /opt/airflow/dags/dag_py_op.py took 0.057 seconds
[2024-03-05T11:13:48.751+0000] {processor.py:161} INFO - Started process (PID=2682) to work on /opt/airflow/dags/dag_py_op.py
[2024-03-05T11:13:48.752+0000] {processor.py:830} INFO - Processing file /opt/airflow/dags/dag_py_op.py for tasks to queue
[2024-03-05T11:13:48.753+0000] {logging_mixin.py:188} INFO - [2024-03-05T11:13:48.753+0000] {dagbag.py:540} INFO - Filling up the DagBag from /opt/airflow/dags/dag_py_op.py
[2024-03-05T11:13:48.765+0000] {processor.py:840} INFO - DAG(s) 'dag_py_op_v2' retrieved from /opt/airflow/dags/dag_py_op.py
[2024-03-05T11:13:48.785+0000] {logging_mixin.py:188} INFO - [2024-03-05T11:13:48.785+0000] {dag.py:3047} INFO - Sync 1 DAGs
[2024-03-05T11:13:48.801+0000] {logging_mixin.py:188} INFO - [2024-03-05T11:13:48.801+0000] {dag.py:3834} INFO - Setting next_dagrun for dag_py_op_v2 to 2024-03-05 00:00:00+00:00, run_after=2024-03-06 00:00:00+00:00
[2024-03-05T11:13:48.812+0000] {processor.py:183} INFO - Processing /opt/airflow/dags/dag_py_op.py took 0.065 seconds
[2024-03-05T11:13:50.798+0000] {processor.py:161} INFO - Started process (PID=2687) to work on /opt/airflow/dags/dag_py_op.py
[2024-03-05T11:13:50.800+0000] {processor.py:830} INFO - Processing file /opt/airflow/dags/dag_py_op.py for tasks to queue
[2024-03-05T11:13:50.802+0000] {logging_mixin.py:188} INFO - [2024-03-05T11:13:50.801+0000] {dagbag.py:540} INFO - Filling up the DagBag from /opt/airflow/dags/dag_py_op.py
[2024-03-05T11:13:50.821+0000] {processor.py:840} INFO - DAG(s) 'dag_py_op_v2' retrieved from /opt/airflow/dags/dag_py_op.py
[2024-03-05T11:13:50.895+0000] {logging_mixin.py:188} INFO - [2024-03-05T11:13:50.895+0000] {dag.py:3047} INFO - Sync 1 DAGs
[2024-03-05T11:13:50.908+0000] {logging_mixin.py:188} INFO - [2024-03-05T11:13:50.908+0000] {dag.py:3834} INFO - Setting next_dagrun for dag_py_op_v2 to 2024-03-05 00:00:00+00:00, run_after=2024-03-06 00:00:00+00:00
[2024-03-05T11:13:50.921+0000] {processor.py:183} INFO - Processing /opt/airflow/dags/dag_py_op.py took 0.129 seconds
[2024-03-05T11:14:06.989+0000] {processor.py:161} INFO - Started process (PID=2703) to work on /opt/airflow/dags/dag_py_op.py
[2024-03-05T11:14:06.990+0000] {processor.py:830} INFO - Processing file /opt/airflow/dags/dag_py_op.py for tasks to queue
[2024-03-05T11:14:06.992+0000] {logging_mixin.py:188} INFO - [2024-03-05T11:14:06.991+0000] {dagbag.py:540} INFO - Filling up the DagBag from /opt/airflow/dags/dag_py_op.py
[2024-03-05T11:14:07.007+0000] {processor.py:840} INFO - DAG(s) 'dag_py_op_v3' retrieved from /opt/airflow/dags/dag_py_op.py
[2024-03-05T11:14:07.080+0000] {logging_mixin.py:188} INFO - [2024-03-05T11:14:07.079+0000] {override.py:1769} INFO - Created Permission View: can delete on DAG:dag_py_op_v3
[2024-03-05T11:14:07.085+0000] {logging_mixin.py:188} INFO - [2024-03-05T11:14:07.085+0000] {override.py:1769} INFO - Created Permission View: can read on DAG:dag_py_op_v3
[2024-03-05T11:14:07.090+0000] {logging_mixin.py:188} INFO - [2024-03-05T11:14:07.089+0000] {override.py:1769} INFO - Created Permission View: can edit on DAG:dag_py_op_v3
[2024-03-05T11:14:07.090+0000] {logging_mixin.py:188} INFO - [2024-03-05T11:14:07.090+0000] {dag.py:3047} INFO - Sync 1 DAGs
[2024-03-05T11:14:07.096+0000] {logging_mixin.py:188} INFO - [2024-03-05T11:14:07.096+0000] {dag.py:3069} INFO - Creating ORM DAG for dag_py_op_v3
[2024-03-05T11:14:07.103+0000] {logging_mixin.py:188} INFO - [2024-03-05T11:14:07.103+0000] {dag.py:3834} INFO - Setting next_dagrun for dag_py_op_v3 to 2024-03-04 00:00:00+00:00, run_after=2024-03-05 00:00:00+00:00
[2024-03-05T11:14:07.113+0000] {processor.py:183} INFO - Processing /opt/airflow/dags/dag_py_op.py took 0.129 seconds
[2024-03-05T11:14:37.411+0000] {processor.py:161} INFO - Started process (PID=2720) to work on /opt/airflow/dags/dag_py_op.py
[2024-03-05T11:14:37.412+0000] {processor.py:830} INFO - Processing file /opt/airflow/dags/dag_py_op.py for tasks to queue
[2024-03-05T11:14:37.413+0000] {logging_mixin.py:188} INFO - [2024-03-05T11:14:37.413+0000] {dagbag.py:540} INFO - Filling up the DagBag from /opt/airflow/dags/dag_py_op.py
[2024-03-05T11:14:37.425+0000] {processor.py:840} INFO - DAG(s) 'dag_py_op_v3' retrieved from /opt/airflow/dags/dag_py_op.py
[2024-03-05T11:14:37.445+0000] {logging_mixin.py:188} INFO - [2024-03-05T11:14:37.445+0000] {dag.py:3047} INFO - Sync 1 DAGs
[2024-03-05T11:14:37.460+0000] {logging_mixin.py:188} INFO - [2024-03-05T11:14:37.460+0000] {dag.py:3834} INFO - Setting next_dagrun for dag_py_op_v3 to 2024-03-04 00:00:00+00:00, run_after=2024-03-05 00:00:00+00:00
[2024-03-05T11:14:37.471+0000] {processor.py:183} INFO - Processing /opt/airflow/dags/dag_py_op.py took 0.064 seconds
[2024-03-05T11:14:56.630+0000] {processor.py:161} INFO - Started process (PID=2725) to work on /opt/airflow/dags/dag_py_op.py
[2024-03-05T11:14:56.632+0000] {processor.py:830} INFO - Processing file /opt/airflow/dags/dag_py_op.py for tasks to queue
[2024-03-05T11:14:56.633+0000] {logging_mixin.py:188} INFO - [2024-03-05T11:14:56.633+0000] {dagbag.py:540} INFO - Filling up the DagBag from /opt/airflow/dags/dag_py_op.py
[2024-03-05T11:14:56.650+0000] {processor.py:840} INFO - DAG(s) 'dag_py_op_v4' retrieved from /opt/airflow/dags/dag_py_op.py
[2024-03-05T11:14:56.719+0000] {logging_mixin.py:188} INFO - [2024-03-05T11:14:56.718+0000] {override.py:1769} INFO - Created Permission View: can delete on DAG:dag_py_op_v4
[2024-03-05T11:14:56.724+0000] {logging_mixin.py:188} INFO - [2024-03-05T11:14:56.724+0000] {override.py:1769} INFO - Created Permission View: can read on DAG:dag_py_op_v4
[2024-03-05T11:14:56.728+0000] {logging_mixin.py:188} INFO - [2024-03-05T11:14:56.728+0000] {override.py:1769} INFO - Created Permission View: can edit on DAG:dag_py_op_v4
[2024-03-05T11:14:56.728+0000] {logging_mixin.py:188} INFO - [2024-03-05T11:14:56.728+0000] {dag.py:3047} INFO - Sync 1 DAGs
[2024-03-05T11:14:56.734+0000] {logging_mixin.py:188} INFO - [2024-03-05T11:14:56.734+0000] {dag.py:3069} INFO - Creating ORM DAG for dag_py_op_v4
[2024-03-05T11:14:56.740+0000] {logging_mixin.py:188} INFO - [2024-03-05T11:14:56.740+0000] {dag.py:3834} INFO - Setting next_dagrun for dag_py_op_v4 to 2024-03-04 00:00:00+00:00, run_after=2024-03-05 00:00:00+00:00
[2024-03-05T11:14:56.753+0000] {processor.py:183} INFO - Processing /opt/airflow/dags/dag_py_op.py took 0.127 seconds
[2024-03-05T11:15:26.947+0000] {processor.py:161} INFO - Started process (PID=2745) to work on /opt/airflow/dags/dag_py_op.py
[2024-03-05T11:15:26.948+0000] {processor.py:830} INFO - Processing file /opt/airflow/dags/dag_py_op.py for tasks to queue
[2024-03-05T11:15:26.950+0000] {logging_mixin.py:188} INFO - [2024-03-05T11:15:26.949+0000] {dagbag.py:540} INFO - Filling up the DagBag from /opt/airflow/dags/dag_py_op.py
[2024-03-05T11:15:26.965+0000] {processor.py:840} INFO - DAG(s) 'dag_py_op_v4' retrieved from /opt/airflow/dags/dag_py_op.py
[2024-03-05T11:15:26.988+0000] {logging_mixin.py:188} INFO - [2024-03-05T11:15:26.988+0000] {dag.py:3047} INFO - Sync 1 DAGs
[2024-03-05T11:15:27.004+0000] {logging_mixin.py:188} INFO - [2024-03-05T11:15:27.004+0000] {dag.py:3834} INFO - Setting next_dagrun for dag_py_op_v4 to 2024-03-05 00:00:00+00:00, run_after=2024-03-06 00:00:00+00:00
[2024-03-05T11:15:27.016+0000] {processor.py:183} INFO - Processing /opt/airflow/dags/dag_py_op.py took 0.073 seconds
[2024-03-05T11:15:57.332+0000] {processor.py:161} INFO - Started process (PID=2761) to work on /opt/airflow/dags/dag_py_op.py
[2024-03-05T11:15:57.333+0000] {processor.py:830} INFO - Processing file /opt/airflow/dags/dag_py_op.py for tasks to queue
[2024-03-05T11:15:57.334+0000] {logging_mixin.py:188} INFO - [2024-03-05T11:15:57.334+0000] {dagbag.py:540} INFO - Filling up the DagBag from /opt/airflow/dags/dag_py_op.py
[2024-03-05T11:15:57.348+0000] {processor.py:840} INFO - DAG(s) 'dag_py_op_v4' retrieved from /opt/airflow/dags/dag_py_op.py
[2024-03-05T11:15:57.368+0000] {logging_mixin.py:188} INFO - [2024-03-05T11:15:57.368+0000] {dag.py:3047} INFO - Sync 1 DAGs
[2024-03-05T11:15:57.384+0000] {logging_mixin.py:188} INFO - [2024-03-05T11:15:57.384+0000] {dag.py:3834} INFO - Setting next_dagrun for dag_py_op_v4 to 2024-03-05 00:00:00+00:00, run_after=2024-03-06 00:00:00+00:00
[2024-03-05T11:15:57.395+0000] {processor.py:183} INFO - Processing /opt/airflow/dags/dag_py_op.py took 0.067 seconds
[2024-03-05T11:16:27.706+0000] {processor.py:161} INFO - Started process (PID=2777) to work on /opt/airflow/dags/dag_py_op.py
[2024-03-05T11:16:27.707+0000] {processor.py:830} INFO - Processing file /opt/airflow/dags/dag_py_op.py for tasks to queue
[2024-03-05T11:16:27.708+0000] {logging_mixin.py:188} INFO - [2024-03-05T11:16:27.708+0000] {dagbag.py:540} INFO - Filling up the DagBag from /opt/airflow/dags/dag_py_op.py
[2024-03-05T11:16:27.723+0000] {processor.py:840} INFO - DAG(s) 'dag_py_op_v4' retrieved from /opt/airflow/dags/dag_py_op.py
[2024-03-05T11:16:27.747+0000] {logging_mixin.py:188} INFO - [2024-03-05T11:16:27.747+0000] {dag.py:3047} INFO - Sync 1 DAGs
[2024-03-05T11:16:27.764+0000] {logging_mixin.py:188} INFO - [2024-03-05T11:16:27.764+0000] {dag.py:3834} INFO - Setting next_dagrun for dag_py_op_v4 to 2024-03-05 00:00:00+00:00, run_after=2024-03-06 00:00:00+00:00
[2024-03-05T11:16:27.777+0000] {processor.py:183} INFO - Processing /opt/airflow/dags/dag_py_op.py took 0.077 seconds
[2024-03-05T11:16:58.042+0000] {processor.py:161} INFO - Started process (PID=2793) to work on /opt/airflow/dags/dag_py_op.py
[2024-03-05T11:16:58.044+0000] {processor.py:830} INFO - Processing file /opt/airflow/dags/dag_py_op.py for tasks to queue
[2024-03-05T11:16:58.045+0000] {logging_mixin.py:188} INFO - [2024-03-05T11:16:58.045+0000] {dagbag.py:540} INFO - Filling up the DagBag from /opt/airflow/dags/dag_py_op.py
[2024-03-05T11:16:58.060+0000] {processor.py:840} INFO - DAG(s) 'dag_py_op_v4' retrieved from /opt/airflow/dags/dag_py_op.py
[2024-03-05T11:16:58.082+0000] {logging_mixin.py:188} INFO - [2024-03-05T11:16:58.082+0000] {dag.py:3047} INFO - Sync 1 DAGs
[2024-03-05T11:16:58.096+0000] {logging_mixin.py:188} INFO - [2024-03-05T11:16:58.096+0000] {dag.py:3834} INFO - Setting next_dagrun for dag_py_op_v4 to 2024-03-05 00:00:00+00:00, run_after=2024-03-06 00:00:00+00:00
[2024-03-05T11:16:58.107+0000] {processor.py:183} INFO - Processing /opt/airflow/dags/dag_py_op.py took 0.067 seconds
[2024-03-05T11:17:28.448+0000] {processor.py:161} INFO - Started process (PID=2809) to work on /opt/airflow/dags/dag_py_op.py
[2024-03-05T11:17:28.450+0000] {processor.py:830} INFO - Processing file /opt/airflow/dags/dag_py_op.py for tasks to queue
[2024-03-05T11:17:28.451+0000] {logging_mixin.py:188} INFO - [2024-03-05T11:17:28.451+0000] {dagbag.py:540} INFO - Filling up the DagBag from /opt/airflow/dags/dag_py_op.py
[2024-03-05T11:17:28.465+0000] {processor.py:840} INFO - DAG(s) 'dag_py_op_v4' retrieved from /opt/airflow/dags/dag_py_op.py
[2024-03-05T11:17:28.486+0000] {logging_mixin.py:188} INFO - [2024-03-05T11:17:28.486+0000] {dag.py:3047} INFO - Sync 1 DAGs
[2024-03-05T11:17:28.501+0000] {logging_mixin.py:188} INFO - [2024-03-05T11:17:28.501+0000] {dag.py:3834} INFO - Setting next_dagrun for dag_py_op_v4 to 2024-03-05 00:00:00+00:00, run_after=2024-03-06 00:00:00+00:00
[2024-03-05T11:17:28.512+0000] {processor.py:183} INFO - Processing /opt/airflow/dags/dag_py_op.py took 0.068 seconds
[2024-03-05T11:17:58.808+0000] {processor.py:161} INFO - Started process (PID=2825) to work on /opt/airflow/dags/dag_py_op.py
[2024-03-05T11:17:58.809+0000] {processor.py:830} INFO - Processing file /opt/airflow/dags/dag_py_op.py for tasks to queue
[2024-03-05T11:17:58.810+0000] {logging_mixin.py:188} INFO - [2024-03-05T11:17:58.810+0000] {dagbag.py:540} INFO - Filling up the DagBag from /opt/airflow/dags/dag_py_op.py
[2024-03-05T11:17:58.825+0000] {processor.py:840} INFO - DAG(s) 'dag_py_op_v4' retrieved from /opt/airflow/dags/dag_py_op.py
[2024-03-05T11:17:58.847+0000] {logging_mixin.py:188} INFO - [2024-03-05T11:17:58.847+0000] {dag.py:3047} INFO - Sync 1 DAGs
[2024-03-05T11:17:58.863+0000] {logging_mixin.py:188} INFO - [2024-03-05T11:17:58.863+0000] {dag.py:3834} INFO - Setting next_dagrun for dag_py_op_v4 to 2024-03-05 00:00:00+00:00, run_after=2024-03-06 00:00:00+00:00
[2024-03-05T11:17:58.876+0000] {processor.py:183} INFO - Processing /opt/airflow/dags/dag_py_op.py took 0.073 seconds
[2024-03-05T11:18:24.132+0000] {processor.py:161} INFO - Started process (PID=2841) to work on /opt/airflow/dags/dag_py_op.py
[2024-03-05T11:18:24.133+0000] {processor.py:830} INFO - Processing file /opt/airflow/dags/dag_py_op.py for tasks to queue
[2024-03-05T11:18:24.134+0000] {logging_mixin.py:188} INFO - [2024-03-05T11:18:24.134+0000] {dagbag.py:540} INFO - Filling up the DagBag from /opt/airflow/dags/dag_py_op.py
[2024-03-05T11:18:24.152+0000] {processor.py:840} INFO - DAG(s) 'dag_py_op_v4' retrieved from /opt/airflow/dags/dag_py_op.py
[2024-03-05T11:18:24.224+0000] {logging_mixin.py:188} INFO - [2024-03-05T11:18:24.223+0000] {dag.py:3047} INFO - Sync 1 DAGs
[2024-03-05T11:18:24.237+0000] {logging_mixin.py:188} INFO - [2024-03-05T11:18:24.237+0000] {dag.py:3834} INFO - Setting next_dagrun for dag_py_op_v4 to 2024-03-05 00:00:00+00:00, run_after=2024-03-06 00:00:00+00:00
[2024-03-05T11:18:24.249+0000] {processor.py:183} INFO - Processing /opt/airflow/dags/dag_py_op.py took 0.121 seconds
[2024-03-05T11:18:30.208+0000] {processor.py:161} INFO - Started process (PID=2846) to work on /opt/airflow/dags/dag_py_op.py
[2024-03-05T11:18:30.210+0000] {processor.py:830} INFO - Processing file /opt/airflow/dags/dag_py_op.py for tasks to queue
[2024-03-05T11:18:30.212+0000] {logging_mixin.py:188} INFO - [2024-03-05T11:18:30.211+0000] {dagbag.py:540} INFO - Filling up the DagBag from /opt/airflow/dags/dag_py_op.py
[2024-03-05T11:18:30.227+0000] {processor.py:840} INFO - DAG(s) 'dag_py_op_v5' retrieved from /opt/airflow/dags/dag_py_op.py
[2024-03-05T11:18:30.298+0000] {logging_mixin.py:188} INFO - [2024-03-05T11:18:30.298+0000] {override.py:1769} INFO - Created Permission View: can delete on DAG:dag_py_op_v5
[2024-03-05T11:18:30.304+0000] {logging_mixin.py:188} INFO - [2024-03-05T11:18:30.303+0000] {override.py:1769} INFO - Created Permission View: can read on DAG:dag_py_op_v5
[2024-03-05T11:18:30.307+0000] {logging_mixin.py:188} INFO - [2024-03-05T11:18:30.307+0000] {override.py:1769} INFO - Created Permission View: can edit on DAG:dag_py_op_v5
[2024-03-05T11:18:30.308+0000] {logging_mixin.py:188} INFO - [2024-03-05T11:18:30.307+0000] {dag.py:3047} INFO - Sync 1 DAGs
[2024-03-05T11:18:30.315+0000] {logging_mixin.py:188} INFO - [2024-03-05T11:18:30.315+0000] {dag.py:3069} INFO - Creating ORM DAG for dag_py_op_v5
[2024-03-05T11:18:30.321+0000] {logging_mixin.py:188} INFO - [2024-03-05T11:18:30.321+0000] {dag.py:3834} INFO - Setting next_dagrun for dag_py_op_v5 to 2024-03-04 00:00:00+00:00, run_after=2024-03-05 00:00:00+00:00
[2024-03-05T11:18:30.330+0000] {processor.py:183} INFO - Processing /opt/airflow/dags/dag_py_op.py took 0.128 seconds
[2024-03-05T11:19:00.654+0000] {processor.py:161} INFO - Started process (PID=2866) to work on /opt/airflow/dags/dag_py_op.py
[2024-03-05T11:19:00.656+0000] {processor.py:830} INFO - Processing file /opt/airflow/dags/dag_py_op.py for tasks to queue
[2024-03-05T11:19:00.657+0000] {logging_mixin.py:188} INFO - [2024-03-05T11:19:00.656+0000] {dagbag.py:540} INFO - Filling up the DagBag from /opt/airflow/dags/dag_py_op.py
[2024-03-05T11:19:00.671+0000] {processor.py:840} INFO - DAG(s) 'dag_py_op_v5' retrieved from /opt/airflow/dags/dag_py_op.py
[2024-03-05T11:19:00.695+0000] {logging_mixin.py:188} INFO - [2024-03-05T11:19:00.695+0000] {dag.py:3047} INFO - Sync 1 DAGs
[2024-03-05T11:19:00.710+0000] {logging_mixin.py:188} INFO - [2024-03-05T11:19:00.710+0000] {dag.py:3834} INFO - Setting next_dagrun for dag_py_op_v5 to 2024-03-05 00:00:00+00:00, run_after=2024-03-06 00:00:00+00:00
[2024-03-05T11:19:00.722+0000] {processor.py:183} INFO - Processing /opt/airflow/dags/dag_py_op.py took 0.072 seconds
[2024-03-05T11:19:31.035+0000] {processor.py:161} INFO - Started process (PID=2886) to work on /opt/airflow/dags/dag_py_op.py
[2024-03-05T11:19:31.036+0000] {processor.py:830} INFO - Processing file /opt/airflow/dags/dag_py_op.py for tasks to queue
[2024-03-05T11:19:31.037+0000] {logging_mixin.py:188} INFO - [2024-03-05T11:19:31.037+0000] {dagbag.py:540} INFO - Filling up the DagBag from /opt/airflow/dags/dag_py_op.py
[2024-03-05T11:19:31.048+0000] {processor.py:840} INFO - DAG(s) 'dag_py_op_v5' retrieved from /opt/airflow/dags/dag_py_op.py
[2024-03-05T11:19:31.067+0000] {logging_mixin.py:188} INFO - [2024-03-05T11:19:31.067+0000] {dag.py:3047} INFO - Sync 1 DAGs
[2024-03-05T11:19:31.083+0000] {logging_mixin.py:188} INFO - [2024-03-05T11:19:31.082+0000] {dag.py:3834} INFO - Setting next_dagrun for dag_py_op_v5 to 2024-03-05 00:00:00+00:00, run_after=2024-03-06 00:00:00+00:00
[2024-03-05T11:19:31.094+0000] {processor.py:183} INFO - Processing /opt/airflow/dags/dag_py_op.py took 0.061 seconds
[2024-03-05T11:20:01.448+0000] {processor.py:161} INFO - Started process (PID=2902) to work on /opt/airflow/dags/dag_py_op.py
[2024-03-05T11:20:01.450+0000] {processor.py:830} INFO - Processing file /opt/airflow/dags/dag_py_op.py for tasks to queue
[2024-03-05T11:20:01.451+0000] {logging_mixin.py:188} INFO - [2024-03-05T11:20:01.451+0000] {dagbag.py:540} INFO - Filling up the DagBag from /opt/airflow/dags/dag_py_op.py
[2024-03-05T11:20:01.469+0000] {processor.py:840} INFO - DAG(s) 'dag_py_op_v5' retrieved from /opt/airflow/dags/dag_py_op.py
[2024-03-05T11:20:01.493+0000] {logging_mixin.py:188} INFO - [2024-03-05T11:20:01.493+0000] {dag.py:3047} INFO - Sync 1 DAGs
[2024-03-05T11:20:01.509+0000] {logging_mixin.py:188} INFO - [2024-03-05T11:20:01.509+0000] {dag.py:3834} INFO - Setting next_dagrun for dag_py_op_v5 to 2024-03-05 00:00:00+00:00, run_after=2024-03-06 00:00:00+00:00
[2024-03-05T11:20:01.522+0000] {processor.py:183} INFO - Processing /opt/airflow/dags/dag_py_op.py took 0.078 seconds
[2024-03-05T11:20:31.769+0000] {processor.py:161} INFO - Started process (PID=2918) to work on /opt/airflow/dags/dag_py_op.py
[2024-03-05T11:20:31.771+0000] {processor.py:830} INFO - Processing file /opt/airflow/dags/dag_py_op.py for tasks to queue
[2024-03-05T11:20:31.772+0000] {logging_mixin.py:188} INFO - [2024-03-05T11:20:31.771+0000] {dagbag.py:540} INFO - Filling up the DagBag from /opt/airflow/dags/dag_py_op.py
[2024-03-05T11:20:31.787+0000] {processor.py:840} INFO - DAG(s) 'dag_py_op_v5' retrieved from /opt/airflow/dags/dag_py_op.py
[2024-03-05T11:20:31.808+0000] {logging_mixin.py:188} INFO - [2024-03-05T11:20:31.808+0000] {dag.py:3047} INFO - Sync 1 DAGs
[2024-03-05T11:20:31.823+0000] {logging_mixin.py:188} INFO - [2024-03-05T11:20:31.823+0000] {dag.py:3834} INFO - Setting next_dagrun for dag_py_op_v5 to 2024-03-05 00:00:00+00:00, run_after=2024-03-06 00:00:00+00:00
[2024-03-05T11:20:31.834+0000] {processor.py:183} INFO - Processing /opt/airflow/dags/dag_py_op.py took 0.070 seconds
[2024-03-05T11:21:02.147+0000] {processor.py:161} INFO - Started process (PID=2933) to work on /opt/airflow/dags/dag_py_op.py
[2024-03-05T11:21:02.149+0000] {processor.py:830} INFO - Processing file /opt/airflow/dags/dag_py_op.py for tasks to queue
[2024-03-05T11:21:02.150+0000] {logging_mixin.py:188} INFO - [2024-03-05T11:21:02.150+0000] {dagbag.py:540} INFO - Filling up the DagBag from /opt/airflow/dags/dag_py_op.py
[2024-03-05T11:21:02.164+0000] {processor.py:840} INFO - DAG(s) 'dag_py_op_v5' retrieved from /opt/airflow/dags/dag_py_op.py
[2024-03-05T11:21:02.185+0000] {logging_mixin.py:188} INFO - [2024-03-05T11:21:02.185+0000] {dag.py:3047} INFO - Sync 1 DAGs
[2024-03-05T11:21:02.201+0000] {logging_mixin.py:188} INFO - [2024-03-05T11:21:02.201+0000] {dag.py:3834} INFO - Setting next_dagrun for dag_py_op_v5 to 2024-03-05 00:00:00+00:00, run_after=2024-03-06 00:00:00+00:00
[2024-03-05T11:21:02.213+0000] {processor.py:183} INFO - Processing /opt/airflow/dags/dag_py_op.py took 0.069 seconds
[2024-03-05T11:21:10.312+0000] {processor.py:161} INFO - Started process (PID=2949) to work on /opt/airflow/dags/dag_py_op.py
[2024-03-05T11:21:10.314+0000] {processor.py:830} INFO - Processing file /opt/airflow/dags/dag_py_op.py for tasks to queue
[2024-03-05T11:21:10.315+0000] {logging_mixin.py:188} INFO - [2024-03-05T11:21:10.315+0000] {dagbag.py:540} INFO - Filling up the DagBag from /opt/airflow/dags/dag_py_op.py
[2024-03-05T11:21:10.334+0000] {processor.py:840} INFO - DAG(s) 'dag_py_op_v5' retrieved from /opt/airflow/dags/dag_py_op.py
[2024-03-05T11:21:10.358+0000] {logging_mixin.py:188} INFO - [2024-03-05T11:21:10.358+0000] {dag.py:3047} INFO - Sync 1 DAGs
[2024-03-05T11:21:10.375+0000] {logging_mixin.py:188} INFO - [2024-03-05T11:21:10.375+0000] {dag.py:3834} INFO - Setting next_dagrun for dag_py_op_v5 to 2024-03-05 00:00:00+00:00, run_after=2024-03-06 00:00:00+00:00
[2024-03-05T11:21:10.390+0000] {processor.py:183} INFO - Processing /opt/airflow/dags/dag_py_op.py took 0.082 seconds
[2024-03-05T11:21:40.648+0000] {processor.py:161} INFO - Started process (PID=2968) to work on /opt/airflow/dags/dag_py_op.py
[2024-03-05T11:21:40.650+0000] {processor.py:830} INFO - Processing file /opt/airflow/dags/dag_py_op.py for tasks to queue
[2024-03-05T11:21:40.651+0000] {logging_mixin.py:188} INFO - [2024-03-05T11:21:40.651+0000] {dagbag.py:540} INFO - Filling up the DagBag from /opt/airflow/dags/dag_py_op.py
[2024-03-05T11:21:40.665+0000] {processor.py:840} INFO - DAG(s) 'dag_py_op_v5' retrieved from /opt/airflow/dags/dag_py_op.py
[2024-03-05T11:21:40.686+0000] {logging_mixin.py:188} INFO - [2024-03-05T11:21:40.686+0000] {dag.py:3047} INFO - Sync 1 DAGs
[2024-03-05T11:21:40.702+0000] {logging_mixin.py:188} INFO - [2024-03-05T11:21:40.702+0000] {dag.py:3834} INFO - Setting next_dagrun for dag_py_op_v5 to 2024-03-05 00:00:00+00:00, run_after=2024-03-06 00:00:00+00:00
[2024-03-05T11:21:40.714+0000] {processor.py:183} INFO - Processing /opt/airflow/dags/dag_py_op.py took 0.072 seconds
[2024-03-05T11:22:10.982+0000] {processor.py:161} INFO - Started process (PID=2984) to work on /opt/airflow/dags/dag_py_op.py
[2024-03-05T11:22:10.984+0000] {processor.py:830} INFO - Processing file /opt/airflow/dags/dag_py_op.py for tasks to queue
[2024-03-05T11:22:10.985+0000] {logging_mixin.py:188} INFO - [2024-03-05T11:22:10.984+0000] {dagbag.py:540} INFO - Filling up the DagBag from /opt/airflow/dags/dag_py_op.py
[2024-03-05T11:22:10.997+0000] {processor.py:840} INFO - DAG(s) 'dag_py_op_v5' retrieved from /opt/airflow/dags/dag_py_op.py
[2024-03-05T11:22:11.021+0000] {logging_mixin.py:188} INFO - [2024-03-05T11:22:11.021+0000] {dag.py:3047} INFO - Sync 1 DAGs
[2024-03-05T11:22:11.037+0000] {logging_mixin.py:188} INFO - [2024-03-05T11:22:11.037+0000] {dag.py:3834} INFO - Setting next_dagrun for dag_py_op_v5 to 2024-03-05 00:00:00+00:00, run_after=2024-03-06 00:00:00+00:00
[2024-03-05T11:22:11.049+0000] {processor.py:183} INFO - Processing /opt/airflow/dags/dag_py_op.py took 0.072 seconds
[2024-03-05T11:22:41.352+0000] {processor.py:161} INFO - Started process (PID=3000) to work on /opt/airflow/dags/dag_py_op.py
[2024-03-05T11:22:41.353+0000] {processor.py:830} INFO - Processing file /opt/airflow/dags/dag_py_op.py for tasks to queue
[2024-03-05T11:22:41.354+0000] {logging_mixin.py:188} INFO - [2024-03-05T11:22:41.354+0000] {dagbag.py:540} INFO - Filling up the DagBag from /opt/airflow/dags/dag_py_op.py
[2024-03-05T11:22:41.365+0000] {processor.py:840} INFO - DAG(s) 'dag_py_op_v5' retrieved from /opt/airflow/dags/dag_py_op.py
[2024-03-05T11:22:41.383+0000] {logging_mixin.py:188} INFO - [2024-03-05T11:22:41.383+0000] {dag.py:3047} INFO - Sync 1 DAGs
[2024-03-05T11:22:41.399+0000] {logging_mixin.py:188} INFO - [2024-03-05T11:22:41.399+0000] {dag.py:3834} INFO - Setting next_dagrun for dag_py_op_v5 to 2024-03-05 00:00:00+00:00, run_after=2024-03-06 00:00:00+00:00
[2024-03-05T11:22:41.410+0000] {processor.py:183} INFO - Processing /opt/airflow/dags/dag_py_op.py took 0.062 seconds
[2024-03-05T11:23:11.707+0000] {processor.py:161} INFO - Started process (PID=3016) to work on /opt/airflow/dags/dag_py_op.py
[2024-03-05T11:23:11.708+0000] {processor.py:830} INFO - Processing file /opt/airflow/dags/dag_py_op.py for tasks to queue
[2024-03-05T11:23:11.708+0000] {logging_mixin.py:188} INFO - [2024-03-05T11:23:11.708+0000] {dagbag.py:540} INFO - Filling up the DagBag from /opt/airflow/dags/dag_py_op.py
[2024-03-05T11:23:11.717+0000] {processor.py:840} INFO - DAG(s) 'dag_py_op_v5' retrieved from /opt/airflow/dags/dag_py_op.py
[2024-03-05T11:23:11.736+0000] {logging_mixin.py:188} INFO - [2024-03-05T11:23:11.736+0000] {dag.py:3047} INFO - Sync 1 DAGs
[2024-03-05T11:23:11.750+0000] {logging_mixin.py:188} INFO - [2024-03-05T11:23:11.750+0000] {dag.py:3834} INFO - Setting next_dagrun for dag_py_op_v5 to 2024-03-05 00:00:00+00:00, run_after=2024-03-06 00:00:00+00:00
[2024-03-05T11:23:11.765+0000] {processor.py:183} INFO - Processing /opt/airflow/dags/dag_py_op.py took 0.061 seconds
[2024-03-05T11:23:42.115+0000] {processor.py:161} INFO - Started process (PID=3032) to work on /opt/airflow/dags/dag_py_op.py
[2024-03-05T11:23:42.116+0000] {processor.py:830} INFO - Processing file /opt/airflow/dags/dag_py_op.py for tasks to queue
[2024-03-05T11:23:42.118+0000] {logging_mixin.py:188} INFO - [2024-03-05T11:23:42.117+0000] {dagbag.py:540} INFO - Filling up the DagBag from /opt/airflow/dags/dag_py_op.py
[2024-03-05T11:23:42.131+0000] {processor.py:840} INFO - DAG(s) 'dag_py_op_v5' retrieved from /opt/airflow/dags/dag_py_op.py
[2024-03-05T11:23:42.153+0000] {logging_mixin.py:188} INFO - [2024-03-05T11:23:42.152+0000] {dag.py:3047} INFO - Sync 1 DAGs
[2024-03-05T11:23:42.168+0000] {logging_mixin.py:188} INFO - [2024-03-05T11:23:42.168+0000] {dag.py:3834} INFO - Setting next_dagrun for dag_py_op_v5 to 2024-03-05 00:00:00+00:00, run_after=2024-03-06 00:00:00+00:00
[2024-03-05T11:23:42.180+0000] {processor.py:183} INFO - Processing /opt/airflow/dags/dag_py_op.py took 0.071 seconds
[2024-03-05T11:24:12.450+0000] {processor.py:161} INFO - Started process (PID=3050) to work on /opt/airflow/dags/dag_py_op.py
[2024-03-05T11:24:12.451+0000] {processor.py:830} INFO - Processing file /opt/airflow/dags/dag_py_op.py for tasks to queue
[2024-03-05T11:24:12.453+0000] {logging_mixin.py:188} INFO - [2024-03-05T11:24:12.452+0000] {dagbag.py:540} INFO - Filling up the DagBag from /opt/airflow/dags/dag_py_op.py
[2024-03-05T11:24:12.466+0000] {processor.py:840} INFO - DAG(s) 'dag_py_op_v5' retrieved from /opt/airflow/dags/dag_py_op.py
[2024-03-05T11:24:12.491+0000] {logging_mixin.py:188} INFO - [2024-03-05T11:24:12.491+0000] {dag.py:3047} INFO - Sync 1 DAGs
[2024-03-05T11:24:12.508+0000] {logging_mixin.py:188} INFO - [2024-03-05T11:24:12.508+0000] {dag.py:3834} INFO - Setting next_dagrun for dag_py_op_v5 to 2024-03-05 00:00:00+00:00, run_after=2024-03-06 00:00:00+00:00
[2024-03-05T11:24:12.520+0000] {processor.py:183} INFO - Processing /opt/airflow/dags/dag_py_op.py took 0.075 seconds
[2024-03-05T11:24:42.784+0000] {processor.py:161} INFO - Started process (PID=3068) to work on /opt/airflow/dags/dag_py_op.py
[2024-03-05T11:24:42.785+0000] {processor.py:830} INFO - Processing file /opt/airflow/dags/dag_py_op.py for tasks to queue
[2024-03-05T11:24:42.787+0000] {logging_mixin.py:188} INFO - [2024-03-05T11:24:42.786+0000] {dagbag.py:540} INFO - Filling up the DagBag from /opt/airflow/dags/dag_py_op.py
[2024-03-05T11:24:42.803+0000] {processor.py:840} INFO - DAG(s) 'dag_py_op_v5' retrieved from /opt/airflow/dags/dag_py_op.py
[2024-03-05T11:24:42.825+0000] {logging_mixin.py:188} INFO - [2024-03-05T11:24:42.825+0000] {dag.py:3047} INFO - Sync 1 DAGs
[2024-03-05T11:24:42.842+0000] {logging_mixin.py:188} INFO - [2024-03-05T11:24:42.841+0000] {dag.py:3834} INFO - Setting next_dagrun for dag_py_op_v5 to 2024-03-05 00:00:00+00:00, run_after=2024-03-06 00:00:00+00:00
[2024-03-05T11:24:42.853+0000] {processor.py:183} INFO - Processing /opt/airflow/dags/dag_py_op.py took 0.074 seconds
[2024-03-05T11:25:13.152+0000] {processor.py:161} INFO - Started process (PID=3084) to work on /opt/airflow/dags/dag_py_op.py
[2024-03-05T11:25:13.153+0000] {processor.py:830} INFO - Processing file /opt/airflow/dags/dag_py_op.py for tasks to queue
[2024-03-05T11:25:13.154+0000] {logging_mixin.py:188} INFO - [2024-03-05T11:25:13.153+0000] {dagbag.py:540} INFO - Filling up the DagBag from /opt/airflow/dags/dag_py_op.py
[2024-03-05T11:25:13.164+0000] {processor.py:840} INFO - DAG(s) 'dag_py_op_v5' retrieved from /opt/airflow/dags/dag_py_op.py
[2024-03-05T11:25:13.184+0000] {logging_mixin.py:188} INFO - [2024-03-05T11:25:13.184+0000] {dag.py:3047} INFO - Sync 1 DAGs
[2024-03-05T11:25:13.199+0000] {logging_mixin.py:188} INFO - [2024-03-05T11:25:13.199+0000] {dag.py:3834} INFO - Setting next_dagrun for dag_py_op_v5 to 2024-03-05 00:00:00+00:00, run_after=2024-03-06 00:00:00+00:00
[2024-03-05T11:25:13.213+0000] {processor.py:183} INFO - Processing /opt/airflow/dags/dag_py_op.py took 0.064 seconds
[2024-03-05T11:25:43.534+0000] {processor.py:161} INFO - Started process (PID=3100) to work on /opt/airflow/dags/dag_py_op.py
[2024-03-05T11:25:43.536+0000] {processor.py:830} INFO - Processing file /opt/airflow/dags/dag_py_op.py for tasks to queue
[2024-03-05T11:25:43.537+0000] {logging_mixin.py:188} INFO - [2024-03-05T11:25:43.537+0000] {dagbag.py:540} INFO - Filling up the DagBag from /opt/airflow/dags/dag_py_op.py
[2024-03-05T11:25:43.552+0000] {processor.py:840} INFO - DAG(s) 'dag_py_op_v5' retrieved from /opt/airflow/dags/dag_py_op.py
[2024-03-05T11:25:43.572+0000] {logging_mixin.py:188} INFO - [2024-03-05T11:25:43.572+0000] {dag.py:3047} INFO - Sync 1 DAGs
[2024-03-05T11:25:43.587+0000] {logging_mixin.py:188} INFO - [2024-03-05T11:25:43.587+0000] {dag.py:3834} INFO - Setting next_dagrun for dag_py_op_v5 to 2024-03-05 00:00:00+00:00, run_after=2024-03-06 00:00:00+00:00
[2024-03-05T11:25:43.598+0000] {processor.py:183} INFO - Processing /opt/airflow/dags/dag_py_op.py took 0.069 seconds
[2024-03-05T11:26:13.893+0000] {processor.py:161} INFO - Started process (PID=3116) to work on /opt/airflow/dags/dag_py_op.py
[2024-03-05T11:26:13.894+0000] {processor.py:830} INFO - Processing file /opt/airflow/dags/dag_py_op.py for tasks to queue
[2024-03-05T11:26:13.895+0000] {logging_mixin.py:188} INFO - [2024-03-05T11:26:13.895+0000] {dagbag.py:540} INFO - Filling up the DagBag from /opt/airflow/dags/dag_py_op.py
[2024-03-05T11:26:13.911+0000] {processor.py:840} INFO - DAG(s) 'dag_py_op_v5' retrieved from /opt/airflow/dags/dag_py_op.py
[2024-03-05T11:26:13.932+0000] {logging_mixin.py:188} INFO - [2024-03-05T11:26:13.931+0000] {dag.py:3047} INFO - Sync 1 DAGs
[2024-03-05T11:26:13.948+0000] {logging_mixin.py:188} INFO - [2024-03-05T11:26:13.948+0000] {dag.py:3834} INFO - Setting next_dagrun for dag_py_op_v5 to 2024-03-05 00:00:00+00:00, run_after=2024-03-06 00:00:00+00:00
[2024-03-05T11:26:13.960+0000] {processor.py:183} INFO - Processing /opt/airflow/dags/dag_py_op.py took 0.071 seconds
[2024-03-05T11:26:25.075+0000] {processor.py:161} INFO - Started process (PID=3121) to work on /opt/airflow/dags/dag_py_op.py
[2024-03-05T11:26:25.077+0000] {processor.py:830} INFO - Processing file /opt/airflow/dags/dag_py_op.py for tasks to queue
[2024-03-05T11:26:25.078+0000] {logging_mixin.py:188} INFO - [2024-03-05T11:26:25.078+0000] {dagbag.py:540} INFO - Filling up the DagBag from /opt/airflow/dags/dag_py_op.py
[2024-03-05T11:26:25.097+0000] {processor.py:840} INFO - DAG(s) 'dag_py_op_v6' retrieved from /opt/airflow/dags/dag_py_op.py
[2024-03-05T11:26:25.180+0000] {logging_mixin.py:188} INFO - [2024-03-05T11:26:25.180+0000] {override.py:1769} INFO - Created Permission View: can delete on DAG:dag_py_op_v6
[2024-03-05T11:26:25.186+0000] {logging_mixin.py:188} INFO - [2024-03-05T11:26:25.186+0000] {override.py:1769} INFO - Created Permission View: can read on DAG:dag_py_op_v6
[2024-03-05T11:26:25.189+0000] {logging_mixin.py:188} INFO - [2024-03-05T11:26:25.189+0000] {override.py:1769} INFO - Created Permission View: can edit on DAG:dag_py_op_v6
[2024-03-05T11:26:25.190+0000] {logging_mixin.py:188} INFO - [2024-03-05T11:26:25.190+0000] {dag.py:3047} INFO - Sync 1 DAGs
[2024-03-05T11:26:25.196+0000] {logging_mixin.py:188} INFO - [2024-03-05T11:26:25.196+0000] {dag.py:3069} INFO - Creating ORM DAG for dag_py_op_v6
[2024-03-05T11:26:25.203+0000] {logging_mixin.py:188} INFO - [2024-03-05T11:26:25.203+0000] {dag.py:3834} INFO - Setting next_dagrun for dag_py_op_v6 to 2024-03-04 00:00:00+00:00, run_after=2024-03-05 00:00:00+00:00
[2024-03-05T11:26:25.214+0000] {processor.py:183} INFO - Processing /opt/airflow/dags/dag_py_op.py took 0.143 seconds
[2024-03-05T11:26:55.369+0000] {processor.py:161} INFO - Started process (PID=3140) to work on /opt/airflow/dags/dag_py_op.py
[2024-03-05T11:26:55.371+0000] {processor.py:830} INFO - Processing file /opt/airflow/dags/dag_py_op.py for tasks to queue
[2024-03-05T11:26:55.372+0000] {logging_mixin.py:188} INFO - [2024-03-05T11:26:55.372+0000] {dagbag.py:540} INFO - Filling up the DagBag from /opt/airflow/dags/dag_py_op.py
[2024-03-05T11:26:55.386+0000] {processor.py:840} INFO - DAG(s) 'dag_py_op_v6' retrieved from /opt/airflow/dags/dag_py_op.py
[2024-03-05T11:26:55.407+0000] {logging_mixin.py:188} INFO - [2024-03-05T11:26:55.407+0000] {dag.py:3047} INFO - Sync 1 DAGs
[2024-03-05T11:26:55.423+0000] {logging_mixin.py:188} INFO - [2024-03-05T11:26:55.423+0000] {dag.py:3834} INFO - Setting next_dagrun for dag_py_op_v6 to 2024-03-05 00:00:00+00:00, run_after=2024-03-06 00:00:00+00:00
[2024-03-05T11:26:55.434+0000] {processor.py:183} INFO - Processing /opt/airflow/dags/dag_py_op.py took 0.069 seconds
[2024-03-05T11:27:25.710+0000] {processor.py:161} INFO - Started process (PID=3156) to work on /opt/airflow/dags/dag_py_op.py
[2024-03-05T11:27:25.711+0000] {processor.py:830} INFO - Processing file /opt/airflow/dags/dag_py_op.py for tasks to queue
[2024-03-05T11:27:25.712+0000] {logging_mixin.py:188} INFO - [2024-03-05T11:27:25.712+0000] {dagbag.py:540} INFO - Filling up the DagBag from /opt/airflow/dags/dag_py_op.py
[2024-03-05T11:27:25.726+0000] {processor.py:840} INFO - DAG(s) 'dag_py_op_v6' retrieved from /opt/airflow/dags/dag_py_op.py
[2024-03-05T11:27:25.748+0000] {logging_mixin.py:188} INFO - [2024-03-05T11:27:25.748+0000] {dag.py:3047} INFO - Sync 1 DAGs
[2024-03-05T11:27:25.763+0000] {logging_mixin.py:188} INFO - [2024-03-05T11:27:25.763+0000] {dag.py:3834} INFO - Setting next_dagrun for dag_py_op_v6 to 2024-03-05 00:00:00+00:00, run_after=2024-03-06 00:00:00+00:00
[2024-03-05T11:27:25.774+0000] {processor.py:183} INFO - Processing /opt/airflow/dags/dag_py_op.py took 0.069 seconds
[2024-03-05T11:27:56.068+0000] {processor.py:161} INFO - Started process (PID=3172) to work on /opt/airflow/dags/dag_py_op.py
[2024-03-05T11:27:56.070+0000] {processor.py:830} INFO - Processing file /opt/airflow/dags/dag_py_op.py for tasks to queue
[2024-03-05T11:27:56.071+0000] {logging_mixin.py:188} INFO - [2024-03-05T11:27:56.071+0000] {dagbag.py:540} INFO - Filling up the DagBag from /opt/airflow/dags/dag_py_op.py
[2024-03-05T11:27:56.089+0000] {processor.py:840} INFO - DAG(s) 'dag_py_op_v6' retrieved from /opt/airflow/dags/dag_py_op.py
[2024-03-05T11:27:56.113+0000] {logging_mixin.py:188} INFO - [2024-03-05T11:27:56.113+0000] {dag.py:3047} INFO - Sync 1 DAGs
[2024-03-05T11:27:56.130+0000] {logging_mixin.py:188} INFO - [2024-03-05T11:27:56.130+0000] {dag.py:3834} INFO - Setting next_dagrun for dag_py_op_v6 to 2024-03-05 00:00:00+00:00, run_after=2024-03-06 00:00:00+00:00
[2024-03-05T11:27:56.142+0000] {processor.py:183} INFO - Processing /opt/airflow/dags/dag_py_op.py took 0.080 seconds
[2024-03-05T11:28:26.435+0000] {processor.py:161} INFO - Started process (PID=3188) to work on /opt/airflow/dags/dag_py_op.py
[2024-03-05T11:28:26.436+0000] {processor.py:830} INFO - Processing file /opt/airflow/dags/dag_py_op.py for tasks to queue
[2024-03-05T11:28:26.437+0000] {logging_mixin.py:188} INFO - [2024-03-05T11:28:26.437+0000] {dagbag.py:540} INFO - Filling up the DagBag from /opt/airflow/dags/dag_py_op.py
[2024-03-05T11:28:26.451+0000] {processor.py:840} INFO - DAG(s) 'dag_py_op_v6' retrieved from /opt/airflow/dags/dag_py_op.py
[2024-03-05T11:28:26.474+0000] {logging_mixin.py:188} INFO - [2024-03-05T11:28:26.474+0000] {dag.py:3047} INFO - Sync 1 DAGs
[2024-03-05T11:28:26.493+0000] {logging_mixin.py:188} INFO - [2024-03-05T11:28:26.492+0000] {dag.py:3834} INFO - Setting next_dagrun for dag_py_op_v6 to 2024-03-05 00:00:00+00:00, run_after=2024-03-06 00:00:00+00:00
[2024-03-05T11:28:26.506+0000] {processor.py:183} INFO - Processing /opt/airflow/dags/dag_py_op.py took 0.074 seconds
[2024-03-05T11:28:56.727+0000] {processor.py:161} INFO - Started process (PID=3203) to work on /opt/airflow/dags/dag_py_op.py
[2024-03-05T11:28:56.728+0000] {processor.py:830} INFO - Processing file /opt/airflow/dags/dag_py_op.py for tasks to queue
[2024-03-05T11:28:56.729+0000] {logging_mixin.py:188} INFO - [2024-03-05T11:28:56.729+0000] {dagbag.py:540} INFO - Filling up the DagBag from /opt/airflow/dags/dag_py_op.py
[2024-03-05T11:28:56.739+0000] {processor.py:840} INFO - DAG(s) 'dag_py_op_v6' retrieved from /opt/airflow/dags/dag_py_op.py
[2024-03-05T11:28:56.760+0000] {logging_mixin.py:188} INFO - [2024-03-05T11:28:56.760+0000] {dag.py:3047} INFO - Sync 1 DAGs
[2024-03-05T11:28:56.778+0000] {logging_mixin.py:188} INFO - [2024-03-05T11:28:56.778+0000] {dag.py:3834} INFO - Setting next_dagrun for dag_py_op_v6 to 2024-03-05 00:00:00+00:00, run_after=2024-03-06 00:00:00+00:00
[2024-03-05T11:28:56.790+0000] {processor.py:183} INFO - Processing /opt/airflow/dags/dag_py_op.py took 0.066 seconds
[2024-03-05T11:29:27.076+0000] {processor.py:161} INFO - Started process (PID=3219) to work on /opt/airflow/dags/dag_py_op.py
[2024-03-05T11:29:27.078+0000] {processor.py:830} INFO - Processing file /opt/airflow/dags/dag_py_op.py for tasks to queue
[2024-03-05T11:29:27.079+0000] {logging_mixin.py:188} INFO - [2024-03-05T11:29:27.079+0000] {dagbag.py:540} INFO - Filling up the DagBag from /opt/airflow/dags/dag_py_op.py
[2024-03-05T11:29:27.098+0000] {processor.py:840} INFO - DAG(s) 'dag_py_op_v6' retrieved from /opt/airflow/dags/dag_py_op.py
[2024-03-05T11:29:27.121+0000] {logging_mixin.py:188} INFO - [2024-03-05T11:29:27.121+0000] {dag.py:3047} INFO - Sync 1 DAGs
[2024-03-05T11:29:27.138+0000] {logging_mixin.py:188} INFO - [2024-03-05T11:29:27.138+0000] {dag.py:3834} INFO - Setting next_dagrun for dag_py_op_v6 to 2024-03-05 00:00:00+00:00, run_after=2024-03-06 00:00:00+00:00
[2024-03-05T11:29:27.151+0000] {processor.py:183} INFO - Processing /opt/airflow/dags/dag_py_op.py took 0.080 seconds
[2024-03-05T11:29:57.435+0000] {processor.py:161} INFO - Started process (PID=3234) to work on /opt/airflow/dags/dag_py_op.py
[2024-03-05T11:29:57.437+0000] {processor.py:830} INFO - Processing file /opt/airflow/dags/dag_py_op.py for tasks to queue
[2024-03-05T11:29:57.438+0000] {logging_mixin.py:188} INFO - [2024-03-05T11:29:57.437+0000] {dagbag.py:540} INFO - Filling up the DagBag from /opt/airflow/dags/dag_py_op.py
[2024-03-05T11:29:57.453+0000] {processor.py:840} INFO - DAG(s) 'dag_py_op_v6' retrieved from /opt/airflow/dags/dag_py_op.py
[2024-03-05T11:29:57.477+0000] {logging_mixin.py:188} INFO - [2024-03-05T11:29:57.477+0000] {dag.py:3047} INFO - Sync 1 DAGs
[2024-03-05T11:29:57.493+0000] {logging_mixin.py:188} INFO - [2024-03-05T11:29:57.493+0000] {dag.py:3834} INFO - Setting next_dagrun for dag_py_op_v6 to 2024-03-05 00:00:00+00:00, run_after=2024-03-06 00:00:00+00:00
[2024-03-05T11:29:57.505+0000] {processor.py:183} INFO - Processing /opt/airflow/dags/dag_py_op.py took 0.073 seconds
[2024-03-05T11:30:27.775+0000] {processor.py:161} INFO - Started process (PID=3250) to work on /opt/airflow/dags/dag_py_op.py
[2024-03-05T11:30:27.776+0000] {processor.py:830} INFO - Processing file /opt/airflow/dags/dag_py_op.py for tasks to queue
[2024-03-05T11:30:27.778+0000] {logging_mixin.py:188} INFO - [2024-03-05T11:30:27.777+0000] {dagbag.py:540} INFO - Filling up the DagBag from /opt/airflow/dags/dag_py_op.py
[2024-03-05T11:30:27.788+0000] {processor.py:840} INFO - DAG(s) 'dag_py_op_v6' retrieved from /opt/airflow/dags/dag_py_op.py
[2024-03-05T11:30:27.810+0000] {logging_mixin.py:188} INFO - [2024-03-05T11:30:27.810+0000] {dag.py:3047} INFO - Sync 1 DAGs
[2024-03-05T11:30:27.825+0000] {logging_mixin.py:188} INFO - [2024-03-05T11:30:27.825+0000] {dag.py:3834} INFO - Setting next_dagrun for dag_py_op_v6 to 2024-03-05 00:00:00+00:00, run_after=2024-03-06 00:00:00+00:00
[2024-03-05T11:30:27.837+0000] {processor.py:183} INFO - Processing /opt/airflow/dags/dag_py_op.py took 0.065 seconds
[2024-03-05T11:30:58.105+0000] {processor.py:161} INFO - Started process (PID=3265) to work on /opt/airflow/dags/dag_py_op.py
[2024-03-05T11:30:58.106+0000] {processor.py:830} INFO - Processing file /opt/airflow/dags/dag_py_op.py for tasks to queue
[2024-03-05T11:30:58.107+0000] {logging_mixin.py:188} INFO - [2024-03-05T11:30:58.107+0000] {dagbag.py:540} INFO - Filling up the DagBag from /opt/airflow/dags/dag_py_op.py
[2024-03-05T11:30:58.121+0000] {processor.py:840} INFO - DAG(s) 'dag_py_op_v6' retrieved from /opt/airflow/dags/dag_py_op.py
[2024-03-05T11:30:58.141+0000] {logging_mixin.py:188} INFO - [2024-03-05T11:30:58.140+0000] {dag.py:3047} INFO - Sync 1 DAGs
[2024-03-05T11:30:58.155+0000] {logging_mixin.py:188} INFO - [2024-03-05T11:30:58.154+0000] {dag.py:3834} INFO - Setting next_dagrun for dag_py_op_v6 to 2024-03-05 00:00:00+00:00, run_after=2024-03-06 00:00:00+00:00
[2024-03-05T11:30:58.165+0000] {processor.py:183} INFO - Processing /opt/airflow/dags/dag_py_op.py took 0.064 seconds
[2024-03-05T11:31:28.450+0000] {processor.py:161} INFO - Started process (PID=3280) to work on /opt/airflow/dags/dag_py_op.py
[2024-03-05T11:31:28.451+0000] {processor.py:830} INFO - Processing file /opt/airflow/dags/dag_py_op.py for tasks to queue
[2024-03-05T11:31:28.452+0000] {logging_mixin.py:188} INFO - [2024-03-05T11:31:28.452+0000] {dagbag.py:540} INFO - Filling up the DagBag from /opt/airflow/dags/dag_py_op.py
[2024-03-05T11:31:28.467+0000] {processor.py:840} INFO - DAG(s) 'dag_py_op_v6' retrieved from /opt/airflow/dags/dag_py_op.py
[2024-03-05T11:31:28.490+0000] {logging_mixin.py:188} INFO - [2024-03-05T11:31:28.489+0000] {dag.py:3047} INFO - Sync 1 DAGs
[2024-03-05T11:31:28.505+0000] {logging_mixin.py:188} INFO - [2024-03-05T11:31:28.505+0000] {dag.py:3834} INFO - Setting next_dagrun for dag_py_op_v6 to 2024-03-05 00:00:00+00:00, run_after=2024-03-06 00:00:00+00:00
[2024-03-05T11:31:28.515+0000] {processor.py:183} INFO - Processing /opt/airflow/dags/dag_py_op.py took 0.070 seconds
[2024-03-05T11:31:58.791+0000] {processor.py:161} INFO - Started process (PID=3296) to work on /opt/airflow/dags/dag_py_op.py
[2024-03-05T11:31:58.792+0000] {processor.py:830} INFO - Processing file /opt/airflow/dags/dag_py_op.py for tasks to queue
[2024-03-05T11:31:58.792+0000] {logging_mixin.py:188} INFO - [2024-03-05T11:31:58.792+0000] {dagbag.py:540} INFO - Filling up the DagBag from /opt/airflow/dags/dag_py_op.py
[2024-03-05T11:31:58.803+0000] {processor.py:840} INFO - DAG(s) 'dag_py_op_v6' retrieved from /opt/airflow/dags/dag_py_op.py
[2024-03-05T11:31:58.822+0000] {logging_mixin.py:188} INFO - [2024-03-05T11:31:58.822+0000] {dag.py:3047} INFO - Sync 1 DAGs
[2024-03-05T11:31:58.836+0000] {logging_mixin.py:188} INFO - [2024-03-05T11:31:58.836+0000] {dag.py:3834} INFO - Setting next_dagrun for dag_py_op_v6 to 2024-03-05 00:00:00+00:00, run_after=2024-03-06 00:00:00+00:00
[2024-03-05T11:31:58.848+0000] {processor.py:183} INFO - Processing /opt/airflow/dags/dag_py_op.py took 0.060 seconds
[2024-03-05T11:32:29.157+0000] {processor.py:161} INFO - Started process (PID=3312) to work on /opt/airflow/dags/dag_py_op.py
[2024-03-05T11:32:29.158+0000] {processor.py:830} INFO - Processing file /opt/airflow/dags/dag_py_op.py for tasks to queue
[2024-03-05T11:32:29.159+0000] {logging_mixin.py:188} INFO - [2024-03-05T11:32:29.159+0000] {dagbag.py:540} INFO - Filling up the DagBag from /opt/airflow/dags/dag_py_op.py
[2024-03-05T11:32:29.174+0000] {processor.py:840} INFO - DAG(s) 'dag_py_op_v6' retrieved from /opt/airflow/dags/dag_py_op.py
[2024-03-05T11:32:29.196+0000] {logging_mixin.py:188} INFO - [2024-03-05T11:32:29.196+0000] {dag.py:3047} INFO - Sync 1 DAGs
[2024-03-05T11:32:29.211+0000] {logging_mixin.py:188} INFO - [2024-03-05T11:32:29.211+0000] {dag.py:3834} INFO - Setting next_dagrun for dag_py_op_v6 to 2024-03-05 00:00:00+00:00, run_after=2024-03-06 00:00:00+00:00
[2024-03-05T11:32:29.223+0000] {processor.py:183} INFO - Processing /opt/airflow/dags/dag_py_op.py took 0.071 seconds
[2024-03-05T11:32:37.269+0000] {processor.py:161} INFO - Started process (PID=3323) to work on /opt/airflow/dags/dag_py_op.py
[2024-03-05T11:32:37.271+0000] {processor.py:830} INFO - Processing file /opt/airflow/dags/dag_py_op.py for tasks to queue
[2024-03-05T11:32:37.273+0000] {logging_mixin.py:188} INFO - [2024-03-05T11:32:37.272+0000] {dagbag.py:540} INFO - Filling up the DagBag from /opt/airflow/dags/dag_py_op.py
[2024-03-05T11:32:37.291+0000] {processor.py:840} INFO - DAG(s) 'dag_py_op_v7' retrieved from /opt/airflow/dags/dag_py_op.py
[2024-03-05T11:32:37.366+0000] {logging_mixin.py:188} INFO - [2024-03-05T11:32:37.366+0000] {override.py:1769} INFO - Created Permission View: can delete on DAG:dag_py_op_v7
[2024-03-05T11:32:37.371+0000] {logging_mixin.py:188} INFO - [2024-03-05T11:32:37.371+0000] {override.py:1769} INFO - Created Permission View: can read on DAG:dag_py_op_v7
[2024-03-05T11:32:37.375+0000] {logging_mixin.py:188} INFO - [2024-03-05T11:32:37.375+0000] {override.py:1769} INFO - Created Permission View: can edit on DAG:dag_py_op_v7
[2024-03-05T11:32:37.376+0000] {logging_mixin.py:188} INFO - [2024-03-05T11:32:37.376+0000] {dag.py:3047} INFO - Sync 1 DAGs
[2024-03-05T11:32:37.382+0000] {logging_mixin.py:188} INFO - [2024-03-05T11:32:37.382+0000] {dag.py:3069} INFO - Creating ORM DAG for dag_py_op_v7
[2024-03-05T11:32:37.391+0000] {logging_mixin.py:188} INFO - [2024-03-05T11:32:37.391+0000] {dag.py:3834} INFO - Setting next_dagrun for dag_py_op_v7 to 2024-03-04 00:00:00+00:00, run_after=2024-03-05 00:00:00+00:00
[2024-03-05T11:32:37.401+0000] {processor.py:183} INFO - Processing /opt/airflow/dags/dag_py_op.py took 0.137 seconds
[2024-03-05T11:33:07.619+0000] {processor.py:161} INFO - Started process (PID=3345) to work on /opt/airflow/dags/dag_py_op.py
[2024-03-05T11:33:07.621+0000] {processor.py:830} INFO - Processing file /opt/airflow/dags/dag_py_op.py for tasks to queue
[2024-03-05T11:33:07.622+0000] {logging_mixin.py:188} INFO - [2024-03-05T11:33:07.621+0000] {dagbag.py:540} INFO - Filling up the DagBag from /opt/airflow/dags/dag_py_op.py
[2024-03-05T11:33:07.636+0000] {processor.py:840} INFO - DAG(s) 'dag_py_op_v7' retrieved from /opt/airflow/dags/dag_py_op.py
[2024-03-05T11:33:07.660+0000] {logging_mixin.py:188} INFO - [2024-03-05T11:33:07.660+0000] {dag.py:3047} INFO - Sync 1 DAGs
[2024-03-05T11:33:07.676+0000] {logging_mixin.py:188} INFO - [2024-03-05T11:33:07.676+0000] {dag.py:3834} INFO - Setting next_dagrun for dag_py_op_v7 to 2024-03-05 00:00:00+00:00, run_after=2024-03-06 00:00:00+00:00
[2024-03-05T11:33:07.688+0000] {processor.py:183} INFO - Processing /opt/airflow/dags/dag_py_op.py took 0.074 seconds
[2024-03-05T11:33:38.022+0000] {processor.py:161} INFO - Started process (PID=3361) to work on /opt/airflow/dags/dag_py_op.py
[2024-03-05T11:33:38.024+0000] {processor.py:830} INFO - Processing file /opt/airflow/dags/dag_py_op.py for tasks to queue
[2024-03-05T11:33:38.025+0000] {logging_mixin.py:188} INFO - [2024-03-05T11:33:38.025+0000] {dagbag.py:540} INFO - Filling up the DagBag from /opt/airflow/dags/dag_py_op.py
[2024-03-05T11:33:38.039+0000] {processor.py:840} INFO - DAG(s) 'dag_py_op_v7' retrieved from /opt/airflow/dags/dag_py_op.py
[2024-03-05T11:33:38.062+0000] {logging_mixin.py:188} INFO - [2024-03-05T11:33:38.061+0000] {dag.py:3047} INFO - Sync 1 DAGs
[2024-03-05T11:33:38.077+0000] {logging_mixin.py:188} INFO - [2024-03-05T11:33:38.076+0000] {dag.py:3834} INFO - Setting next_dagrun for dag_py_op_v7 to 2024-03-05 00:00:00+00:00, run_after=2024-03-06 00:00:00+00:00
[2024-03-05T11:33:38.088+0000] {processor.py:183} INFO - Processing /opt/airflow/dags/dag_py_op.py took 0.070 seconds
[2024-03-05T11:34:08.628+0000] {processor.py:161} INFO - Started process (PID=3373) to work on /opt/airflow/dags/dag_py_op.py
[2024-03-05T11:34:08.629+0000] {processor.py:830} INFO - Processing file /opt/airflow/dags/dag_py_op.py for tasks to queue
[2024-03-05T11:34:08.631+0000] {logging_mixin.py:188} INFO - [2024-03-05T11:34:08.630+0000] {dagbag.py:540} INFO - Filling up the DagBag from /opt/airflow/dags/dag_py_op.py
[2024-03-05T11:34:08.648+0000] {processor.py:840} INFO - DAG(s) 'dag_py_op_v7' retrieved from /opt/airflow/dags/dag_py_op.py
[2024-03-05T11:34:08.671+0000] {logging_mixin.py:188} INFO - [2024-03-05T11:34:08.671+0000] {dag.py:3047} INFO - Sync 1 DAGs
[2024-03-05T11:34:08.686+0000] {logging_mixin.py:188} INFO - [2024-03-05T11:34:08.686+0000] {dag.py:3834} INFO - Setting next_dagrun for dag_py_op_v7 to 2024-03-05 00:00:00+00:00, run_after=2024-03-06 00:00:00+00:00
[2024-03-05T11:34:08.697+0000] {processor.py:183} INFO - Processing /opt/airflow/dags/dag_py_op.py took 0.074 seconds
[2024-03-05T11:34:38.987+0000] {processor.py:161} INFO - Started process (PID=3388) to work on /opt/airflow/dags/dag_py_op.py
[2024-03-05T11:34:38.988+0000] {processor.py:830} INFO - Processing file /opt/airflow/dags/dag_py_op.py for tasks to queue
[2024-03-05T11:34:38.990+0000] {logging_mixin.py:188} INFO - [2024-03-05T11:34:38.989+0000] {dagbag.py:540} INFO - Filling up the DagBag from /opt/airflow/dags/dag_py_op.py
[2024-03-05T11:34:39.002+0000] {processor.py:840} INFO - DAG(s) 'dag_py_op_v7' retrieved from /opt/airflow/dags/dag_py_op.py
[2024-03-05T11:34:39.020+0000] {logging_mixin.py:188} INFO - [2024-03-05T11:34:39.020+0000] {dag.py:3047} INFO - Sync 1 DAGs
[2024-03-05T11:34:39.034+0000] {logging_mixin.py:188} INFO - [2024-03-05T11:34:39.034+0000] {dag.py:3834} INFO - Setting next_dagrun for dag_py_op_v7 to 2024-03-05 00:00:00+00:00, run_after=2024-03-06 00:00:00+00:00
[2024-03-05T11:34:39.045+0000] {processor.py:183} INFO - Processing /opt/airflow/dags/dag_py_op.py took 0.061 seconds
[2024-03-05T11:35:19.152+0000] {processor.py:161} INFO - Started process (PID=3399) to work on /opt/airflow/dags/dag_py_op.py
[2024-03-05T11:35:19.155+0000] {processor.py:830} INFO - Processing file /opt/airflow/dags/dag_py_op.py for tasks to queue
[2024-03-05T11:35:19.156+0000] {logging_mixin.py:188} INFO - [2024-03-05T11:35:19.156+0000] {dagbag.py:540} INFO - Filling up the DagBag from /opt/airflow/dags/dag_py_op.py
[2024-03-05T11:35:19.169+0000] {processor.py:840} INFO - DAG(s) 'dag_py_op_v7' retrieved from /opt/airflow/dags/dag_py_op.py
[2024-03-05T11:35:19.188+0000] {logging_mixin.py:188} INFO - [2024-03-05T11:35:19.188+0000] {dag.py:3047} INFO - Sync 1 DAGs
[2024-03-05T11:35:19.202+0000] {logging_mixin.py:188} INFO - [2024-03-05T11:35:19.202+0000] {dag.py:3834} INFO - Setting next_dagrun for dag_py_op_v7 to 2024-03-05 00:00:00+00:00, run_after=2024-03-06 00:00:00+00:00
[2024-03-05T11:35:19.213+0000] {processor.py:183} INFO - Processing /opt/airflow/dags/dag_py_op.py took 0.065 seconds
[2024-03-05T11:38:24.405+0000] {processor.py:161} INFO - Started process (PID=3417) to work on /opt/airflow/dags/dag_py_op.py
[2024-03-05T11:38:24.409+0000] {processor.py:830} INFO - Processing file /opt/airflow/dags/dag_py_op.py for tasks to queue
[2024-03-05T11:38:24.413+0000] {logging_mixin.py:188} INFO - [2024-03-05T11:38:24.412+0000] {dagbag.py:540} INFO - Filling up the DagBag from /opt/airflow/dags/dag_py_op.py
[2024-03-05T11:38:24.440+0000] {processor.py:840} INFO - DAG(s) 'dag_py_op_v7' retrieved from /opt/airflow/dags/dag_py_op.py
[2024-03-05T11:38:24.500+0000] {logging_mixin.py:188} INFO - [2024-03-05T11:38:24.499+0000] {dag.py:3047} INFO - Sync 1 DAGs
[2024-03-05T11:38:24.550+0000] {logging_mixin.py:188} INFO - [2024-03-05T11:38:24.550+0000] {dag.py:3834} INFO - Setting next_dagrun for dag_py_op_v7 to 2024-03-05 00:00:00+00:00, run_after=2024-03-06 00:00:00+00:00
[2024-03-05T11:38:24.589+0000] {processor.py:183} INFO - Processing /opt/airflow/dags/dag_py_op.py took 0.191 seconds
[2024-03-05T13:38:52.386+0000] {processor.py:161} INFO - Started process (PID=3434) to work on /opt/airflow/dags/dag_py_op.py
[2024-03-05T13:38:52.387+0000] {processor.py:830} INFO - Processing file /opt/airflow/dags/dag_py_op.py for tasks to queue
[2024-03-05T13:38:52.388+0000] {logging_mixin.py:188} INFO - [2024-03-05T13:38:52.388+0000] {dagbag.py:540} INFO - Filling up the DagBag from /opt/airflow/dags/dag_py_op.py
[2024-03-05T13:38:52.400+0000] {processor.py:840} INFO - DAG(s) 'dag_py_op_v7' retrieved from /opt/airflow/dags/dag_py_op.py
[2024-03-05T13:38:52.422+0000] {logging_mixin.py:188} INFO - [2024-03-05T13:38:52.422+0000] {dag.py:3047} INFO - Sync 1 DAGs
[2024-03-05T13:38:52.440+0000] {logging_mixin.py:188} INFO - [2024-03-05T13:38:52.440+0000] {dag.py:3834} INFO - Setting next_dagrun for dag_py_op_v7 to 2024-03-05 00:00:00+00:00, run_after=2024-03-06 00:00:00+00:00
[2024-03-05T13:38:52.452+0000] {processor.py:183} INFO - Processing /opt/airflow/dags/dag_py_op.py took 0.069 seconds
[2024-03-05T13:39:22.770+0000] {processor.py:161} INFO - Started process (PID=3450) to work on /opt/airflow/dags/dag_py_op.py
[2024-03-05T13:39:22.771+0000] {processor.py:830} INFO - Processing file /opt/airflow/dags/dag_py_op.py for tasks to queue
[2024-03-05T13:39:22.773+0000] {logging_mixin.py:188} INFO - [2024-03-05T13:39:22.772+0000] {dagbag.py:540} INFO - Filling up the DagBag from /opt/airflow/dags/dag_py_op.py
[2024-03-05T13:39:22.786+0000] {processor.py:840} INFO - DAG(s) 'dag_py_op_v7' retrieved from /opt/airflow/dags/dag_py_op.py
[2024-03-05T13:39:22.808+0000] {logging_mixin.py:188} INFO - [2024-03-05T13:39:22.808+0000] {dag.py:3047} INFO - Sync 1 DAGs
[2024-03-05T13:39:22.825+0000] {logging_mixin.py:188} INFO - [2024-03-05T13:39:22.825+0000] {dag.py:3834} INFO - Setting next_dagrun for dag_py_op_v7 to 2024-03-05 00:00:00+00:00, run_after=2024-03-06 00:00:00+00:00
[2024-03-05T13:39:22.836+0000] {processor.py:183} INFO - Processing /opt/airflow/dags/dag_py_op.py took 0.072 seconds
[2024-03-05T14:40:05.011+0000] {processor.py:161} INFO - Started process (PID=3466) to work on /opt/airflow/dags/dag_py_op.py
[2024-03-05T14:40:05.012+0000] {processor.py:830} INFO - Processing file /opt/airflow/dags/dag_py_op.py for tasks to queue
[2024-03-05T14:40:05.013+0000] {logging_mixin.py:188} INFO - [2024-03-05T14:40:05.013+0000] {dagbag.py:540} INFO - Filling up the DagBag from /opt/airflow/dags/dag_py_op.py
[2024-03-05T14:40:05.023+0000] {processor.py:840} INFO - DAG(s) 'dag_py_op_v7' retrieved from /opt/airflow/dags/dag_py_op.py
[2024-03-05T14:40:05.044+0000] {logging_mixin.py:188} INFO - [2024-03-05T14:40:05.044+0000] {dag.py:3047} INFO - Sync 1 DAGs
[2024-03-05T14:40:05.061+0000] {logging_mixin.py:188} INFO - [2024-03-05T14:40:05.060+0000] {dag.py:3834} INFO - Setting next_dagrun for dag_py_op_v7 to 2024-03-05 00:00:00+00:00, run_after=2024-03-06 00:00:00+00:00
[2024-03-05T14:40:05.073+0000] {processor.py:183} INFO - Processing /opt/airflow/dags/dag_py_op.py took 0.065 seconds
[2024-03-05T15:30:44.959+0000] {processor.py:161} INFO - Started process (PID=3481) to work on /opt/airflow/dags/dag_py_op.py
[2024-03-05T15:30:44.965+0000] {processor.py:830} INFO - Processing file /opt/airflow/dags/dag_py_op.py for tasks to queue
[2024-03-05T15:30:44.971+0000] {logging_mixin.py:188} INFO - [2024-03-05T15:30:44.971+0000] {dagbag.py:540} INFO - Filling up the DagBag from /opt/airflow/dags/dag_py_op.py
[2024-03-05T15:30:45.015+0000] {processor.py:840} INFO - DAG(s) 'dag_py_op_v7' retrieved from /opt/airflow/dags/dag_py_op.py
[2024-03-05T15:30:45.066+0000] {logging_mixin.py:188} INFO - [2024-03-05T15:30:45.065+0000] {dag.py:3047} INFO - Sync 1 DAGs
[2024-03-05T15:30:45.102+0000] {logging_mixin.py:188} INFO - [2024-03-05T15:30:45.102+0000] {dag.py:3834} INFO - Setting next_dagrun for dag_py_op_v7 to 2024-03-05 00:00:00+00:00, run_after=2024-03-06 00:00:00+00:00
[2024-03-05T15:30:45.140+0000] {processor.py:183} INFO - Processing /opt/airflow/dags/dag_py_op.py took 0.200 seconds
[2024-03-05T15:31:15.242+0000] {processor.py:161} INFO - Started process (PID=3497) to work on /opt/airflow/dags/dag_py_op.py
[2024-03-05T15:31:15.243+0000] {processor.py:830} INFO - Processing file /opt/airflow/dags/dag_py_op.py for tasks to queue
[2024-03-05T15:31:15.244+0000] {logging_mixin.py:188} INFO - [2024-03-05T15:31:15.244+0000] {dagbag.py:540} INFO - Filling up the DagBag from /opt/airflow/dags/dag_py_op.py
[2024-03-05T15:31:15.258+0000] {processor.py:840} INFO - DAG(s) 'dag_py_op_v7' retrieved from /opt/airflow/dags/dag_py_op.py
[2024-03-05T15:31:15.277+0000] {logging_mixin.py:188} INFO - [2024-03-05T15:31:15.277+0000] {dag.py:3047} INFO - Sync 1 DAGs
[2024-03-05T15:31:15.292+0000] {logging_mixin.py:188} INFO - [2024-03-05T15:31:15.292+0000] {dag.py:3834} INFO - Setting next_dagrun for dag_py_op_v7 to 2024-03-05 00:00:00+00:00, run_after=2024-03-06 00:00:00+00:00
[2024-03-05T15:31:15.303+0000] {processor.py:183} INFO - Processing /opt/airflow/dags/dag_py_op.py took 0.065 seconds
[2024-03-05T15:31:45.534+0000] {processor.py:161} INFO - Started process (PID=3513) to work on /opt/airflow/dags/dag_py_op.py
[2024-03-05T15:31:45.535+0000] {processor.py:830} INFO - Processing file /opt/airflow/dags/dag_py_op.py for tasks to queue
[2024-03-05T15:31:45.536+0000] {logging_mixin.py:188} INFO - [2024-03-05T15:31:45.536+0000] {dagbag.py:540} INFO - Filling up the DagBag from /opt/airflow/dags/dag_py_op.py
[2024-03-05T15:31:45.549+0000] {processor.py:840} INFO - DAG(s) 'dag_py_op_v7' retrieved from /opt/airflow/dags/dag_py_op.py
[2024-03-05T15:31:45.570+0000] {logging_mixin.py:188} INFO - [2024-03-05T15:31:45.570+0000] {dag.py:3047} INFO - Sync 1 DAGs
[2024-03-05T15:31:45.585+0000] {logging_mixin.py:188} INFO - [2024-03-05T15:31:45.585+0000] {dag.py:3834} INFO - Setting next_dagrun for dag_py_op_v7 to 2024-03-05 00:00:00+00:00, run_after=2024-03-06 00:00:00+00:00
[2024-03-05T15:31:45.598+0000] {processor.py:183} INFO - Processing /opt/airflow/dags/dag_py_op.py took 0.068 seconds
[2024-03-05T15:32:15.837+0000] {processor.py:161} INFO - Started process (PID=3529) to work on /opt/airflow/dags/dag_py_op.py
[2024-03-05T15:32:15.838+0000] {processor.py:830} INFO - Processing file /opt/airflow/dags/dag_py_op.py for tasks to queue
[2024-03-05T15:32:15.840+0000] {logging_mixin.py:188} INFO - [2024-03-05T15:32:15.839+0000] {dagbag.py:540} INFO - Filling up the DagBag from /opt/airflow/dags/dag_py_op.py
[2024-03-05T15:32:15.856+0000] {processor.py:840} INFO - DAG(s) 'dag_py_op_v7' retrieved from /opt/airflow/dags/dag_py_op.py
[2024-03-05T15:32:15.881+0000] {logging_mixin.py:188} INFO - [2024-03-05T15:32:15.880+0000] {dag.py:3047} INFO - Sync 1 DAGs
[2024-03-05T15:32:15.899+0000] {logging_mixin.py:188} INFO - [2024-03-05T15:32:15.899+0000] {dag.py:3834} INFO - Setting next_dagrun for dag_py_op_v7 to 2024-03-05 00:00:00+00:00, run_after=2024-03-06 00:00:00+00:00
[2024-03-05T15:32:15.912+0000] {processor.py:183} INFO - Processing /opt/airflow/dags/dag_py_op.py took 0.081 seconds
[2024-03-05T15:32:46.156+0000] {processor.py:161} INFO - Started process (PID=3545) to work on /opt/airflow/dags/dag_py_op.py
[2024-03-05T15:32:46.158+0000] {processor.py:830} INFO - Processing file /opt/airflow/dags/dag_py_op.py for tasks to queue
[2024-03-05T15:32:46.159+0000] {logging_mixin.py:188} INFO - [2024-03-05T15:32:46.158+0000] {dagbag.py:540} INFO - Filling up the DagBag from /opt/airflow/dags/dag_py_op.py
[2024-03-05T15:32:46.173+0000] {processor.py:840} INFO - DAG(s) 'dag_py_op_v7' retrieved from /opt/airflow/dags/dag_py_op.py
[2024-03-05T15:32:46.193+0000] {logging_mixin.py:188} INFO - [2024-03-05T15:32:46.193+0000] {dag.py:3047} INFO - Sync 1 DAGs
[2024-03-05T15:32:46.209+0000] {logging_mixin.py:188} INFO - [2024-03-05T15:32:46.208+0000] {dag.py:3834} INFO - Setting next_dagrun for dag_py_op_v7 to 2024-03-05 00:00:00+00:00, run_after=2024-03-06 00:00:00+00:00
[2024-03-05T15:32:46.220+0000] {processor.py:183} INFO - Processing /opt/airflow/dags/dag_py_op.py took 0.068 seconds
[2024-03-05T15:33:16.476+0000] {processor.py:161} INFO - Started process (PID=3560) to work on /opt/airflow/dags/dag_py_op.py
[2024-03-05T15:33:16.478+0000] {processor.py:830} INFO - Processing file /opt/airflow/dags/dag_py_op.py for tasks to queue
[2024-03-05T15:33:16.479+0000] {logging_mixin.py:188} INFO - [2024-03-05T15:33:16.479+0000] {dagbag.py:540} INFO - Filling up the DagBag from /opt/airflow/dags/dag_py_op.py
[2024-03-05T15:33:16.493+0000] {processor.py:840} INFO - DAG(s) 'dag_py_op_v7' retrieved from /opt/airflow/dags/dag_py_op.py
[2024-03-05T15:33:16.516+0000] {logging_mixin.py:188} INFO - [2024-03-05T15:33:16.515+0000] {dag.py:3047} INFO - Sync 1 DAGs
[2024-03-05T15:33:16.531+0000] {logging_mixin.py:188} INFO - [2024-03-05T15:33:16.530+0000] {dag.py:3834} INFO - Setting next_dagrun for dag_py_op_v7 to 2024-03-05 00:00:00+00:00, run_after=2024-03-06 00:00:00+00:00
[2024-03-05T15:33:16.542+0000] {processor.py:183} INFO - Processing /opt/airflow/dags/dag_py_op.py took 0.070 seconds
[2024-03-05T15:33:46.782+0000] {processor.py:161} INFO - Started process (PID=3576) to work on /opt/airflow/dags/dag_py_op.py
[2024-03-05T15:33:46.784+0000] {processor.py:830} INFO - Processing file /opt/airflow/dags/dag_py_op.py for tasks to queue
[2024-03-05T15:33:46.785+0000] {logging_mixin.py:188} INFO - [2024-03-05T15:33:46.785+0000] {dagbag.py:540} INFO - Filling up the DagBag from /opt/airflow/dags/dag_py_op.py
[2024-03-05T15:33:46.799+0000] {processor.py:840} INFO - DAG(s) 'dag_py_op_v7' retrieved from /opt/airflow/dags/dag_py_op.py
[2024-03-05T15:33:46.820+0000] {logging_mixin.py:188} INFO - [2024-03-05T15:33:46.820+0000] {dag.py:3047} INFO - Sync 1 DAGs
[2024-03-05T15:33:46.834+0000] {logging_mixin.py:188} INFO - [2024-03-05T15:33:46.834+0000] {dag.py:3834} INFO - Setting next_dagrun for dag_py_op_v7 to 2024-03-05 00:00:00+00:00, run_after=2024-03-06 00:00:00+00:00
[2024-03-05T15:33:46.846+0000] {processor.py:183} INFO - Processing /opt/airflow/dags/dag_py_op.py took 0.068 seconds
[2024-03-05T15:33:49.826+0000] {processor.py:161} INFO - Started process (PID=3586) to work on /opt/airflow/dags/dag_py_op.py
[2024-03-05T15:33:49.827+0000] {processor.py:830} INFO - Processing file /opt/airflow/dags/dag_py_op.py for tasks to queue
[2024-03-05T15:33:49.828+0000] {logging_mixin.py:188} INFO - [2024-03-05T15:33:49.828+0000] {dagbag.py:540} INFO - Filling up the DagBag from /opt/airflow/dags/dag_py_op.py
[2024-03-05T15:33:49.843+0000] {processor.py:840} INFO - DAG(s) 'dag_py_op_v7' retrieved from /opt/airflow/dags/dag_py_op.py
[2024-03-05T15:33:49.863+0000] {logging_mixin.py:188} INFO - [2024-03-05T15:33:49.863+0000] {dag.py:3047} INFO - Sync 1 DAGs
[2024-03-05T15:33:49.878+0000] {logging_mixin.py:188} INFO - [2024-03-05T15:33:49.878+0000] {dag.py:3834} INFO - Setting next_dagrun for dag_py_op_v7 to 2024-03-05 00:00:00+00:00, run_after=2024-03-06 00:00:00+00:00
[2024-03-05T15:33:49.889+0000] {processor.py:183} INFO - Processing /opt/airflow/dags/dag_py_op.py took 0.066 seconds
[2024-03-05T17:33:21.396+0000] {processor.py:161} INFO - Started process (PID=3597) to work on /opt/airflow/dags/dag_py_op.py
[2024-03-05T17:33:21.398+0000] {processor.py:830} INFO - Processing file /opt/airflow/dags/dag_py_op.py for tasks to queue
[2024-03-05T17:33:21.399+0000] {logging_mixin.py:188} INFO - [2024-03-05T17:33:21.399+0000] {dagbag.py:540} INFO - Filling up the DagBag from /opt/airflow/dags/dag_py_op.py
[2024-03-05T17:33:21.422+0000] {processor.py:840} INFO - DAG(s) 'dag_py_op_v7' retrieved from /opt/airflow/dags/dag_py_op.py
[2024-03-05T17:33:21.468+0000] {logging_mixin.py:188} INFO - [2024-03-05T17:33:21.467+0000] {dag.py:3047} INFO - Sync 1 DAGs
[2024-03-05T17:33:21.500+0000] {logging_mixin.py:188} INFO - [2024-03-05T17:33:21.500+0000] {dag.py:3834} INFO - Setting next_dagrun for dag_py_op_v7 to 2024-03-05 00:00:00+00:00, run_after=2024-03-06 00:00:00+00:00
[2024-03-05T17:33:21.529+0000] {processor.py:183} INFO - Processing /opt/airflow/dags/dag_py_op.py took 0.138 seconds
[2024-03-05T18:34:19.433+0000] {processor.py:161} INFO - Started process (PID=3615) to work on /opt/airflow/dags/dag_py_op.py
[2024-03-05T18:34:19.434+0000] {processor.py:830} INFO - Processing file /opt/airflow/dags/dag_py_op.py for tasks to queue
[2024-03-05T18:34:19.435+0000] {logging_mixin.py:188} INFO - [2024-03-05T18:34:19.435+0000] {dagbag.py:540} INFO - Filling up the DagBag from /opt/airflow/dags/dag_py_op.py
[2024-03-05T18:34:19.449+0000] {processor.py:840} INFO - DAG(s) 'dag_py_op_v7' retrieved from /opt/airflow/dags/dag_py_op.py
[2024-03-05T18:34:19.469+0000] {logging_mixin.py:188} INFO - [2024-03-05T18:34:19.469+0000] {dag.py:3047} INFO - Sync 1 DAGs
[2024-03-05T18:34:19.485+0000] {logging_mixin.py:188} INFO - [2024-03-05T18:34:19.485+0000] {dag.py:3834} INFO - Setting next_dagrun for dag_py_op_v7 to 2024-03-05 00:00:00+00:00, run_after=2024-03-06 00:00:00+00:00
[2024-03-05T18:34:19.498+0000] {processor.py:183} INFO - Processing /opt/airflow/dags/dag_py_op.py took 0.071 seconds
[2024-03-05T18:34:49.897+0000] {processor.py:161} INFO - Started process (PID=3631) to work on /opt/airflow/dags/dag_py_op.py
[2024-03-05T18:34:49.899+0000] {processor.py:830} INFO - Processing file /opt/airflow/dags/dag_py_op.py for tasks to queue
[2024-03-05T18:34:49.900+0000] {logging_mixin.py:188} INFO - [2024-03-05T18:34:49.900+0000] {dagbag.py:540} INFO - Filling up the DagBag from /opt/airflow/dags/dag_py_op.py
[2024-03-05T18:34:49.915+0000] {processor.py:840} INFO - DAG(s) 'dag_py_op_v7' retrieved from /opt/airflow/dags/dag_py_op.py
[2024-03-05T18:34:49.935+0000] {logging_mixin.py:188} INFO - [2024-03-05T18:34:49.935+0000] {dag.py:3047} INFO - Sync 1 DAGs
[2024-03-05T18:34:49.951+0000] {logging_mixin.py:188} INFO - [2024-03-05T18:34:49.950+0000] {dag.py:3834} INFO - Setting next_dagrun for dag_py_op_v7 to 2024-03-05 00:00:00+00:00, run_after=2024-03-06 00:00:00+00:00
[2024-03-05T18:34:49.962+0000] {processor.py:183} INFO - Processing /opt/airflow/dags/dag_py_op.py took 0.070 seconds
[2024-03-05T20:35:16.691+0000] {processor.py:161} INFO - Started process (PID=3647) to work on /opt/airflow/dags/dag_py_op.py
[2024-03-05T20:35:16.694+0000] {processor.py:830} INFO - Processing file /opt/airflow/dags/dag_py_op.py for tasks to queue
[2024-03-05T20:35:16.697+0000] {logging_mixin.py:188} INFO - [2024-03-05T20:35:16.696+0000] {dagbag.py:540} INFO - Filling up the DagBag from /opt/airflow/dags/dag_py_op.py
[2024-03-05T20:35:16.717+0000] {processor.py:840} INFO - DAG(s) 'dag_py_op_v7' retrieved from /opt/airflow/dags/dag_py_op.py
[2024-03-05T20:35:16.749+0000] {logging_mixin.py:188} INFO - [2024-03-05T20:35:16.749+0000] {dag.py:3047} INFO - Sync 1 DAGs
[2024-03-05T20:35:16.777+0000] {logging_mixin.py:188} INFO - [2024-03-05T20:35:16.777+0000] {dag.py:3834} INFO - Setting next_dagrun for dag_py_op_v7 to 2024-03-05 00:00:00+00:00, run_after=2024-03-06 00:00:00+00:00
[2024-03-05T20:35:16.830+0000] {processor.py:183} INFO - Processing /opt/airflow/dags/dag_py_op.py took 0.145 seconds
[2024-03-05T22:35:44.918+0000] {processor.py:161} INFO - Started process (PID=3663) to work on /opt/airflow/dags/dag_py_op.py
[2024-03-05T22:35:44.920+0000] {processor.py:830} INFO - Processing file /opt/airflow/dags/dag_py_op.py for tasks to queue
[2024-03-05T22:35:44.923+0000] {logging_mixin.py:188} INFO - [2024-03-05T22:35:44.922+0000] {dagbag.py:540} INFO - Filling up the DagBag from /opt/airflow/dags/dag_py_op.py
[2024-03-05T22:35:44.940+0000] {processor.py:840} INFO - DAG(s) 'dag_py_op_v7' retrieved from /opt/airflow/dags/dag_py_op.py
[2024-03-05T22:35:44.979+0000] {logging_mixin.py:188} INFO - [2024-03-05T22:35:44.979+0000] {dag.py:3047} INFO - Sync 1 DAGs
[2024-03-05T22:35:45.007+0000] {logging_mixin.py:188} INFO - [2024-03-05T22:35:45.006+0000] {dag.py:3834} INFO - Setting next_dagrun for dag_py_op_v7 to 2024-03-05 00:00:00+00:00, run_after=2024-03-06 00:00:00+00:00
[2024-03-05T22:35:45.032+0000] {processor.py:183} INFO - Processing /opt/airflow/dags/dag_py_op.py took 0.118 seconds
[2024-03-05T22:36:15.458+0000] {processor.py:161} INFO - Started process (PID=3678) to work on /opt/airflow/dags/dag_py_op.py
[2024-03-05T22:36:15.459+0000] {processor.py:830} INFO - Processing file /opt/airflow/dags/dag_py_op.py for tasks to queue
[2024-03-05T22:36:15.461+0000] {logging_mixin.py:188} INFO - [2024-03-05T22:36:15.460+0000] {dagbag.py:540} INFO - Filling up the DagBag from /opt/airflow/dags/dag_py_op.py
[2024-03-05T22:36:15.475+0000] {processor.py:840} INFO - DAG(s) 'dag_py_op_v7' retrieved from /opt/airflow/dags/dag_py_op.py
[2024-03-05T22:36:15.495+0000] {logging_mixin.py:188} INFO - [2024-03-05T22:36:15.495+0000] {dag.py:3047} INFO - Sync 1 DAGs
[2024-03-05T22:36:15.510+0000] {logging_mixin.py:188} INFO - [2024-03-05T22:36:15.509+0000] {dag.py:3834} INFO - Setting next_dagrun for dag_py_op_v7 to 2024-03-05 00:00:00+00:00, run_after=2024-03-06 00:00:00+00:00
[2024-03-05T22:36:15.521+0000] {processor.py:183} INFO - Processing /opt/airflow/dags/dag_py_op.py took 0.068 seconds
[2024-03-05T23:01:23.729+0000] {processor.py:161} INFO - Started process (PID=3695) to work on /opt/airflow/dags/dag_py_op.py
[2024-03-05T23:01:23.732+0000] {processor.py:830} INFO - Processing file /opt/airflow/dags/dag_py_op.py for tasks to queue
[2024-03-05T23:01:23.735+0000] {logging_mixin.py:188} INFO - [2024-03-05T23:01:23.734+0000] {dagbag.py:540} INFO - Filling up the DagBag from /opt/airflow/dags/dag_py_op.py
[2024-03-05T23:01:23.752+0000] {processor.py:840} INFO - DAG(s) 'dag_py_op_v7' retrieved from /opt/airflow/dags/dag_py_op.py
[2024-03-05T23:01:23.790+0000] {logging_mixin.py:188} INFO - [2024-03-05T23:01:23.790+0000] {dag.py:3047} INFO - Sync 1 DAGs
[2024-03-05T23:01:23.824+0000] {logging_mixin.py:188} INFO - [2024-03-05T23:01:23.823+0000] {dag.py:3834} INFO - Setting next_dagrun for dag_py_op_v7 to 2024-03-05 00:00:00+00:00, run_after=2024-03-06 00:00:00+00:00
[2024-03-05T23:01:23.853+0000] {processor.py:183} INFO - Processing /opt/airflow/dags/dag_py_op.py took 0.136 seconds
[2024-03-05T23:51:10.880+0000] {processor.py:161} INFO - Started process (PID=3711) to work on /opt/airflow/dags/dag_py_op.py
[2024-03-05T23:51:10.883+0000] {processor.py:830} INFO - Processing file /opt/airflow/dags/dag_py_op.py for tasks to queue
[2024-03-05T23:51:10.886+0000] {logging_mixin.py:188} INFO - [2024-03-05T23:51:10.885+0000] {dagbag.py:540} INFO - Filling up the DagBag from /opt/airflow/dags/dag_py_op.py
[2024-03-05T23:51:10.912+0000] {processor.py:840} INFO - DAG(s) 'dag_py_op_v7' retrieved from /opt/airflow/dags/dag_py_op.py
[2024-03-05T23:51:10.969+0000] {logging_mixin.py:188} INFO - [2024-03-05T23:51:10.968+0000] {dag.py:3047} INFO - Sync 1 DAGs
[2024-03-05T23:51:11.001+0000] {logging_mixin.py:188} INFO - [2024-03-05T23:51:11.001+0000] {dag.py:3834} INFO - Setting next_dagrun for dag_py_op_v7 to 2024-03-05 00:00:00+00:00, run_after=2024-03-06 00:00:00+00:00
[2024-03-05T23:51:11.026+0000] {processor.py:183} INFO - Processing /opt/airflow/dags/dag_py_op.py took 0.154 seconds
[2024-03-05T23:51:41.279+0000] {processor.py:161} INFO - Started process (PID=3727) to work on /opt/airflow/dags/dag_py_op.py
[2024-03-05T23:51:41.280+0000] {processor.py:830} INFO - Processing file /opt/airflow/dags/dag_py_op.py for tasks to queue
[2024-03-05T23:51:41.281+0000] {logging_mixin.py:188} INFO - [2024-03-05T23:51:41.281+0000] {dagbag.py:540} INFO - Filling up the DagBag from /opt/airflow/dags/dag_py_op.py
[2024-03-05T23:51:41.293+0000] {processor.py:840} INFO - DAG(s) 'dag_py_op_v7' retrieved from /opt/airflow/dags/dag_py_op.py
[2024-03-05T23:51:41.312+0000] {logging_mixin.py:188} INFO - [2024-03-05T23:51:41.312+0000] {dag.py:3047} INFO - Sync 1 DAGs
[2024-03-05T23:51:41.327+0000] {logging_mixin.py:188} INFO - [2024-03-05T23:51:41.327+0000] {dag.py:3834} INFO - Setting next_dagrun for dag_py_op_v7 to 2024-03-05 00:00:00+00:00, run_after=2024-03-06 00:00:00+00:00
[2024-03-05T23:51:41.338+0000] {processor.py:183} INFO - Processing /opt/airflow/dags/dag_py_op.py took 0.064 seconds
